ARM GAS  C:\Users\ASUS\AppData\Local\Temp\ccD4beEz.s 			page 1


   1              		.cpu cortex-m3
   2              		.eabi_attribute 20, 1
   3              		.eabi_attribute 21, 1
   4              		.eabi_attribute 23, 3
   5              		.eabi_attribute 24, 1
   6              		.eabi_attribute 25, 1
   7              		.eabi_attribute 26, 1
   8              		.eabi_attribute 30, 1
   9              		.eabi_attribute 34, 1
  10              		.eabi_attribute 18, 4
  11              		.file	"stm32f1xx_hal_rtc_ex.c"
  12              		.text
  13              	.Ltext0:
  14              		.cfi_sections	.debug_frame
  15              		.section	.text.HAL_RTCEx_SetTamper,"ax",%progbits
  16              		.align	1
  17              		.global	HAL_RTCEx_SetTamper
  18              		.syntax unified
  19              		.thumb
  20              		.thumb_func
  21              		.fpu softvfp
  23              	HAL_RTCEx_SetTamper:
  24              	.LFB65:
  25              		.file 1 "Drivers/STM32F1xx_HAL_Driver/Src/stm32f1xx_hal_rtc_ex.c"
   1:Drivers/STM32F1xx_HAL_Driver/Src/stm32f1xx_hal_rtc_ex.c **** /**
   2:Drivers/STM32F1xx_HAL_Driver/Src/stm32f1xx_hal_rtc_ex.c ****   ******************************************************************************
   3:Drivers/STM32F1xx_HAL_Driver/Src/stm32f1xx_hal_rtc_ex.c ****   * @file    stm32f1xx_hal_rtc_ex.c
   4:Drivers/STM32F1xx_HAL_Driver/Src/stm32f1xx_hal_rtc_ex.c ****   * @author  MCD Application Team
   5:Drivers/STM32F1xx_HAL_Driver/Src/stm32f1xx_hal_rtc_ex.c ****   * @brief   Extended RTC HAL module driver.
   6:Drivers/STM32F1xx_HAL_Driver/Src/stm32f1xx_hal_rtc_ex.c ****   *          This file provides firmware functions to manage the following
   7:Drivers/STM32F1xx_HAL_Driver/Src/stm32f1xx_hal_rtc_ex.c ****   *          functionalities of the Real Time Clock (RTC) Extension peripheral:
   8:Drivers/STM32F1xx_HAL_Driver/Src/stm32f1xx_hal_rtc_ex.c ****   *           + RTC Tamper functions
   9:Drivers/STM32F1xx_HAL_Driver/Src/stm32f1xx_hal_rtc_ex.c ****   *           + Extension Control functions
  10:Drivers/STM32F1xx_HAL_Driver/Src/stm32f1xx_hal_rtc_ex.c ****   *           + Extension RTC features functions
  11:Drivers/STM32F1xx_HAL_Driver/Src/stm32f1xx_hal_rtc_ex.c ****   *
  12:Drivers/STM32F1xx_HAL_Driver/Src/stm32f1xx_hal_rtc_ex.c ****   ******************************************************************************
  13:Drivers/STM32F1xx_HAL_Driver/Src/stm32f1xx_hal_rtc_ex.c ****   * @attention
  14:Drivers/STM32F1xx_HAL_Driver/Src/stm32f1xx_hal_rtc_ex.c ****   *
  15:Drivers/STM32F1xx_HAL_Driver/Src/stm32f1xx_hal_rtc_ex.c ****   * Copyright (c) 2016 STMicroelectronics.
  16:Drivers/STM32F1xx_HAL_Driver/Src/stm32f1xx_hal_rtc_ex.c ****   * All rights reserved.
  17:Drivers/STM32F1xx_HAL_Driver/Src/stm32f1xx_hal_rtc_ex.c ****   *
  18:Drivers/STM32F1xx_HAL_Driver/Src/stm32f1xx_hal_rtc_ex.c ****   * This software is licensed under terms that can be found in the LICENSE file
  19:Drivers/STM32F1xx_HAL_Driver/Src/stm32f1xx_hal_rtc_ex.c ****   * in the root directory of this software component.
  20:Drivers/STM32F1xx_HAL_Driver/Src/stm32f1xx_hal_rtc_ex.c ****   * If no LICENSE file comes with this software, it is provided AS-IS.
  21:Drivers/STM32F1xx_HAL_Driver/Src/stm32f1xx_hal_rtc_ex.c ****   *
  22:Drivers/STM32F1xx_HAL_Driver/Src/stm32f1xx_hal_rtc_ex.c ****   ******************************************************************************
  23:Drivers/STM32F1xx_HAL_Driver/Src/stm32f1xx_hal_rtc_ex.c ****   */
  24:Drivers/STM32F1xx_HAL_Driver/Src/stm32f1xx_hal_rtc_ex.c **** 
  25:Drivers/STM32F1xx_HAL_Driver/Src/stm32f1xx_hal_rtc_ex.c **** /* Includes ------------------------------------------------------------------*/
  26:Drivers/STM32F1xx_HAL_Driver/Src/stm32f1xx_hal_rtc_ex.c **** #include "stm32f1xx_hal.h"
  27:Drivers/STM32F1xx_HAL_Driver/Src/stm32f1xx_hal_rtc_ex.c **** 
  28:Drivers/STM32F1xx_HAL_Driver/Src/stm32f1xx_hal_rtc_ex.c **** /** @addtogroup STM32F1xx_HAL_Driver
  29:Drivers/STM32F1xx_HAL_Driver/Src/stm32f1xx_hal_rtc_ex.c ****   * @{
  30:Drivers/STM32F1xx_HAL_Driver/Src/stm32f1xx_hal_rtc_ex.c ****   */
  31:Drivers/STM32F1xx_HAL_Driver/Src/stm32f1xx_hal_rtc_ex.c **** 
  32:Drivers/STM32F1xx_HAL_Driver/Src/stm32f1xx_hal_rtc_ex.c **** #ifdef HAL_RTC_MODULE_ENABLED
  33:Drivers/STM32F1xx_HAL_Driver/Src/stm32f1xx_hal_rtc_ex.c **** 
ARM GAS  C:\Users\ASUS\AppData\Local\Temp\ccD4beEz.s 			page 2


  34:Drivers/STM32F1xx_HAL_Driver/Src/stm32f1xx_hal_rtc_ex.c **** /** @defgroup RTCEx RTCEx
  35:Drivers/STM32F1xx_HAL_Driver/Src/stm32f1xx_hal_rtc_ex.c ****   * @brief RTC Extended HAL module driver
  36:Drivers/STM32F1xx_HAL_Driver/Src/stm32f1xx_hal_rtc_ex.c ****   * @{
  37:Drivers/STM32F1xx_HAL_Driver/Src/stm32f1xx_hal_rtc_ex.c ****   */
  38:Drivers/STM32F1xx_HAL_Driver/Src/stm32f1xx_hal_rtc_ex.c **** 
  39:Drivers/STM32F1xx_HAL_Driver/Src/stm32f1xx_hal_rtc_ex.c **** /* Private typedef -----------------------------------------------------------*/
  40:Drivers/STM32F1xx_HAL_Driver/Src/stm32f1xx_hal_rtc_ex.c **** /* Private define ------------------------------------------------------------*/
  41:Drivers/STM32F1xx_HAL_Driver/Src/stm32f1xx_hal_rtc_ex.c **** /* Private macro -------------------------------------------------------------*/
  42:Drivers/STM32F1xx_HAL_Driver/Src/stm32f1xx_hal_rtc_ex.c **** /** @defgroup RTCEx_Private_Macros RTCEx Private Macros
  43:Drivers/STM32F1xx_HAL_Driver/Src/stm32f1xx_hal_rtc_ex.c ****   * @{
  44:Drivers/STM32F1xx_HAL_Driver/Src/stm32f1xx_hal_rtc_ex.c ****   */
  45:Drivers/STM32F1xx_HAL_Driver/Src/stm32f1xx_hal_rtc_ex.c **** /**
  46:Drivers/STM32F1xx_HAL_Driver/Src/stm32f1xx_hal_rtc_ex.c ****   * @}
  47:Drivers/STM32F1xx_HAL_Driver/Src/stm32f1xx_hal_rtc_ex.c ****   */
  48:Drivers/STM32F1xx_HAL_Driver/Src/stm32f1xx_hal_rtc_ex.c **** 
  49:Drivers/STM32F1xx_HAL_Driver/Src/stm32f1xx_hal_rtc_ex.c **** /* Private variables ---------------------------------------------------------*/
  50:Drivers/STM32F1xx_HAL_Driver/Src/stm32f1xx_hal_rtc_ex.c **** /* Private function prototypes -----------------------------------------------*/
  51:Drivers/STM32F1xx_HAL_Driver/Src/stm32f1xx_hal_rtc_ex.c **** /* Private functions ---------------------------------------------------------*/
  52:Drivers/STM32F1xx_HAL_Driver/Src/stm32f1xx_hal_rtc_ex.c **** 
  53:Drivers/STM32F1xx_HAL_Driver/Src/stm32f1xx_hal_rtc_ex.c **** /** @defgroup RTCEx_Exported_Functions RTCEx Exported Functions
  54:Drivers/STM32F1xx_HAL_Driver/Src/stm32f1xx_hal_rtc_ex.c ****   * @{
  55:Drivers/STM32F1xx_HAL_Driver/Src/stm32f1xx_hal_rtc_ex.c ****   */
  56:Drivers/STM32F1xx_HAL_Driver/Src/stm32f1xx_hal_rtc_ex.c **** 
  57:Drivers/STM32F1xx_HAL_Driver/Src/stm32f1xx_hal_rtc_ex.c **** /** @defgroup RTCEx_Exported_Functions_Group1 RTC Tamper functions
  58:Drivers/STM32F1xx_HAL_Driver/Src/stm32f1xx_hal_rtc_ex.c ****   * @brief    RTC Tamper functions
  59:Drivers/STM32F1xx_HAL_Driver/Src/stm32f1xx_hal_rtc_ex.c ****   *
  60:Drivers/STM32F1xx_HAL_Driver/Src/stm32f1xx_hal_rtc_ex.c **** @verbatim
  61:Drivers/STM32F1xx_HAL_Driver/Src/stm32f1xx_hal_rtc_ex.c ****  ===============================================================================
  62:Drivers/STM32F1xx_HAL_Driver/Src/stm32f1xx_hal_rtc_ex.c ****                  ##### RTC Tamper functions #####
  63:Drivers/STM32F1xx_HAL_Driver/Src/stm32f1xx_hal_rtc_ex.c ****  ===============================================================================
  64:Drivers/STM32F1xx_HAL_Driver/Src/stm32f1xx_hal_rtc_ex.c **** 
  65:Drivers/STM32F1xx_HAL_Driver/Src/stm32f1xx_hal_rtc_ex.c ****  [..] This section provides functions allowing to configure Tamper feature
  66:Drivers/STM32F1xx_HAL_Driver/Src/stm32f1xx_hal_rtc_ex.c **** 
  67:Drivers/STM32F1xx_HAL_Driver/Src/stm32f1xx_hal_rtc_ex.c **** @endverbatim
  68:Drivers/STM32F1xx_HAL_Driver/Src/stm32f1xx_hal_rtc_ex.c ****   * @{
  69:Drivers/STM32F1xx_HAL_Driver/Src/stm32f1xx_hal_rtc_ex.c ****   */
  70:Drivers/STM32F1xx_HAL_Driver/Src/stm32f1xx_hal_rtc_ex.c **** 
  71:Drivers/STM32F1xx_HAL_Driver/Src/stm32f1xx_hal_rtc_ex.c **** /**
  72:Drivers/STM32F1xx_HAL_Driver/Src/stm32f1xx_hal_rtc_ex.c ****   * @brief  Sets Tamper
  73:Drivers/STM32F1xx_HAL_Driver/Src/stm32f1xx_hal_rtc_ex.c ****   * @note   By calling this API we disable the tamper interrupt for all tampers.
  74:Drivers/STM32F1xx_HAL_Driver/Src/stm32f1xx_hal_rtc_ex.c ****   * @param  hrtc: pointer to a RTC_HandleTypeDef structure that contains
  75:Drivers/STM32F1xx_HAL_Driver/Src/stm32f1xx_hal_rtc_ex.c ****   *                the configuration information for RTC.
  76:Drivers/STM32F1xx_HAL_Driver/Src/stm32f1xx_hal_rtc_ex.c ****   * @param  sTamper: Pointer to Tamper Structure.
  77:Drivers/STM32F1xx_HAL_Driver/Src/stm32f1xx_hal_rtc_ex.c ****   * @note   Tamper can be enabled only if ASOE and CCO bit are reset
  78:Drivers/STM32F1xx_HAL_Driver/Src/stm32f1xx_hal_rtc_ex.c ****   * @retval HAL status
  79:Drivers/STM32F1xx_HAL_Driver/Src/stm32f1xx_hal_rtc_ex.c ****   */
  80:Drivers/STM32F1xx_HAL_Driver/Src/stm32f1xx_hal_rtc_ex.c **** HAL_StatusTypeDef HAL_RTCEx_SetTamper(RTC_HandleTypeDef *hrtc, RTC_TamperTypeDef *sTamper)
  81:Drivers/STM32F1xx_HAL_Driver/Src/stm32f1xx_hal_rtc_ex.c **** {
  26              		.loc 1 81 0
  27              		.cfi_startproc
  28              		@ args = 0, pretend = 0, frame = 0
  29              		@ frame_needed = 0, uses_anonymous_args = 0
  30              		@ link register save eliminated.
  31              	.LVL0:
  82:Drivers/STM32F1xx_HAL_Driver/Src/stm32f1xx_hal_rtc_ex.c ****   /* Check input parameters */
  83:Drivers/STM32F1xx_HAL_Driver/Src/stm32f1xx_hal_rtc_ex.c ****   if ((hrtc == NULL) || (sTamper == NULL))
  32              		.loc 1 83 0
ARM GAS  C:\Users\ASUS\AppData\Local\Temp\ccD4beEz.s 			page 3


  33 0000 18B3     		cbz	r0, .L4
  34 0002 0346     		mov	r3, r0
  35              		.loc 1 83 0 is_stmt 0 discriminator 1
  36 0004 19B3     		cbz	r1, .L5
  84:Drivers/STM32F1xx_HAL_Driver/Src/stm32f1xx_hal_rtc_ex.c ****   {
  85:Drivers/STM32F1xx_HAL_Driver/Src/stm32f1xx_hal_rtc_ex.c ****     return HAL_ERROR;
  86:Drivers/STM32F1xx_HAL_Driver/Src/stm32f1xx_hal_rtc_ex.c ****   }
  87:Drivers/STM32F1xx_HAL_Driver/Src/stm32f1xx_hal_rtc_ex.c **** 
  88:Drivers/STM32F1xx_HAL_Driver/Src/stm32f1xx_hal_rtc_ex.c ****   /* Check the parameters */
  89:Drivers/STM32F1xx_HAL_Driver/Src/stm32f1xx_hal_rtc_ex.c ****   assert_param(IS_RTC_TAMPER(sTamper->Tamper));
  90:Drivers/STM32F1xx_HAL_Driver/Src/stm32f1xx_hal_rtc_ex.c ****   assert_param(IS_RTC_TAMPER_TRIGGER(sTamper->Trigger));
  91:Drivers/STM32F1xx_HAL_Driver/Src/stm32f1xx_hal_rtc_ex.c **** 
  92:Drivers/STM32F1xx_HAL_Driver/Src/stm32f1xx_hal_rtc_ex.c ****   /* Process Locked */
  93:Drivers/STM32F1xx_HAL_Driver/Src/stm32f1xx_hal_rtc_ex.c ****   __HAL_LOCK(hrtc);
  37              		.loc 1 93 0 is_stmt 1
  38 0006 027C     		ldrb	r2, [r0, #16]	@ zero_extendqisi2
  39 0008 012A     		cmp	r2, #1
  40 000a 22D0     		beq	.L6
  41              		.loc 1 93 0 is_stmt 0 discriminator 2
  42 000c 0122     		movs	r2, #1
  43 000e 0274     		strb	r2, [r0, #16]
  94:Drivers/STM32F1xx_HAL_Driver/Src/stm32f1xx_hal_rtc_ex.c **** 
  95:Drivers/STM32F1xx_HAL_Driver/Src/stm32f1xx_hal_rtc_ex.c ****   hrtc->State = HAL_RTC_STATE_BUSY;
  44              		.loc 1 95 0 is_stmt 1 discriminator 2
  45 0010 0222     		movs	r2, #2
  46 0012 4274     		strb	r2, [r0, #17]
  96:Drivers/STM32F1xx_HAL_Driver/Src/stm32f1xx_hal_rtc_ex.c **** 
  97:Drivers/STM32F1xx_HAL_Driver/Src/stm32f1xx_hal_rtc_ex.c ****   if (HAL_IS_BIT_SET(BKP->RTCCR, (BKP_RTCCR_CCO | BKP_RTCCR_ASOE)))
  47              		.loc 1 97 0 discriminator 2
  48 0014 104A     		ldr	r2, .L11
  49 0016 D26A     		ldr	r2, [r2, #44]
  50 0018 12F4C07F 		tst	r2, #384
  51 001c 0FD1     		bne	.L10
  81:Drivers/STM32F1xx_HAL_Driver/Src/stm32f1xx_hal_rtc_ex.c ****   /* Check input parameters */
  52              		.loc 1 81 0
  53 001e 10B4     		push	{r4}
  54              	.LCFI0:
  55              		.cfi_def_cfa_offset 4
  56              		.cfi_offset 4, -4
  98:Drivers/STM32F1xx_HAL_Driver/Src/stm32f1xx_hal_rtc_ex.c ****   {
  99:Drivers/STM32F1xx_HAL_Driver/Src/stm32f1xx_hal_rtc_ex.c ****     hrtc->State = HAL_RTC_STATE_ERROR;
 100:Drivers/STM32F1xx_HAL_Driver/Src/stm32f1xx_hal_rtc_ex.c **** 
 101:Drivers/STM32F1xx_HAL_Driver/Src/stm32f1xx_hal_rtc_ex.c ****     /* Process Unlocked */
 102:Drivers/STM32F1xx_HAL_Driver/Src/stm32f1xx_hal_rtc_ex.c ****     __HAL_UNLOCK(hrtc);
 103:Drivers/STM32F1xx_HAL_Driver/Src/stm32f1xx_hal_rtc_ex.c **** 
 104:Drivers/STM32F1xx_HAL_Driver/Src/stm32f1xx_hal_rtc_ex.c ****     return HAL_ERROR;
 105:Drivers/STM32F1xx_HAL_Driver/Src/stm32f1xx_hal_rtc_ex.c ****   }
 106:Drivers/STM32F1xx_HAL_Driver/Src/stm32f1xx_hal_rtc_ex.c **** 
 107:Drivers/STM32F1xx_HAL_Driver/Src/stm32f1xx_hal_rtc_ex.c ****   MODIFY_REG(BKP->CR, (BKP_CR_TPE | BKP_CR_TPAL), (sTamper->Tamper | (sTamper->Trigger)));
  57              		.loc 1 107 0
  58 0020 0D4C     		ldr	r4, .L11
  59 0022 226B     		ldr	r2, [r4, #48]
  60 0024 22F00302 		bic	r2, r2, #3
  61 0028 0868     		ldr	r0, [r1]
  62              	.LVL1:
  63 002a 4968     		ldr	r1, [r1, #4]
  64              	.LVL2:
ARM GAS  C:\Users\ASUS\AppData\Local\Temp\ccD4beEz.s 			page 4


  65 002c 0143     		orrs	r1, r1, r0
  66 002e 0A43     		orrs	r2, r2, r1
  67 0030 2263     		str	r2, [r4, #48]
 108:Drivers/STM32F1xx_HAL_Driver/Src/stm32f1xx_hal_rtc_ex.c **** 
 109:Drivers/STM32F1xx_HAL_Driver/Src/stm32f1xx_hal_rtc_ex.c ****   hrtc->State = HAL_RTC_STATE_READY;
  68              		.loc 1 109 0
  69 0032 0122     		movs	r2, #1
  70 0034 5A74     		strb	r2, [r3, #17]
 110:Drivers/STM32F1xx_HAL_Driver/Src/stm32f1xx_hal_rtc_ex.c **** 
 111:Drivers/STM32F1xx_HAL_Driver/Src/stm32f1xx_hal_rtc_ex.c ****   /* Process Unlocked */
 112:Drivers/STM32F1xx_HAL_Driver/Src/stm32f1xx_hal_rtc_ex.c ****   __HAL_UNLOCK(hrtc);
  71              		.loc 1 112 0
  72 0036 0020     		movs	r0, #0
  73 0038 1874     		strb	r0, [r3, #16]
 113:Drivers/STM32F1xx_HAL_Driver/Src/stm32f1xx_hal_rtc_ex.c **** 
 114:Drivers/STM32F1xx_HAL_Driver/Src/stm32f1xx_hal_rtc_ex.c ****   return HAL_OK;
 115:Drivers/STM32F1xx_HAL_Driver/Src/stm32f1xx_hal_rtc_ex.c **** }
  74              		.loc 1 115 0
  75 003a 10BC     		pop	{r4}
  76              	.LCFI1:
  77              		.cfi_restore 4
  78              		.cfi_def_cfa_offset 0
  79 003c 7047     		bx	lr
  80              	.LVL3:
  81              	.L10:
  99:Drivers/STM32F1xx_HAL_Driver/Src/stm32f1xx_hal_rtc_ex.c **** 
  82              		.loc 1 99 0
  83 003e 0422     		movs	r2, #4
  84 0040 4274     		strb	r2, [r0, #17]
 102:Drivers/STM32F1xx_HAL_Driver/Src/stm32f1xx_hal_rtc_ex.c **** 
  85              		.loc 1 102 0
  86 0042 0022     		movs	r2, #0
  87 0044 0274     		strb	r2, [r0, #16]
 104:Drivers/STM32F1xx_HAL_Driver/Src/stm32f1xx_hal_rtc_ex.c ****   }
  88              		.loc 1 104 0
  89 0046 0120     		movs	r0, #1
  90              	.LVL4:
  91 0048 7047     		bx	lr
  92              	.LVL5:
  93              	.L4:
  85:Drivers/STM32F1xx_HAL_Driver/Src/stm32f1xx_hal_rtc_ex.c ****   }
  94              		.loc 1 85 0
  95 004a 0120     		movs	r0, #1
  96              	.LVL6:
  97 004c 7047     		bx	lr
  98              	.LVL7:
  99              	.L5:
 100 004e 0120     		movs	r0, #1
 101              	.LVL8:
 102 0050 7047     		bx	lr
 103              	.LVL9:
 104              	.L6:
  93:Drivers/STM32F1xx_HAL_Driver/Src/stm32f1xx_hal_rtc_ex.c **** 
 105              		.loc 1 93 0
 106 0052 0220     		movs	r0, #2
 107              	.LVL10:
 108              		.loc 1 115 0
ARM GAS  C:\Users\ASUS\AppData\Local\Temp\ccD4beEz.s 			page 5


 109 0054 7047     		bx	lr
 110              	.L12:
 111 0056 00BF     		.align	2
 112              	.L11:
 113 0058 006C0040 		.word	1073769472
 114              		.cfi_endproc
 115              	.LFE65:
 117              		.section	.text.HAL_RTCEx_SetTamper_IT,"ax",%progbits
 118              		.align	1
 119              		.global	HAL_RTCEx_SetTamper_IT
 120              		.syntax unified
 121              		.thumb
 122              		.thumb_func
 123              		.fpu softvfp
 125              	HAL_RTCEx_SetTamper_IT:
 126              	.LFB66:
 116:Drivers/STM32F1xx_HAL_Driver/Src/stm32f1xx_hal_rtc_ex.c **** 
 117:Drivers/STM32F1xx_HAL_Driver/Src/stm32f1xx_hal_rtc_ex.c **** /**
 118:Drivers/STM32F1xx_HAL_Driver/Src/stm32f1xx_hal_rtc_ex.c ****   * @brief  Sets Tamper with interrupt.
 119:Drivers/STM32F1xx_HAL_Driver/Src/stm32f1xx_hal_rtc_ex.c ****   * @note   By calling this API we force the tamper interrupt for all tampers.
 120:Drivers/STM32F1xx_HAL_Driver/Src/stm32f1xx_hal_rtc_ex.c ****   * @param  hrtc: pointer to a RTC_HandleTypeDef structure that contains
 121:Drivers/STM32F1xx_HAL_Driver/Src/stm32f1xx_hal_rtc_ex.c ****   *                the configuration information for RTC.
 122:Drivers/STM32F1xx_HAL_Driver/Src/stm32f1xx_hal_rtc_ex.c ****   * @param  sTamper: Pointer to RTC Tamper.
 123:Drivers/STM32F1xx_HAL_Driver/Src/stm32f1xx_hal_rtc_ex.c ****   * @note   Tamper can be enabled only if ASOE and CCO bit are reset
 124:Drivers/STM32F1xx_HAL_Driver/Src/stm32f1xx_hal_rtc_ex.c ****   * @retval HAL status
 125:Drivers/STM32F1xx_HAL_Driver/Src/stm32f1xx_hal_rtc_ex.c ****   */
 126:Drivers/STM32F1xx_HAL_Driver/Src/stm32f1xx_hal_rtc_ex.c **** HAL_StatusTypeDef HAL_RTCEx_SetTamper_IT(RTC_HandleTypeDef *hrtc, RTC_TamperTypeDef *sTamper)
 127:Drivers/STM32F1xx_HAL_Driver/Src/stm32f1xx_hal_rtc_ex.c **** {
 127              		.loc 1 127 0
 128              		.cfi_startproc
 129              		@ args = 0, pretend = 0, frame = 0
 130              		@ frame_needed = 0, uses_anonymous_args = 0
 131              		@ link register save eliminated.
 132              	.LVL11:
 128:Drivers/STM32F1xx_HAL_Driver/Src/stm32f1xx_hal_rtc_ex.c ****   /* Check input parameters */
 129:Drivers/STM32F1xx_HAL_Driver/Src/stm32f1xx_hal_rtc_ex.c ****   if ((hrtc == NULL) || (sTamper == NULL))
 133              		.loc 1 129 0
 134 0000 38B3     		cbz	r0, .L16
 135 0002 0346     		mov	r3, r0
 136              		.loc 1 129 0 is_stmt 0 discriminator 1
 137 0004 39B3     		cbz	r1, .L17
 130:Drivers/STM32F1xx_HAL_Driver/Src/stm32f1xx_hal_rtc_ex.c ****   {
 131:Drivers/STM32F1xx_HAL_Driver/Src/stm32f1xx_hal_rtc_ex.c ****     return HAL_ERROR;
 132:Drivers/STM32F1xx_HAL_Driver/Src/stm32f1xx_hal_rtc_ex.c ****   }
 133:Drivers/STM32F1xx_HAL_Driver/Src/stm32f1xx_hal_rtc_ex.c **** 
 134:Drivers/STM32F1xx_HAL_Driver/Src/stm32f1xx_hal_rtc_ex.c ****   /* Check the parameters */
 135:Drivers/STM32F1xx_HAL_Driver/Src/stm32f1xx_hal_rtc_ex.c ****   assert_param(IS_RTC_TAMPER(sTamper->Tamper));
 136:Drivers/STM32F1xx_HAL_Driver/Src/stm32f1xx_hal_rtc_ex.c ****   assert_param(IS_RTC_TAMPER_TRIGGER(sTamper->Trigger));
 137:Drivers/STM32F1xx_HAL_Driver/Src/stm32f1xx_hal_rtc_ex.c **** 
 138:Drivers/STM32F1xx_HAL_Driver/Src/stm32f1xx_hal_rtc_ex.c ****   /* Process Locked */
 139:Drivers/STM32F1xx_HAL_Driver/Src/stm32f1xx_hal_rtc_ex.c ****   __HAL_LOCK(hrtc);
 138              		.loc 1 139 0 is_stmt 1
 139 0006 027C     		ldrb	r2, [r0, #16]	@ zero_extendqisi2
 140 0008 012A     		cmp	r2, #1
 141 000a 26D0     		beq	.L18
 142              		.loc 1 139 0 is_stmt 0 discriminator 2
 143 000c 0122     		movs	r2, #1
ARM GAS  C:\Users\ASUS\AppData\Local\Temp\ccD4beEz.s 			page 6


 144 000e 0274     		strb	r2, [r0, #16]
 140:Drivers/STM32F1xx_HAL_Driver/Src/stm32f1xx_hal_rtc_ex.c **** 
 141:Drivers/STM32F1xx_HAL_Driver/Src/stm32f1xx_hal_rtc_ex.c ****   hrtc->State = HAL_RTC_STATE_BUSY;
 145              		.loc 1 141 0 is_stmt 1 discriminator 2
 146 0010 0222     		movs	r2, #2
 147 0012 4274     		strb	r2, [r0, #17]
 142:Drivers/STM32F1xx_HAL_Driver/Src/stm32f1xx_hal_rtc_ex.c **** 
 143:Drivers/STM32F1xx_HAL_Driver/Src/stm32f1xx_hal_rtc_ex.c ****   if (HAL_IS_BIT_SET(BKP->RTCCR, (BKP_RTCCR_CCO | BKP_RTCCR_ASOE)))
 148              		.loc 1 143 0 discriminator 2
 149 0014 124A     		ldr	r2, .L23
 150 0016 D26A     		ldr	r2, [r2, #44]
 151 0018 12F4C07F 		tst	r2, #384
 152 001c 13D1     		bne	.L22
 127:Drivers/STM32F1xx_HAL_Driver/Src/stm32f1xx_hal_rtc_ex.c ****   /* Check input parameters */
 153              		.loc 1 127 0
 154 001e 10B4     		push	{r4}
 155              	.LCFI2:
 156              		.cfi_def_cfa_offset 4
 157              		.cfi_offset 4, -4
 144:Drivers/STM32F1xx_HAL_Driver/Src/stm32f1xx_hal_rtc_ex.c ****   {
 145:Drivers/STM32F1xx_HAL_Driver/Src/stm32f1xx_hal_rtc_ex.c ****     hrtc->State = HAL_RTC_STATE_ERROR;
 146:Drivers/STM32F1xx_HAL_Driver/Src/stm32f1xx_hal_rtc_ex.c **** 
 147:Drivers/STM32F1xx_HAL_Driver/Src/stm32f1xx_hal_rtc_ex.c ****     /* Process Unlocked */
 148:Drivers/STM32F1xx_HAL_Driver/Src/stm32f1xx_hal_rtc_ex.c ****     __HAL_UNLOCK(hrtc);
 149:Drivers/STM32F1xx_HAL_Driver/Src/stm32f1xx_hal_rtc_ex.c **** 
 150:Drivers/STM32F1xx_HAL_Driver/Src/stm32f1xx_hal_rtc_ex.c ****     return HAL_ERROR;
 151:Drivers/STM32F1xx_HAL_Driver/Src/stm32f1xx_hal_rtc_ex.c ****   }
 152:Drivers/STM32F1xx_HAL_Driver/Src/stm32f1xx_hal_rtc_ex.c **** 
 153:Drivers/STM32F1xx_HAL_Driver/Src/stm32f1xx_hal_rtc_ex.c ****   MODIFY_REG(BKP->CR, (BKP_CR_TPE | BKP_CR_TPAL), (sTamper->Tamper | (sTamper->Trigger)));
 158              		.loc 1 153 0
 159 0020 0F48     		ldr	r0, .L23
 160              	.LVL12:
 161 0022 026B     		ldr	r2, [r0, #48]
 162 0024 22F00302 		bic	r2, r2, #3
 163 0028 0C68     		ldr	r4, [r1]
 164 002a 4968     		ldr	r1, [r1, #4]
 165              	.LVL13:
 166 002c 2143     		orrs	r1, r1, r4
 167 002e 0A43     		orrs	r2, r2, r1
 168 0030 0263     		str	r2, [r0, #48]
 154:Drivers/STM32F1xx_HAL_Driver/Src/stm32f1xx_hal_rtc_ex.c **** 
 155:Drivers/STM32F1xx_HAL_Driver/Src/stm32f1xx_hal_rtc_ex.c ****   /* Configure the Tamper Interrupt in the BKP->CSR */
 156:Drivers/STM32F1xx_HAL_Driver/Src/stm32f1xx_hal_rtc_ex.c ****   __HAL_RTC_TAMPER_ENABLE_IT(hrtc, RTC_IT_TAMP1);
 169              		.loc 1 156 0
 170 0032 426B     		ldr	r2, [r0, #52]
 171 0034 42F00402 		orr	r2, r2, #4
 172 0038 4263     		str	r2, [r0, #52]
 157:Drivers/STM32F1xx_HAL_Driver/Src/stm32f1xx_hal_rtc_ex.c **** 
 158:Drivers/STM32F1xx_HAL_Driver/Src/stm32f1xx_hal_rtc_ex.c ****   hrtc->State = HAL_RTC_STATE_READY;
 173              		.loc 1 158 0
 174 003a 0122     		movs	r2, #1
 175 003c 5A74     		strb	r2, [r3, #17]
 159:Drivers/STM32F1xx_HAL_Driver/Src/stm32f1xx_hal_rtc_ex.c **** 
 160:Drivers/STM32F1xx_HAL_Driver/Src/stm32f1xx_hal_rtc_ex.c ****   /* Process Unlocked */
 161:Drivers/STM32F1xx_HAL_Driver/Src/stm32f1xx_hal_rtc_ex.c ****   __HAL_UNLOCK(hrtc);
 176              		.loc 1 161 0
 177 003e 0020     		movs	r0, #0
ARM GAS  C:\Users\ASUS\AppData\Local\Temp\ccD4beEz.s 			page 7


 178 0040 1874     		strb	r0, [r3, #16]
 162:Drivers/STM32F1xx_HAL_Driver/Src/stm32f1xx_hal_rtc_ex.c **** 
 163:Drivers/STM32F1xx_HAL_Driver/Src/stm32f1xx_hal_rtc_ex.c ****   return HAL_OK;
 164:Drivers/STM32F1xx_HAL_Driver/Src/stm32f1xx_hal_rtc_ex.c **** }
 179              		.loc 1 164 0
 180 0042 10BC     		pop	{r4}
 181              	.LCFI3:
 182              		.cfi_restore 4
 183              		.cfi_def_cfa_offset 0
 184 0044 7047     		bx	lr
 185              	.LVL14:
 186              	.L22:
 145:Drivers/STM32F1xx_HAL_Driver/Src/stm32f1xx_hal_rtc_ex.c **** 
 187              		.loc 1 145 0
 188 0046 0422     		movs	r2, #4
 189 0048 4274     		strb	r2, [r0, #17]
 148:Drivers/STM32F1xx_HAL_Driver/Src/stm32f1xx_hal_rtc_ex.c **** 
 190              		.loc 1 148 0
 191 004a 0022     		movs	r2, #0
 192 004c 0274     		strb	r2, [r0, #16]
 150:Drivers/STM32F1xx_HAL_Driver/Src/stm32f1xx_hal_rtc_ex.c ****   }
 193              		.loc 1 150 0
 194 004e 0120     		movs	r0, #1
 195              	.LVL15:
 196 0050 7047     		bx	lr
 197              	.LVL16:
 198              	.L16:
 131:Drivers/STM32F1xx_HAL_Driver/Src/stm32f1xx_hal_rtc_ex.c ****   }
 199              		.loc 1 131 0
 200 0052 0120     		movs	r0, #1
 201              	.LVL17:
 202 0054 7047     		bx	lr
 203              	.LVL18:
 204              	.L17:
 205 0056 0120     		movs	r0, #1
 206              	.LVL19:
 207 0058 7047     		bx	lr
 208              	.LVL20:
 209              	.L18:
 139:Drivers/STM32F1xx_HAL_Driver/Src/stm32f1xx_hal_rtc_ex.c **** 
 210              		.loc 1 139 0
 211 005a 0220     		movs	r0, #2
 212              	.LVL21:
 213              		.loc 1 164 0
 214 005c 7047     		bx	lr
 215              	.L24:
 216 005e 00BF     		.align	2
 217              	.L23:
 218 0060 006C0040 		.word	1073769472
 219              		.cfi_endproc
 220              	.LFE66:
 222              		.section	.text.HAL_RTCEx_DeactivateTamper,"ax",%progbits
 223              		.align	1
 224              		.global	HAL_RTCEx_DeactivateTamper
 225              		.syntax unified
 226              		.thumb
 227              		.thumb_func
ARM GAS  C:\Users\ASUS\AppData\Local\Temp\ccD4beEz.s 			page 8


 228              		.fpu softvfp
 230              	HAL_RTCEx_DeactivateTamper:
 231              	.LFB67:
 165:Drivers/STM32F1xx_HAL_Driver/Src/stm32f1xx_hal_rtc_ex.c **** 
 166:Drivers/STM32F1xx_HAL_Driver/Src/stm32f1xx_hal_rtc_ex.c **** /**
 167:Drivers/STM32F1xx_HAL_Driver/Src/stm32f1xx_hal_rtc_ex.c ****   * @brief  Deactivates Tamper.
 168:Drivers/STM32F1xx_HAL_Driver/Src/stm32f1xx_hal_rtc_ex.c ****   * @param  hrtc: pointer to a RTC_HandleTypeDef structure that contains
 169:Drivers/STM32F1xx_HAL_Driver/Src/stm32f1xx_hal_rtc_ex.c ****   *                the configuration information for RTC.
 170:Drivers/STM32F1xx_HAL_Driver/Src/stm32f1xx_hal_rtc_ex.c ****   * @param  Tamper: Selected tamper pin.
 171:Drivers/STM32F1xx_HAL_Driver/Src/stm32f1xx_hal_rtc_ex.c ****   *          This parameter can be a value of @ref RTCEx_Tamper_Pins_Definitions
 172:Drivers/STM32F1xx_HAL_Driver/Src/stm32f1xx_hal_rtc_ex.c ****   * @retval HAL status
 173:Drivers/STM32F1xx_HAL_Driver/Src/stm32f1xx_hal_rtc_ex.c ****   */
 174:Drivers/STM32F1xx_HAL_Driver/Src/stm32f1xx_hal_rtc_ex.c **** HAL_StatusTypeDef HAL_RTCEx_DeactivateTamper(RTC_HandleTypeDef *hrtc, uint32_t Tamper)
 175:Drivers/STM32F1xx_HAL_Driver/Src/stm32f1xx_hal_rtc_ex.c **** {
 232              		.loc 1 175 0
 233              		.cfi_startproc
 234              		@ args = 0, pretend = 0, frame = 0
 235              		@ frame_needed = 0, uses_anonymous_args = 0
 236              		@ link register save eliminated.
 237              	.LVL22:
 176:Drivers/STM32F1xx_HAL_Driver/Src/stm32f1xx_hal_rtc_ex.c ****   /* Check input parameters */
 177:Drivers/STM32F1xx_HAL_Driver/Src/stm32f1xx_hal_rtc_ex.c ****   if (hrtc == NULL)
 238              		.loc 1 177 0
 239 0000 0246     		mov	r2, r0
 240 0002 D0B1     		cbz	r0, .L27
 178:Drivers/STM32F1xx_HAL_Driver/Src/stm32f1xx_hal_rtc_ex.c ****   {
 179:Drivers/STM32F1xx_HAL_Driver/Src/stm32f1xx_hal_rtc_ex.c ****     return HAL_ERROR;
 180:Drivers/STM32F1xx_HAL_Driver/Src/stm32f1xx_hal_rtc_ex.c ****   }
 181:Drivers/STM32F1xx_HAL_Driver/Src/stm32f1xx_hal_rtc_ex.c ****   /* Prevent unused argument(s) compilation warning */
 182:Drivers/STM32F1xx_HAL_Driver/Src/stm32f1xx_hal_rtc_ex.c ****   UNUSED(Tamper);
 183:Drivers/STM32F1xx_HAL_Driver/Src/stm32f1xx_hal_rtc_ex.c **** 
 184:Drivers/STM32F1xx_HAL_Driver/Src/stm32f1xx_hal_rtc_ex.c ****   assert_param(IS_RTC_TAMPER(Tamper));
 185:Drivers/STM32F1xx_HAL_Driver/Src/stm32f1xx_hal_rtc_ex.c **** 
 186:Drivers/STM32F1xx_HAL_Driver/Src/stm32f1xx_hal_rtc_ex.c ****   /* Process Locked */
 187:Drivers/STM32F1xx_HAL_Driver/Src/stm32f1xx_hal_rtc_ex.c ****   __HAL_LOCK(hrtc);
 241              		.loc 1 187 0
 242 0004 037C     		ldrb	r3, [r0, #16]	@ zero_extendqisi2
 243 0006 012B     		cmp	r3, #1
 244 0008 19D0     		beq	.L28
 245              		.loc 1 187 0 is_stmt 0 discriminator 2
 246 000a 0120     		movs	r0, #1
 247              	.LVL23:
 248 000c 1074     		strb	r0, [r2, #16]
 188:Drivers/STM32F1xx_HAL_Driver/Src/stm32f1xx_hal_rtc_ex.c **** 
 189:Drivers/STM32F1xx_HAL_Driver/Src/stm32f1xx_hal_rtc_ex.c ****   hrtc->State = HAL_RTC_STATE_BUSY;
 249              		.loc 1 189 0 is_stmt 1 discriminator 2
 250 000e 0223     		movs	r3, #2
 251 0010 5374     		strb	r3, [r2, #17]
 190:Drivers/STM32F1xx_HAL_Driver/Src/stm32f1xx_hal_rtc_ex.c **** 
 191:Drivers/STM32F1xx_HAL_Driver/Src/stm32f1xx_hal_rtc_ex.c ****   /* Disable the selected Tamper pin */
 192:Drivers/STM32F1xx_HAL_Driver/Src/stm32f1xx_hal_rtc_ex.c ****   CLEAR_BIT(BKP->CR, BKP_CR_TPE);
 252              		.loc 1 192 0 discriminator 2
 253 0012 0C4B     		ldr	r3, .L29
 254 0014 196B     		ldr	r1, [r3, #48]
 255              	.LVL24:
 256 0016 21F00101 		bic	r1, r1, #1
 257 001a 1963     		str	r1, [r3, #48]
ARM GAS  C:\Users\ASUS\AppData\Local\Temp\ccD4beEz.s 			page 9


 193:Drivers/STM32F1xx_HAL_Driver/Src/stm32f1xx_hal_rtc_ex.c **** 
 194:Drivers/STM32F1xx_HAL_Driver/Src/stm32f1xx_hal_rtc_ex.c ****   /* Disable the Tamper Interrupt in the BKP->CSR */
 195:Drivers/STM32F1xx_HAL_Driver/Src/stm32f1xx_hal_rtc_ex.c ****   /* Configure the Tamper Interrupt in the BKP->CSR */
 196:Drivers/STM32F1xx_HAL_Driver/Src/stm32f1xx_hal_rtc_ex.c ****   __HAL_RTC_TAMPER_DISABLE_IT(hrtc, RTC_IT_TAMP1);
 258              		.loc 1 196 0 discriminator 2
 259 001c 596B     		ldr	r1, [r3, #52]
 260 001e 21F00401 		bic	r1, r1, #4
 261 0022 5963     		str	r1, [r3, #52]
 197:Drivers/STM32F1xx_HAL_Driver/Src/stm32f1xx_hal_rtc_ex.c **** 
 198:Drivers/STM32F1xx_HAL_Driver/Src/stm32f1xx_hal_rtc_ex.c ****   /* Clear the Tamper interrupt pending bit */
 199:Drivers/STM32F1xx_HAL_Driver/Src/stm32f1xx_hal_rtc_ex.c ****   __HAL_RTC_TAMPER_CLEAR_FLAG(hrtc, RTC_FLAG_TAMP1F);
 262              		.loc 1 199 0 discriminator 2
 263 0024 596B     		ldr	r1, [r3, #52]
 264 0026 41F00301 		orr	r1, r1, #3
 265 002a 5963     		str	r1, [r3, #52]
 200:Drivers/STM32F1xx_HAL_Driver/Src/stm32f1xx_hal_rtc_ex.c ****   SET_BIT(BKP->CSR, BKP_CSR_CTE);
 266              		.loc 1 200 0 discriminator 2
 267 002c 596B     		ldr	r1, [r3, #52]
 268 002e 0143     		orrs	r1, r1, r0
 269 0030 5963     		str	r1, [r3, #52]
 201:Drivers/STM32F1xx_HAL_Driver/Src/stm32f1xx_hal_rtc_ex.c **** 
 202:Drivers/STM32F1xx_HAL_Driver/Src/stm32f1xx_hal_rtc_ex.c ****   hrtc->State = HAL_RTC_STATE_READY;
 270              		.loc 1 202 0 discriminator 2
 271 0032 5074     		strb	r0, [r2, #17]
 203:Drivers/STM32F1xx_HAL_Driver/Src/stm32f1xx_hal_rtc_ex.c **** 
 204:Drivers/STM32F1xx_HAL_Driver/Src/stm32f1xx_hal_rtc_ex.c ****   /* Process Unlocked */
 205:Drivers/STM32F1xx_HAL_Driver/Src/stm32f1xx_hal_rtc_ex.c ****   __HAL_UNLOCK(hrtc);
 272              		.loc 1 205 0 discriminator 2
 273 0034 0020     		movs	r0, #0
 274 0036 1074     		strb	r0, [r2, #16]
 206:Drivers/STM32F1xx_HAL_Driver/Src/stm32f1xx_hal_rtc_ex.c **** 
 207:Drivers/STM32F1xx_HAL_Driver/Src/stm32f1xx_hal_rtc_ex.c ****   return HAL_OK;
 275              		.loc 1 207 0 discriminator 2
 276 0038 7047     		bx	lr
 277              	.LVL25:
 278              	.L27:
 179:Drivers/STM32F1xx_HAL_Driver/Src/stm32f1xx_hal_rtc_ex.c ****   }
 279              		.loc 1 179 0
 280 003a 0120     		movs	r0, #1
 281              	.LVL26:
 282 003c 7047     		bx	lr
 283              	.LVL27:
 284              	.L28:
 187:Drivers/STM32F1xx_HAL_Driver/Src/stm32f1xx_hal_rtc_ex.c **** 
 285              		.loc 1 187 0
 286 003e 0220     		movs	r0, #2
 287              	.LVL28:
 208:Drivers/STM32F1xx_HAL_Driver/Src/stm32f1xx_hal_rtc_ex.c **** }
 288              		.loc 1 208 0
 289 0040 7047     		bx	lr
 290              	.L30:
 291 0042 00BF     		.align	2
 292              	.L29:
 293 0044 006C0040 		.word	1073769472
 294              		.cfi_endproc
 295              	.LFE67:
 297              		.section	.text.HAL_RTCEx_Tamper1EventCallback,"ax",%progbits
ARM GAS  C:\Users\ASUS\AppData\Local\Temp\ccD4beEz.s 			page 10


 298              		.align	1
 299              		.weak	HAL_RTCEx_Tamper1EventCallback
 300              		.syntax unified
 301              		.thumb
 302              		.thumb_func
 303              		.fpu softvfp
 305              	HAL_RTCEx_Tamper1EventCallback:
 306              	.LFB69:
 209:Drivers/STM32F1xx_HAL_Driver/Src/stm32f1xx_hal_rtc_ex.c **** 
 210:Drivers/STM32F1xx_HAL_Driver/Src/stm32f1xx_hal_rtc_ex.c **** /**
 211:Drivers/STM32F1xx_HAL_Driver/Src/stm32f1xx_hal_rtc_ex.c ****   * @brief  This function handles Tamper interrupt request.
 212:Drivers/STM32F1xx_HAL_Driver/Src/stm32f1xx_hal_rtc_ex.c ****   * @param  hrtc: pointer to a RTC_HandleTypeDef structure that contains
 213:Drivers/STM32F1xx_HAL_Driver/Src/stm32f1xx_hal_rtc_ex.c ****   *                the configuration information for RTC.
 214:Drivers/STM32F1xx_HAL_Driver/Src/stm32f1xx_hal_rtc_ex.c ****   * @retval None
 215:Drivers/STM32F1xx_HAL_Driver/Src/stm32f1xx_hal_rtc_ex.c ****   */
 216:Drivers/STM32F1xx_HAL_Driver/Src/stm32f1xx_hal_rtc_ex.c **** void HAL_RTCEx_TamperIRQHandler(RTC_HandleTypeDef *hrtc)
 217:Drivers/STM32F1xx_HAL_Driver/Src/stm32f1xx_hal_rtc_ex.c **** {
 218:Drivers/STM32F1xx_HAL_Driver/Src/stm32f1xx_hal_rtc_ex.c ****   /* Get the status of the Interrupt */
 219:Drivers/STM32F1xx_HAL_Driver/Src/stm32f1xx_hal_rtc_ex.c ****   if (__HAL_RTC_TAMPER_GET_IT_SOURCE(hrtc, RTC_IT_TAMP1))
 220:Drivers/STM32F1xx_HAL_Driver/Src/stm32f1xx_hal_rtc_ex.c ****   {
 221:Drivers/STM32F1xx_HAL_Driver/Src/stm32f1xx_hal_rtc_ex.c ****     /* Get the TAMPER Interrupt enable bit and pending bit */
 222:Drivers/STM32F1xx_HAL_Driver/Src/stm32f1xx_hal_rtc_ex.c ****     if (__HAL_RTC_TAMPER_GET_FLAG(hrtc, RTC_FLAG_TAMP1F) != (uint32_t)RESET)
 223:Drivers/STM32F1xx_HAL_Driver/Src/stm32f1xx_hal_rtc_ex.c ****     {
 224:Drivers/STM32F1xx_HAL_Driver/Src/stm32f1xx_hal_rtc_ex.c ****       /* Tamper callback */
 225:Drivers/STM32F1xx_HAL_Driver/Src/stm32f1xx_hal_rtc_ex.c **** #if (USE_HAL_RTC_REGISTER_CALLBACKS == 1)
 226:Drivers/STM32F1xx_HAL_Driver/Src/stm32f1xx_hal_rtc_ex.c ****       hrtc->Tamper1EventCallback(hrtc);
 227:Drivers/STM32F1xx_HAL_Driver/Src/stm32f1xx_hal_rtc_ex.c **** #else
 228:Drivers/STM32F1xx_HAL_Driver/Src/stm32f1xx_hal_rtc_ex.c ****       HAL_RTCEx_Tamper1EventCallback(hrtc);
 229:Drivers/STM32F1xx_HAL_Driver/Src/stm32f1xx_hal_rtc_ex.c **** #endif /* USE_HAL_RTC_REGISTER_CALLBACKS */
 230:Drivers/STM32F1xx_HAL_Driver/Src/stm32f1xx_hal_rtc_ex.c **** 
 231:Drivers/STM32F1xx_HAL_Driver/Src/stm32f1xx_hal_rtc_ex.c ****       /* Clear the Tamper interrupt pending bit */
 232:Drivers/STM32F1xx_HAL_Driver/Src/stm32f1xx_hal_rtc_ex.c ****       __HAL_RTC_TAMPER_CLEAR_FLAG(hrtc, RTC_FLAG_TAMP1F);
 233:Drivers/STM32F1xx_HAL_Driver/Src/stm32f1xx_hal_rtc_ex.c ****     }
 234:Drivers/STM32F1xx_HAL_Driver/Src/stm32f1xx_hal_rtc_ex.c ****   }
 235:Drivers/STM32F1xx_HAL_Driver/Src/stm32f1xx_hal_rtc_ex.c **** 
 236:Drivers/STM32F1xx_HAL_Driver/Src/stm32f1xx_hal_rtc_ex.c ****   /* Change RTC state */
 237:Drivers/STM32F1xx_HAL_Driver/Src/stm32f1xx_hal_rtc_ex.c ****   hrtc->State = HAL_RTC_STATE_READY;
 238:Drivers/STM32F1xx_HAL_Driver/Src/stm32f1xx_hal_rtc_ex.c **** }
 239:Drivers/STM32F1xx_HAL_Driver/Src/stm32f1xx_hal_rtc_ex.c **** 
 240:Drivers/STM32F1xx_HAL_Driver/Src/stm32f1xx_hal_rtc_ex.c **** /**
 241:Drivers/STM32F1xx_HAL_Driver/Src/stm32f1xx_hal_rtc_ex.c ****   * @brief  Tamper 1 callback.
 242:Drivers/STM32F1xx_HAL_Driver/Src/stm32f1xx_hal_rtc_ex.c ****   * @param  hrtc: pointer to a RTC_HandleTypeDef structure that contains
 243:Drivers/STM32F1xx_HAL_Driver/Src/stm32f1xx_hal_rtc_ex.c ****   *                the configuration information for RTC.
 244:Drivers/STM32F1xx_HAL_Driver/Src/stm32f1xx_hal_rtc_ex.c ****   * @retval None
 245:Drivers/STM32F1xx_HAL_Driver/Src/stm32f1xx_hal_rtc_ex.c ****   */
 246:Drivers/STM32F1xx_HAL_Driver/Src/stm32f1xx_hal_rtc_ex.c **** __weak void HAL_RTCEx_Tamper1EventCallback(RTC_HandleTypeDef *hrtc)
 247:Drivers/STM32F1xx_HAL_Driver/Src/stm32f1xx_hal_rtc_ex.c **** {
 307              		.loc 1 247 0
 308              		.cfi_startproc
 309              		@ args = 0, pretend = 0, frame = 0
 310              		@ frame_needed = 0, uses_anonymous_args = 0
 311              		@ link register save eliminated.
 312              	.LVL29:
 248:Drivers/STM32F1xx_HAL_Driver/Src/stm32f1xx_hal_rtc_ex.c ****   /* Prevent unused argument(s) compilation warning */
 249:Drivers/STM32F1xx_HAL_Driver/Src/stm32f1xx_hal_rtc_ex.c ****   UNUSED(hrtc);
 250:Drivers/STM32F1xx_HAL_Driver/Src/stm32f1xx_hal_rtc_ex.c ****   /* NOTE : This function Should not be modified, when the callback is needed,
 251:Drivers/STM32F1xx_HAL_Driver/Src/stm32f1xx_hal_rtc_ex.c ****             the HAL_RTCEx_Tamper1EventCallback could be implemented in the user file
ARM GAS  C:\Users\ASUS\AppData\Local\Temp\ccD4beEz.s 			page 11


 252:Drivers/STM32F1xx_HAL_Driver/Src/stm32f1xx_hal_rtc_ex.c ****    */
 253:Drivers/STM32F1xx_HAL_Driver/Src/stm32f1xx_hal_rtc_ex.c **** }
 313              		.loc 1 253 0
 314 0000 7047     		bx	lr
 315              		.cfi_endproc
 316              	.LFE69:
 318              		.section	.text.HAL_RTCEx_TamperIRQHandler,"ax",%progbits
 319              		.align	1
 320              		.global	HAL_RTCEx_TamperIRQHandler
 321              		.syntax unified
 322              		.thumb
 323              		.thumb_func
 324              		.fpu softvfp
 326              	HAL_RTCEx_TamperIRQHandler:
 327              	.LFB68:
 217:Drivers/STM32F1xx_HAL_Driver/Src/stm32f1xx_hal_rtc_ex.c ****   /* Get the status of the Interrupt */
 328              		.loc 1 217 0
 329              		.cfi_startproc
 330              		@ args = 0, pretend = 0, frame = 0
 331              		@ frame_needed = 0, uses_anonymous_args = 0
 332              	.LVL30:
 333 0000 10B5     		push	{r4, lr}
 334              	.LCFI4:
 335              		.cfi_def_cfa_offset 8
 336              		.cfi_offset 4, -8
 337              		.cfi_offset 14, -4
 338 0002 0446     		mov	r4, r0
 219:Drivers/STM32F1xx_HAL_Driver/Src/stm32f1xx_hal_rtc_ex.c ****   {
 339              		.loc 1 219 0
 340 0004 0A4B     		ldr	r3, .L36
 341 0006 5B6B     		ldr	r3, [r3, #52]
 342 0008 13F0040F 		tst	r3, #4
 343 000c 04D0     		beq	.L33
 222:Drivers/STM32F1xx_HAL_Driver/Src/stm32f1xx_hal_rtc_ex.c ****     {
 344              		.loc 1 222 0
 345 000e 084B     		ldr	r3, .L36
 346 0010 5B6B     		ldr	r3, [r3, #52]
 347 0012 13F4807F 		tst	r3, #256
 348 0016 02D1     		bne	.L35
 349              	.LVL31:
 350              	.L33:
 237:Drivers/STM32F1xx_HAL_Driver/Src/stm32f1xx_hal_rtc_ex.c **** }
 351              		.loc 1 237 0
 352 0018 0123     		movs	r3, #1
 353 001a 6374     		strb	r3, [r4, #17]
 238:Drivers/STM32F1xx_HAL_Driver/Src/stm32f1xx_hal_rtc_ex.c **** 
 354              		.loc 1 238 0
 355 001c 10BD     		pop	{r4, pc}
 356              	.LVL32:
 357              	.L35:
 228:Drivers/STM32F1xx_HAL_Driver/Src/stm32f1xx_hal_rtc_ex.c **** #endif /* USE_HAL_RTC_REGISTER_CALLBACKS */
 358              		.loc 1 228 0
 359 001e FFF7FEFF 		bl	HAL_RTCEx_Tamper1EventCallback
 360              	.LVL33:
 232:Drivers/STM32F1xx_HAL_Driver/Src/stm32f1xx_hal_rtc_ex.c ****     }
 361              		.loc 1 232 0
 362 0022 034A     		ldr	r2, .L36
ARM GAS  C:\Users\ASUS\AppData\Local\Temp\ccD4beEz.s 			page 12


 363 0024 536B     		ldr	r3, [r2, #52]
 364 0026 43F00303 		orr	r3, r3, #3
 365 002a 5363     		str	r3, [r2, #52]
 366 002c F4E7     		b	.L33
 367              	.L37:
 368 002e 00BF     		.align	2
 369              	.L36:
 370 0030 006C0040 		.word	1073769472
 371              		.cfi_endproc
 372              	.LFE68:
 374              		.section	.text.HAL_RTCEx_PollForTamper1Event,"ax",%progbits
 375              		.align	1
 376              		.global	HAL_RTCEx_PollForTamper1Event
 377              		.syntax unified
 378              		.thumb
 379              		.thumb_func
 380              		.fpu softvfp
 382              	HAL_RTCEx_PollForTamper1Event:
 383              	.LFB70:
 254:Drivers/STM32F1xx_HAL_Driver/Src/stm32f1xx_hal_rtc_ex.c **** 
 255:Drivers/STM32F1xx_HAL_Driver/Src/stm32f1xx_hal_rtc_ex.c **** /**
 256:Drivers/STM32F1xx_HAL_Driver/Src/stm32f1xx_hal_rtc_ex.c ****   * @brief  This function handles Tamper1 Polling.
 257:Drivers/STM32F1xx_HAL_Driver/Src/stm32f1xx_hal_rtc_ex.c ****   * @param  hrtc: pointer to a RTC_HandleTypeDef structure that contains
 258:Drivers/STM32F1xx_HAL_Driver/Src/stm32f1xx_hal_rtc_ex.c ****   *                the configuration information for RTC.
 259:Drivers/STM32F1xx_HAL_Driver/Src/stm32f1xx_hal_rtc_ex.c ****   * @param  Timeout: Timeout duration
 260:Drivers/STM32F1xx_HAL_Driver/Src/stm32f1xx_hal_rtc_ex.c ****   * @retval HAL status
 261:Drivers/STM32F1xx_HAL_Driver/Src/stm32f1xx_hal_rtc_ex.c ****   */
 262:Drivers/STM32F1xx_HAL_Driver/Src/stm32f1xx_hal_rtc_ex.c **** HAL_StatusTypeDef HAL_RTCEx_PollForTamper1Event(RTC_HandleTypeDef *hrtc, uint32_t Timeout)
 263:Drivers/STM32F1xx_HAL_Driver/Src/stm32f1xx_hal_rtc_ex.c **** {
 384              		.loc 1 263 0
 385              		.cfi_startproc
 386              		@ args = 0, pretend = 0, frame = 0
 387              		@ frame_needed = 0, uses_anonymous_args = 0
 388              	.LVL34:
 389 0000 70B5     		push	{r4, r5, r6, lr}
 390              	.LCFI5:
 391              		.cfi_def_cfa_offset 16
 392              		.cfi_offset 4, -16
 393              		.cfi_offset 5, -12
 394              		.cfi_offset 6, -8
 395              		.cfi_offset 14, -4
 396 0002 0546     		mov	r5, r0
 397 0004 0C46     		mov	r4, r1
 264:Drivers/STM32F1xx_HAL_Driver/Src/stm32f1xx_hal_rtc_ex.c ****   uint32_t tickstart = HAL_GetTick();
 398              		.loc 1 264 0
 399 0006 FFF7FEFF 		bl	HAL_GetTick
 400              	.LVL35:
 401 000a 0646     		mov	r6, r0
 402              	.LVL36:
 265:Drivers/STM32F1xx_HAL_Driver/Src/stm32f1xx_hal_rtc_ex.c **** 
 266:Drivers/STM32F1xx_HAL_Driver/Src/stm32f1xx_hal_rtc_ex.c ****   /* Check input parameters */
 267:Drivers/STM32F1xx_HAL_Driver/Src/stm32f1xx_hal_rtc_ex.c ****   if (hrtc == NULL)
 403              		.loc 1 267 0
 404 000c CDB1     		cbz	r5, .L46
 405              	.LVL37:
 406              	.L41:
 268:Drivers/STM32F1xx_HAL_Driver/Src/stm32f1xx_hal_rtc_ex.c ****   {
ARM GAS  C:\Users\ASUS\AppData\Local\Temp\ccD4beEz.s 			page 13


 269:Drivers/STM32F1xx_HAL_Driver/Src/stm32f1xx_hal_rtc_ex.c ****     return HAL_ERROR;
 270:Drivers/STM32F1xx_HAL_Driver/Src/stm32f1xx_hal_rtc_ex.c ****   }
 271:Drivers/STM32F1xx_HAL_Driver/Src/stm32f1xx_hal_rtc_ex.c **** 
 272:Drivers/STM32F1xx_HAL_Driver/Src/stm32f1xx_hal_rtc_ex.c ****   /* Get the status of the Interrupt */
 273:Drivers/STM32F1xx_HAL_Driver/Src/stm32f1xx_hal_rtc_ex.c ****   while (__HAL_RTC_TAMPER_GET_FLAG(hrtc, RTC_FLAG_TAMP1F) == RESET)
 407              		.loc 1 273 0
 408 000e 0E4B     		ldr	r3, .L48
 409 0010 5B6B     		ldr	r3, [r3, #52]
 410 0012 13F4807F 		tst	r3, #256
 411 0016 0BD1     		bne	.L47
 274:Drivers/STM32F1xx_HAL_Driver/Src/stm32f1xx_hal_rtc_ex.c ****   {
 275:Drivers/STM32F1xx_HAL_Driver/Src/stm32f1xx_hal_rtc_ex.c ****     if (Timeout != HAL_MAX_DELAY)
 412              		.loc 1 275 0
 413 0018 B4F1FF3F 		cmp	r4, #-1
 414 001c F7D0     		beq	.L41
 276:Drivers/STM32F1xx_HAL_Driver/Src/stm32f1xx_hal_rtc_ex.c ****     {
 277:Drivers/STM32F1xx_HAL_Driver/Src/stm32f1xx_hal_rtc_ex.c ****       if ((Timeout == 0U) || ((HAL_GetTick() - tickstart) > Timeout))
 415              		.loc 1 277 0
 416 001e 24B1     		cbz	r4, .L42
 417              		.loc 1 277 0 is_stmt 0 discriminator 1
 418 0020 FFF7FEFF 		bl	HAL_GetTick
 419              	.LVL38:
 420 0024 801B     		subs	r0, r0, r6
 421 0026 A042     		cmp	r0, r4
 422 0028 F1D9     		bls	.L41
 423              	.L42:
 278:Drivers/STM32F1xx_HAL_Driver/Src/stm32f1xx_hal_rtc_ex.c ****       {
 279:Drivers/STM32F1xx_HAL_Driver/Src/stm32f1xx_hal_rtc_ex.c ****         hrtc->State = HAL_RTC_STATE_TIMEOUT;
 424              		.loc 1 279 0 is_stmt 1
 425 002a 0320     		movs	r0, #3
 426 002c 6874     		strb	r0, [r5, #17]
 280:Drivers/STM32F1xx_HAL_Driver/Src/stm32f1xx_hal_rtc_ex.c ****         return HAL_TIMEOUT;
 427              		.loc 1 280 0
 428 002e 07E0     		b	.L39
 429              	.L47:
 281:Drivers/STM32F1xx_HAL_Driver/Src/stm32f1xx_hal_rtc_ex.c ****       }
 282:Drivers/STM32F1xx_HAL_Driver/Src/stm32f1xx_hal_rtc_ex.c ****     }
 283:Drivers/STM32F1xx_HAL_Driver/Src/stm32f1xx_hal_rtc_ex.c ****   }
 284:Drivers/STM32F1xx_HAL_Driver/Src/stm32f1xx_hal_rtc_ex.c **** 
 285:Drivers/STM32F1xx_HAL_Driver/Src/stm32f1xx_hal_rtc_ex.c ****   /* Clear the Tamper Flag */
 286:Drivers/STM32F1xx_HAL_Driver/Src/stm32f1xx_hal_rtc_ex.c ****   __HAL_RTC_TAMPER_CLEAR_FLAG(hrtc, RTC_FLAG_TAMP1F);
 430              		.loc 1 286 0
 431 0030 054A     		ldr	r2, .L48
 432 0032 536B     		ldr	r3, [r2, #52]
 433 0034 43F00303 		orr	r3, r3, #3
 434 0038 5363     		str	r3, [r2, #52]
 287:Drivers/STM32F1xx_HAL_Driver/Src/stm32f1xx_hal_rtc_ex.c **** 
 288:Drivers/STM32F1xx_HAL_Driver/Src/stm32f1xx_hal_rtc_ex.c ****   /* Change RTC state */
 289:Drivers/STM32F1xx_HAL_Driver/Src/stm32f1xx_hal_rtc_ex.c ****   hrtc->State = HAL_RTC_STATE_READY;
 435              		.loc 1 289 0
 436 003a 0123     		movs	r3, #1
 437 003c 6B74     		strb	r3, [r5, #17]
 290:Drivers/STM32F1xx_HAL_Driver/Src/stm32f1xx_hal_rtc_ex.c **** 
 291:Drivers/STM32F1xx_HAL_Driver/Src/stm32f1xx_hal_rtc_ex.c ****   return HAL_OK;
 438              		.loc 1 291 0
 439 003e 0020     		movs	r0, #0
 440              	.L39:
ARM GAS  C:\Users\ASUS\AppData\Local\Temp\ccD4beEz.s 			page 14


 292:Drivers/STM32F1xx_HAL_Driver/Src/stm32f1xx_hal_rtc_ex.c **** }
 441              		.loc 1 292 0
 442 0040 70BD     		pop	{r4, r5, r6, pc}
 443              	.LVL39:
 444              	.L46:
 269:Drivers/STM32F1xx_HAL_Driver/Src/stm32f1xx_hal_rtc_ex.c ****   }
 445              		.loc 1 269 0
 446 0042 0120     		movs	r0, #1
 447              	.LVL40:
 448 0044 FCE7     		b	.L39
 449              	.L49:
 450 0046 00BF     		.align	2
 451              	.L48:
 452 0048 006C0040 		.word	1073769472
 453              		.cfi_endproc
 454              	.LFE70:
 456              		.section	.text.HAL_RTCEx_SetSecond_IT,"ax",%progbits
 457              		.align	1
 458              		.global	HAL_RTCEx_SetSecond_IT
 459              		.syntax unified
 460              		.thumb
 461              		.thumb_func
 462              		.fpu softvfp
 464              	HAL_RTCEx_SetSecond_IT:
 465              	.LFB71:
 293:Drivers/STM32F1xx_HAL_Driver/Src/stm32f1xx_hal_rtc_ex.c **** 
 294:Drivers/STM32F1xx_HAL_Driver/Src/stm32f1xx_hal_rtc_ex.c **** /**
 295:Drivers/STM32F1xx_HAL_Driver/Src/stm32f1xx_hal_rtc_ex.c ****   * @}
 296:Drivers/STM32F1xx_HAL_Driver/Src/stm32f1xx_hal_rtc_ex.c ****   */
 297:Drivers/STM32F1xx_HAL_Driver/Src/stm32f1xx_hal_rtc_ex.c **** 
 298:Drivers/STM32F1xx_HAL_Driver/Src/stm32f1xx_hal_rtc_ex.c **** /** @defgroup RTCEx_Exported_Functions_Group2 RTC Second functions
 299:Drivers/STM32F1xx_HAL_Driver/Src/stm32f1xx_hal_rtc_ex.c ****   * @brief    RTC Second functions
 300:Drivers/STM32F1xx_HAL_Driver/Src/stm32f1xx_hal_rtc_ex.c ****   *
 301:Drivers/STM32F1xx_HAL_Driver/Src/stm32f1xx_hal_rtc_ex.c **** @verbatim
 302:Drivers/STM32F1xx_HAL_Driver/Src/stm32f1xx_hal_rtc_ex.c ****  ===============================================================================
 303:Drivers/STM32F1xx_HAL_Driver/Src/stm32f1xx_hal_rtc_ex.c ****                  ##### RTC Second functions #####
 304:Drivers/STM32F1xx_HAL_Driver/Src/stm32f1xx_hal_rtc_ex.c ****  ===============================================================================
 305:Drivers/STM32F1xx_HAL_Driver/Src/stm32f1xx_hal_rtc_ex.c **** 
 306:Drivers/STM32F1xx_HAL_Driver/Src/stm32f1xx_hal_rtc_ex.c ****  [..] This section provides functions implementing second interrupt handlers
 307:Drivers/STM32F1xx_HAL_Driver/Src/stm32f1xx_hal_rtc_ex.c **** 
 308:Drivers/STM32F1xx_HAL_Driver/Src/stm32f1xx_hal_rtc_ex.c **** @endverbatim
 309:Drivers/STM32F1xx_HAL_Driver/Src/stm32f1xx_hal_rtc_ex.c ****   * @{
 310:Drivers/STM32F1xx_HAL_Driver/Src/stm32f1xx_hal_rtc_ex.c ****   */
 311:Drivers/STM32F1xx_HAL_Driver/Src/stm32f1xx_hal_rtc_ex.c **** 
 312:Drivers/STM32F1xx_HAL_Driver/Src/stm32f1xx_hal_rtc_ex.c **** /**
 313:Drivers/STM32F1xx_HAL_Driver/Src/stm32f1xx_hal_rtc_ex.c ****   * @brief  Sets Interrupt for second
 314:Drivers/STM32F1xx_HAL_Driver/Src/stm32f1xx_hal_rtc_ex.c ****   * @param  hrtc: pointer to a RTC_HandleTypeDef structure that contains
 315:Drivers/STM32F1xx_HAL_Driver/Src/stm32f1xx_hal_rtc_ex.c ****   *                the configuration information for RTC.
 316:Drivers/STM32F1xx_HAL_Driver/Src/stm32f1xx_hal_rtc_ex.c ****   * @retval HAL status
 317:Drivers/STM32F1xx_HAL_Driver/Src/stm32f1xx_hal_rtc_ex.c ****   */
 318:Drivers/STM32F1xx_HAL_Driver/Src/stm32f1xx_hal_rtc_ex.c **** HAL_StatusTypeDef HAL_RTCEx_SetSecond_IT(RTC_HandleTypeDef *hrtc)
 319:Drivers/STM32F1xx_HAL_Driver/Src/stm32f1xx_hal_rtc_ex.c **** {
 466              		.loc 1 319 0
 467              		.cfi_startproc
 468              		@ args = 0, pretend = 0, frame = 0
 469              		@ frame_needed = 0, uses_anonymous_args = 0
 470              		@ link register save eliminated.
ARM GAS  C:\Users\ASUS\AppData\Local\Temp\ccD4beEz.s 			page 15


 471              	.LVL41:
 320:Drivers/STM32F1xx_HAL_Driver/Src/stm32f1xx_hal_rtc_ex.c ****   /* Check input parameters */
 321:Drivers/STM32F1xx_HAL_Driver/Src/stm32f1xx_hal_rtc_ex.c ****   if (hrtc == NULL)
 472              		.loc 1 321 0
 473 0000 0346     		mov	r3, r0
 474 0002 70B1     		cbz	r0, .L52
 322:Drivers/STM32F1xx_HAL_Driver/Src/stm32f1xx_hal_rtc_ex.c ****   {
 323:Drivers/STM32F1xx_HAL_Driver/Src/stm32f1xx_hal_rtc_ex.c ****     return HAL_ERROR;
 324:Drivers/STM32F1xx_HAL_Driver/Src/stm32f1xx_hal_rtc_ex.c ****   }
 325:Drivers/STM32F1xx_HAL_Driver/Src/stm32f1xx_hal_rtc_ex.c **** 
 326:Drivers/STM32F1xx_HAL_Driver/Src/stm32f1xx_hal_rtc_ex.c ****   /* Process Locked */
 327:Drivers/STM32F1xx_HAL_Driver/Src/stm32f1xx_hal_rtc_ex.c ****   __HAL_LOCK(hrtc);
 475              		.loc 1 327 0
 476 0004 027C     		ldrb	r2, [r0, #16]	@ zero_extendqisi2
 477 0006 012A     		cmp	r2, #1
 478 0008 0DD0     		beq	.L53
 479              		.loc 1 327 0 is_stmt 0 discriminator 2
 480 000a 0121     		movs	r1, #1
 481 000c 0174     		strb	r1, [r0, #16]
 328:Drivers/STM32F1xx_HAL_Driver/Src/stm32f1xx_hal_rtc_ex.c **** 
 329:Drivers/STM32F1xx_HAL_Driver/Src/stm32f1xx_hal_rtc_ex.c ****   hrtc->State = HAL_RTC_STATE_BUSY;
 482              		.loc 1 329 0 is_stmt 1 discriminator 2
 483 000e 0222     		movs	r2, #2
 484 0010 4274     		strb	r2, [r0, #17]
 330:Drivers/STM32F1xx_HAL_Driver/Src/stm32f1xx_hal_rtc_ex.c **** 
 331:Drivers/STM32F1xx_HAL_Driver/Src/stm32f1xx_hal_rtc_ex.c ****   /* Enable Second interruption */
 332:Drivers/STM32F1xx_HAL_Driver/Src/stm32f1xx_hal_rtc_ex.c ****   __HAL_RTC_SECOND_ENABLE_IT(hrtc, RTC_IT_SEC);
 485              		.loc 1 332 0 discriminator 2
 486 0012 0068     		ldr	r0, [r0]
 487              	.LVL42:
 488 0014 0268     		ldr	r2, [r0]
 489 0016 0A43     		orrs	r2, r2, r1
 490 0018 0260     		str	r2, [r0]
 333:Drivers/STM32F1xx_HAL_Driver/Src/stm32f1xx_hal_rtc_ex.c **** 
 334:Drivers/STM32F1xx_HAL_Driver/Src/stm32f1xx_hal_rtc_ex.c ****   hrtc->State = HAL_RTC_STATE_READY;
 491              		.loc 1 334 0 discriminator 2
 492 001a 5974     		strb	r1, [r3, #17]
 335:Drivers/STM32F1xx_HAL_Driver/Src/stm32f1xx_hal_rtc_ex.c **** 
 336:Drivers/STM32F1xx_HAL_Driver/Src/stm32f1xx_hal_rtc_ex.c ****   /* Process Unlocked */
 337:Drivers/STM32F1xx_HAL_Driver/Src/stm32f1xx_hal_rtc_ex.c ****   __HAL_UNLOCK(hrtc);
 493              		.loc 1 337 0 discriminator 2
 494 001c 0020     		movs	r0, #0
 495 001e 1874     		strb	r0, [r3, #16]
 338:Drivers/STM32F1xx_HAL_Driver/Src/stm32f1xx_hal_rtc_ex.c **** 
 339:Drivers/STM32F1xx_HAL_Driver/Src/stm32f1xx_hal_rtc_ex.c ****   return HAL_OK;
 496              		.loc 1 339 0 discriminator 2
 497 0020 7047     		bx	lr
 498              	.LVL43:
 499              	.L52:
 323:Drivers/STM32F1xx_HAL_Driver/Src/stm32f1xx_hal_rtc_ex.c ****   }
 500              		.loc 1 323 0
 501 0022 0120     		movs	r0, #1
 502              	.LVL44:
 503 0024 7047     		bx	lr
 504              	.LVL45:
 505              	.L53:
 327:Drivers/STM32F1xx_HAL_Driver/Src/stm32f1xx_hal_rtc_ex.c **** 
ARM GAS  C:\Users\ASUS\AppData\Local\Temp\ccD4beEz.s 			page 16


 506              		.loc 1 327 0
 507 0026 0220     		movs	r0, #2
 508              	.LVL46:
 340:Drivers/STM32F1xx_HAL_Driver/Src/stm32f1xx_hal_rtc_ex.c **** }
 509              		.loc 1 340 0
 510 0028 7047     		bx	lr
 511              		.cfi_endproc
 512              	.LFE71:
 514              		.section	.text.HAL_RTCEx_DeactivateSecond,"ax",%progbits
 515              		.align	1
 516              		.global	HAL_RTCEx_DeactivateSecond
 517              		.syntax unified
 518              		.thumb
 519              		.thumb_func
 520              		.fpu softvfp
 522              	HAL_RTCEx_DeactivateSecond:
 523              	.LFB72:
 341:Drivers/STM32F1xx_HAL_Driver/Src/stm32f1xx_hal_rtc_ex.c **** 
 342:Drivers/STM32F1xx_HAL_Driver/Src/stm32f1xx_hal_rtc_ex.c **** /**
 343:Drivers/STM32F1xx_HAL_Driver/Src/stm32f1xx_hal_rtc_ex.c ****   * @brief  Deactivates Second.
 344:Drivers/STM32F1xx_HAL_Driver/Src/stm32f1xx_hal_rtc_ex.c ****   * @param  hrtc: pointer to a RTC_HandleTypeDef structure that contains
 345:Drivers/STM32F1xx_HAL_Driver/Src/stm32f1xx_hal_rtc_ex.c ****   *                the configuration information for RTC.
 346:Drivers/STM32F1xx_HAL_Driver/Src/stm32f1xx_hal_rtc_ex.c ****   * @retval HAL status
 347:Drivers/STM32F1xx_HAL_Driver/Src/stm32f1xx_hal_rtc_ex.c ****   */
 348:Drivers/STM32F1xx_HAL_Driver/Src/stm32f1xx_hal_rtc_ex.c **** HAL_StatusTypeDef HAL_RTCEx_DeactivateSecond(RTC_HandleTypeDef *hrtc)
 349:Drivers/STM32F1xx_HAL_Driver/Src/stm32f1xx_hal_rtc_ex.c **** {
 524              		.loc 1 349 0
 525              		.cfi_startproc
 526              		@ args = 0, pretend = 0, frame = 0
 527              		@ frame_needed = 0, uses_anonymous_args = 0
 528              		@ link register save eliminated.
 529              	.LVL47:
 350:Drivers/STM32F1xx_HAL_Driver/Src/stm32f1xx_hal_rtc_ex.c ****   /* Check input parameters */
 351:Drivers/STM32F1xx_HAL_Driver/Src/stm32f1xx_hal_rtc_ex.c ****   if (hrtc == NULL)
 530              		.loc 1 351 0
 531 0000 0346     		mov	r3, r0
 532 0002 78B1     		cbz	r0, .L56
 352:Drivers/STM32F1xx_HAL_Driver/Src/stm32f1xx_hal_rtc_ex.c ****   {
 353:Drivers/STM32F1xx_HAL_Driver/Src/stm32f1xx_hal_rtc_ex.c ****     return HAL_ERROR;
 354:Drivers/STM32F1xx_HAL_Driver/Src/stm32f1xx_hal_rtc_ex.c ****   }
 355:Drivers/STM32F1xx_HAL_Driver/Src/stm32f1xx_hal_rtc_ex.c **** 
 356:Drivers/STM32F1xx_HAL_Driver/Src/stm32f1xx_hal_rtc_ex.c ****   /* Process Locked */
 357:Drivers/STM32F1xx_HAL_Driver/Src/stm32f1xx_hal_rtc_ex.c ****   __HAL_LOCK(hrtc);
 533              		.loc 1 357 0
 534 0004 027C     		ldrb	r2, [r0, #16]	@ zero_extendqisi2
 535 0006 012A     		cmp	r2, #1
 536 0008 0ED0     		beq	.L57
 537              		.loc 1 357 0 is_stmt 0 discriminator 2
 538 000a 0121     		movs	r1, #1
 539 000c 0174     		strb	r1, [r0, #16]
 358:Drivers/STM32F1xx_HAL_Driver/Src/stm32f1xx_hal_rtc_ex.c **** 
 359:Drivers/STM32F1xx_HAL_Driver/Src/stm32f1xx_hal_rtc_ex.c ****   hrtc->State = HAL_RTC_STATE_BUSY;
 540              		.loc 1 359 0 is_stmt 1 discriminator 2
 541 000e 0222     		movs	r2, #2
 542 0010 4274     		strb	r2, [r0, #17]
 360:Drivers/STM32F1xx_HAL_Driver/Src/stm32f1xx_hal_rtc_ex.c **** 
 361:Drivers/STM32F1xx_HAL_Driver/Src/stm32f1xx_hal_rtc_ex.c ****   /* Deactivate Second interruption*/
ARM GAS  C:\Users\ASUS\AppData\Local\Temp\ccD4beEz.s 			page 17


 362:Drivers/STM32F1xx_HAL_Driver/Src/stm32f1xx_hal_rtc_ex.c ****   __HAL_RTC_SECOND_DISABLE_IT(hrtc, RTC_IT_SEC);
 543              		.loc 1 362 0 discriminator 2
 544 0012 0068     		ldr	r0, [r0]
 545              	.LVL48:
 546 0014 0268     		ldr	r2, [r0]
 547 0016 22F00102 		bic	r2, r2, #1
 548 001a 0260     		str	r2, [r0]
 363:Drivers/STM32F1xx_HAL_Driver/Src/stm32f1xx_hal_rtc_ex.c **** 
 364:Drivers/STM32F1xx_HAL_Driver/Src/stm32f1xx_hal_rtc_ex.c ****   hrtc->State = HAL_RTC_STATE_READY;
 549              		.loc 1 364 0 discriminator 2
 550 001c 5974     		strb	r1, [r3, #17]
 365:Drivers/STM32F1xx_HAL_Driver/Src/stm32f1xx_hal_rtc_ex.c **** 
 366:Drivers/STM32F1xx_HAL_Driver/Src/stm32f1xx_hal_rtc_ex.c ****   /* Process Unlocked */
 367:Drivers/STM32F1xx_HAL_Driver/Src/stm32f1xx_hal_rtc_ex.c ****   __HAL_UNLOCK(hrtc);
 551              		.loc 1 367 0 discriminator 2
 552 001e 0020     		movs	r0, #0
 553 0020 1874     		strb	r0, [r3, #16]
 368:Drivers/STM32F1xx_HAL_Driver/Src/stm32f1xx_hal_rtc_ex.c **** 
 369:Drivers/STM32F1xx_HAL_Driver/Src/stm32f1xx_hal_rtc_ex.c ****   return HAL_OK;
 554              		.loc 1 369 0 discriminator 2
 555 0022 7047     		bx	lr
 556              	.LVL49:
 557              	.L56:
 353:Drivers/STM32F1xx_HAL_Driver/Src/stm32f1xx_hal_rtc_ex.c ****   }
 558              		.loc 1 353 0
 559 0024 0120     		movs	r0, #1
 560              	.LVL50:
 561 0026 7047     		bx	lr
 562              	.LVL51:
 563              	.L57:
 357:Drivers/STM32F1xx_HAL_Driver/Src/stm32f1xx_hal_rtc_ex.c **** 
 564              		.loc 1 357 0
 565 0028 0220     		movs	r0, #2
 566              	.LVL52:
 370:Drivers/STM32F1xx_HAL_Driver/Src/stm32f1xx_hal_rtc_ex.c **** }
 567              		.loc 1 370 0
 568 002a 7047     		bx	lr
 569              		.cfi_endproc
 570              	.LFE72:
 572              		.section	.text.HAL_RTCEx_RTCEventCallback,"ax",%progbits
 573              		.align	1
 574              		.weak	HAL_RTCEx_RTCEventCallback
 575              		.syntax unified
 576              		.thumb
 577              		.thumb_func
 578              		.fpu softvfp
 580              	HAL_RTCEx_RTCEventCallback:
 581              	.LFB74:
 371:Drivers/STM32F1xx_HAL_Driver/Src/stm32f1xx_hal_rtc_ex.c **** 
 372:Drivers/STM32F1xx_HAL_Driver/Src/stm32f1xx_hal_rtc_ex.c **** /**
 373:Drivers/STM32F1xx_HAL_Driver/Src/stm32f1xx_hal_rtc_ex.c ****   * @brief  This function handles second interrupt request.
 374:Drivers/STM32F1xx_HAL_Driver/Src/stm32f1xx_hal_rtc_ex.c ****   * @param  hrtc: pointer to a RTC_HandleTypeDef structure that contains
 375:Drivers/STM32F1xx_HAL_Driver/Src/stm32f1xx_hal_rtc_ex.c ****   *                the configuration information for RTC.
 376:Drivers/STM32F1xx_HAL_Driver/Src/stm32f1xx_hal_rtc_ex.c ****   * @retval None
 377:Drivers/STM32F1xx_HAL_Driver/Src/stm32f1xx_hal_rtc_ex.c ****   */
 378:Drivers/STM32F1xx_HAL_Driver/Src/stm32f1xx_hal_rtc_ex.c **** void HAL_RTCEx_RTCIRQHandler(RTC_HandleTypeDef *hrtc)
 379:Drivers/STM32F1xx_HAL_Driver/Src/stm32f1xx_hal_rtc_ex.c **** {
ARM GAS  C:\Users\ASUS\AppData\Local\Temp\ccD4beEz.s 			page 18


 380:Drivers/STM32F1xx_HAL_Driver/Src/stm32f1xx_hal_rtc_ex.c ****   if (__HAL_RTC_SECOND_GET_IT_SOURCE(hrtc, RTC_IT_SEC))
 381:Drivers/STM32F1xx_HAL_Driver/Src/stm32f1xx_hal_rtc_ex.c ****   {
 382:Drivers/STM32F1xx_HAL_Driver/Src/stm32f1xx_hal_rtc_ex.c ****     /* Get the status of the Interrupt */
 383:Drivers/STM32F1xx_HAL_Driver/Src/stm32f1xx_hal_rtc_ex.c ****     if (__HAL_RTC_SECOND_GET_FLAG(hrtc, RTC_FLAG_SEC))
 384:Drivers/STM32F1xx_HAL_Driver/Src/stm32f1xx_hal_rtc_ex.c ****     {
 385:Drivers/STM32F1xx_HAL_Driver/Src/stm32f1xx_hal_rtc_ex.c ****       /* Check if Overrun occurred */
 386:Drivers/STM32F1xx_HAL_Driver/Src/stm32f1xx_hal_rtc_ex.c ****       if (__HAL_RTC_SECOND_GET_FLAG(hrtc, RTC_FLAG_OW))
 387:Drivers/STM32F1xx_HAL_Driver/Src/stm32f1xx_hal_rtc_ex.c ****       {
 388:Drivers/STM32F1xx_HAL_Driver/Src/stm32f1xx_hal_rtc_ex.c ****         /* Second error callback */
 389:Drivers/STM32F1xx_HAL_Driver/Src/stm32f1xx_hal_rtc_ex.c ****         HAL_RTCEx_RTCEventErrorCallback(hrtc);
 390:Drivers/STM32F1xx_HAL_Driver/Src/stm32f1xx_hal_rtc_ex.c **** 
 391:Drivers/STM32F1xx_HAL_Driver/Src/stm32f1xx_hal_rtc_ex.c ****         /* Clear flag Second */
 392:Drivers/STM32F1xx_HAL_Driver/Src/stm32f1xx_hal_rtc_ex.c ****         __HAL_RTC_OVERFLOW_CLEAR_FLAG(hrtc, RTC_FLAG_OW);
 393:Drivers/STM32F1xx_HAL_Driver/Src/stm32f1xx_hal_rtc_ex.c **** 
 394:Drivers/STM32F1xx_HAL_Driver/Src/stm32f1xx_hal_rtc_ex.c ****         /* Change RTC state */
 395:Drivers/STM32F1xx_HAL_Driver/Src/stm32f1xx_hal_rtc_ex.c ****         hrtc->State = HAL_RTC_STATE_ERROR;
 396:Drivers/STM32F1xx_HAL_Driver/Src/stm32f1xx_hal_rtc_ex.c ****       }
 397:Drivers/STM32F1xx_HAL_Driver/Src/stm32f1xx_hal_rtc_ex.c ****       else
 398:Drivers/STM32F1xx_HAL_Driver/Src/stm32f1xx_hal_rtc_ex.c ****       {
 399:Drivers/STM32F1xx_HAL_Driver/Src/stm32f1xx_hal_rtc_ex.c ****         /* Second callback */
 400:Drivers/STM32F1xx_HAL_Driver/Src/stm32f1xx_hal_rtc_ex.c ****         HAL_RTCEx_RTCEventCallback(hrtc);
 401:Drivers/STM32F1xx_HAL_Driver/Src/stm32f1xx_hal_rtc_ex.c **** 
 402:Drivers/STM32F1xx_HAL_Driver/Src/stm32f1xx_hal_rtc_ex.c ****         /* Change RTC state */
 403:Drivers/STM32F1xx_HAL_Driver/Src/stm32f1xx_hal_rtc_ex.c ****         hrtc->State = HAL_RTC_STATE_READY;
 404:Drivers/STM32F1xx_HAL_Driver/Src/stm32f1xx_hal_rtc_ex.c ****       }
 405:Drivers/STM32F1xx_HAL_Driver/Src/stm32f1xx_hal_rtc_ex.c **** 
 406:Drivers/STM32F1xx_HAL_Driver/Src/stm32f1xx_hal_rtc_ex.c ****       /* Clear flag Second */
 407:Drivers/STM32F1xx_HAL_Driver/Src/stm32f1xx_hal_rtc_ex.c ****       __HAL_RTC_SECOND_CLEAR_FLAG(hrtc, RTC_FLAG_SEC);
 408:Drivers/STM32F1xx_HAL_Driver/Src/stm32f1xx_hal_rtc_ex.c ****     }
 409:Drivers/STM32F1xx_HAL_Driver/Src/stm32f1xx_hal_rtc_ex.c ****   }
 410:Drivers/STM32F1xx_HAL_Driver/Src/stm32f1xx_hal_rtc_ex.c **** }
 411:Drivers/STM32F1xx_HAL_Driver/Src/stm32f1xx_hal_rtc_ex.c **** 
 412:Drivers/STM32F1xx_HAL_Driver/Src/stm32f1xx_hal_rtc_ex.c **** /**
 413:Drivers/STM32F1xx_HAL_Driver/Src/stm32f1xx_hal_rtc_ex.c ****   * @brief  Second event callback.
 414:Drivers/STM32F1xx_HAL_Driver/Src/stm32f1xx_hal_rtc_ex.c ****   * @param  hrtc: pointer to a RTC_HandleTypeDef structure that contains
 415:Drivers/STM32F1xx_HAL_Driver/Src/stm32f1xx_hal_rtc_ex.c ****   *                the configuration information for RTC.
 416:Drivers/STM32F1xx_HAL_Driver/Src/stm32f1xx_hal_rtc_ex.c ****   * @retval None
 417:Drivers/STM32F1xx_HAL_Driver/Src/stm32f1xx_hal_rtc_ex.c ****   */
 418:Drivers/STM32F1xx_HAL_Driver/Src/stm32f1xx_hal_rtc_ex.c **** __weak void HAL_RTCEx_RTCEventCallback(RTC_HandleTypeDef *hrtc)
 419:Drivers/STM32F1xx_HAL_Driver/Src/stm32f1xx_hal_rtc_ex.c **** {
 582              		.loc 1 419 0
 583              		.cfi_startproc
 584              		@ args = 0, pretend = 0, frame = 0
 585              		@ frame_needed = 0, uses_anonymous_args = 0
 586              		@ link register save eliminated.
 587              	.LVL53:
 420:Drivers/STM32F1xx_HAL_Driver/Src/stm32f1xx_hal_rtc_ex.c ****   /* Prevent unused argument(s) compilation warning */
 421:Drivers/STM32F1xx_HAL_Driver/Src/stm32f1xx_hal_rtc_ex.c ****   UNUSED(hrtc);
 422:Drivers/STM32F1xx_HAL_Driver/Src/stm32f1xx_hal_rtc_ex.c ****   /* NOTE : This function Should not be modified, when the callback is needed,
 423:Drivers/STM32F1xx_HAL_Driver/Src/stm32f1xx_hal_rtc_ex.c ****             the HAL_RTCEx_RTCEventCallback could be implemented in the user file
 424:Drivers/STM32F1xx_HAL_Driver/Src/stm32f1xx_hal_rtc_ex.c ****    */
 425:Drivers/STM32F1xx_HAL_Driver/Src/stm32f1xx_hal_rtc_ex.c **** }
 588              		.loc 1 425 0
 589 0000 7047     		bx	lr
 590              		.cfi_endproc
 591              	.LFE74:
 593              		.section	.text.HAL_RTCEx_RTCEventErrorCallback,"ax",%progbits
ARM GAS  C:\Users\ASUS\AppData\Local\Temp\ccD4beEz.s 			page 19


 594              		.align	1
 595              		.weak	HAL_RTCEx_RTCEventErrorCallback
 596              		.syntax unified
 597              		.thumb
 598              		.thumb_func
 599              		.fpu softvfp
 601              	HAL_RTCEx_RTCEventErrorCallback:
 602              	.LFB75:
 426:Drivers/STM32F1xx_HAL_Driver/Src/stm32f1xx_hal_rtc_ex.c **** 
 427:Drivers/STM32F1xx_HAL_Driver/Src/stm32f1xx_hal_rtc_ex.c **** /**
 428:Drivers/STM32F1xx_HAL_Driver/Src/stm32f1xx_hal_rtc_ex.c ****   * @brief  Second event error callback.
 429:Drivers/STM32F1xx_HAL_Driver/Src/stm32f1xx_hal_rtc_ex.c ****   * @param  hrtc: pointer to a RTC_HandleTypeDef structure that contains
 430:Drivers/STM32F1xx_HAL_Driver/Src/stm32f1xx_hal_rtc_ex.c ****   *                the configuration information for RTC.
 431:Drivers/STM32F1xx_HAL_Driver/Src/stm32f1xx_hal_rtc_ex.c ****   * @retval None
 432:Drivers/STM32F1xx_HAL_Driver/Src/stm32f1xx_hal_rtc_ex.c ****   */
 433:Drivers/STM32F1xx_HAL_Driver/Src/stm32f1xx_hal_rtc_ex.c **** __weak void HAL_RTCEx_RTCEventErrorCallback(RTC_HandleTypeDef *hrtc)
 434:Drivers/STM32F1xx_HAL_Driver/Src/stm32f1xx_hal_rtc_ex.c **** {
 603              		.loc 1 434 0
 604              		.cfi_startproc
 605              		@ args = 0, pretend = 0, frame = 0
 606              		@ frame_needed = 0, uses_anonymous_args = 0
 607              		@ link register save eliminated.
 608              	.LVL54:
 435:Drivers/STM32F1xx_HAL_Driver/Src/stm32f1xx_hal_rtc_ex.c ****   /* Prevent unused argument(s) compilation warning */
 436:Drivers/STM32F1xx_HAL_Driver/Src/stm32f1xx_hal_rtc_ex.c ****   UNUSED(hrtc);
 437:Drivers/STM32F1xx_HAL_Driver/Src/stm32f1xx_hal_rtc_ex.c ****   /* NOTE : This function Should not be modified, when the callback is needed,
 438:Drivers/STM32F1xx_HAL_Driver/Src/stm32f1xx_hal_rtc_ex.c ****             the HAL_RTCEx_RTCEventErrorCallback could be implemented in the user file
 439:Drivers/STM32F1xx_HAL_Driver/Src/stm32f1xx_hal_rtc_ex.c ****    */
 440:Drivers/STM32F1xx_HAL_Driver/Src/stm32f1xx_hal_rtc_ex.c **** }
 609              		.loc 1 440 0
 610 0000 7047     		bx	lr
 611              		.cfi_endproc
 612              	.LFE75:
 614              		.section	.text.HAL_RTCEx_RTCIRQHandler,"ax",%progbits
 615              		.align	1
 616              		.global	HAL_RTCEx_RTCIRQHandler
 617              		.syntax unified
 618              		.thumb
 619              		.thumb_func
 620              		.fpu softvfp
 622              	HAL_RTCEx_RTCIRQHandler:
 623              	.LFB73:
 379:Drivers/STM32F1xx_HAL_Driver/Src/stm32f1xx_hal_rtc_ex.c ****   if (__HAL_RTC_SECOND_GET_IT_SOURCE(hrtc, RTC_IT_SEC))
 624              		.loc 1 379 0
 625              		.cfi_startproc
 626              		@ args = 0, pretend = 0, frame = 0
 627              		@ frame_needed = 0, uses_anonymous_args = 0
 628              	.LVL55:
 380:Drivers/STM32F1xx_HAL_Driver/Src/stm32f1xx_hal_rtc_ex.c ****   {
 629              		.loc 1 380 0
 630 0000 0368     		ldr	r3, [r0]
 631 0002 1A68     		ldr	r2, [r3]
 632 0004 12F0010F 		tst	r2, #1
 633 0008 1CD0     		beq	.L65
 383:Drivers/STM32F1xx_HAL_Driver/Src/stm32f1xx_hal_rtc_ex.c ****     {
 634              		.loc 1 383 0
 635 000a 5A68     		ldr	r2, [r3, #4]
ARM GAS  C:\Users\ASUS\AppData\Local\Temp\ccD4beEz.s 			page 20


 636 000c 12F0010F 		tst	r2, #1
 637 0010 18D0     		beq	.L65
 379:Drivers/STM32F1xx_HAL_Driver/Src/stm32f1xx_hal_rtc_ex.c ****   if (__HAL_RTC_SECOND_GET_IT_SOURCE(hrtc, RTC_IT_SEC))
 638              		.loc 1 379 0
 639 0012 10B5     		push	{r4, lr}
 640              	.LCFI6:
 641              		.cfi_def_cfa_offset 8
 642              		.cfi_offset 4, -8
 643              		.cfi_offset 14, -4
 644 0014 0446     		mov	r4, r0
 386:Drivers/STM32F1xx_HAL_Driver/Src/stm32f1xx_hal_rtc_ex.c ****       {
 645              		.loc 1 386 0
 646 0016 5B68     		ldr	r3, [r3, #4]
 647 0018 13F0040F 		tst	r3, #4
 648 001c 0DD0     		beq	.L62
 389:Drivers/STM32F1xx_HAL_Driver/Src/stm32f1xx_hal_rtc_ex.c **** 
 649              		.loc 1 389 0
 650 001e FFF7FEFF 		bl	HAL_RTCEx_RTCEventErrorCallback
 651              	.LVL56:
 392:Drivers/STM32F1xx_HAL_Driver/Src/stm32f1xx_hal_rtc_ex.c **** 
 652              		.loc 1 392 0
 653 0022 2368     		ldr	r3, [r4]
 654 0024 6FF00402 		mvn	r2, #4
 655 0028 5A60     		str	r2, [r3, #4]
 395:Drivers/STM32F1xx_HAL_Driver/Src/stm32f1xx_hal_rtc_ex.c ****       }
 656              		.loc 1 395 0
 657 002a 0423     		movs	r3, #4
 658 002c 6374     		strb	r3, [r4, #17]
 659              	.L63:
 407:Drivers/STM32F1xx_HAL_Driver/Src/stm32f1xx_hal_rtc_ex.c ****     }
 660              		.loc 1 407 0
 661 002e 2268     		ldr	r2, [r4]
 662 0030 5368     		ldr	r3, [r2, #4]
 663 0032 23F00103 		bic	r3, r3, #1
 664 0036 5360     		str	r3, [r2, #4]
 410:Drivers/STM32F1xx_HAL_Driver/Src/stm32f1xx_hal_rtc_ex.c **** 
 665              		.loc 1 410 0
 666 0038 10BD     		pop	{r4, pc}
 667              	.LVL57:
 668              	.L62:
 400:Drivers/STM32F1xx_HAL_Driver/Src/stm32f1xx_hal_rtc_ex.c **** 
 669              		.loc 1 400 0
 670 003a FFF7FEFF 		bl	HAL_RTCEx_RTCEventCallback
 671              	.LVL58:
 403:Drivers/STM32F1xx_HAL_Driver/Src/stm32f1xx_hal_rtc_ex.c ****       }
 672              		.loc 1 403 0
 673 003e 0123     		movs	r3, #1
 674 0040 6374     		strb	r3, [r4, #17]
 675 0042 F4E7     		b	.L63
 676              	.LVL59:
 677              	.L65:
 678              	.LCFI7:
 679              		.cfi_def_cfa_offset 0
 680              		.cfi_restore 4
 681              		.cfi_restore 14
 682 0044 7047     		bx	lr
 683              		.cfi_endproc
ARM GAS  C:\Users\ASUS\AppData\Local\Temp\ccD4beEz.s 			page 21


 684              	.LFE73:
 686              		.section	.text.HAL_RTCEx_BKUPWrite,"ax",%progbits
 687              		.align	1
 688              		.global	HAL_RTCEx_BKUPWrite
 689              		.syntax unified
 690              		.thumb
 691              		.thumb_func
 692              		.fpu softvfp
 694              	HAL_RTCEx_BKUPWrite:
 695              	.LFB76:
 441:Drivers/STM32F1xx_HAL_Driver/Src/stm32f1xx_hal_rtc_ex.c **** 
 442:Drivers/STM32F1xx_HAL_Driver/Src/stm32f1xx_hal_rtc_ex.c **** /**
 443:Drivers/STM32F1xx_HAL_Driver/Src/stm32f1xx_hal_rtc_ex.c ****   * @}
 444:Drivers/STM32F1xx_HAL_Driver/Src/stm32f1xx_hal_rtc_ex.c ****   */
 445:Drivers/STM32F1xx_HAL_Driver/Src/stm32f1xx_hal_rtc_ex.c **** 
 446:Drivers/STM32F1xx_HAL_Driver/Src/stm32f1xx_hal_rtc_ex.c **** /** @defgroup RTCEx_Exported_Functions_Group3 Extended Peripheral Control functions
 447:Drivers/STM32F1xx_HAL_Driver/Src/stm32f1xx_hal_rtc_ex.c ****   * @brief    Extended Peripheral Control functions
 448:Drivers/STM32F1xx_HAL_Driver/Src/stm32f1xx_hal_rtc_ex.c ****   *
 449:Drivers/STM32F1xx_HAL_Driver/Src/stm32f1xx_hal_rtc_ex.c **** @verbatim
 450:Drivers/STM32F1xx_HAL_Driver/Src/stm32f1xx_hal_rtc_ex.c ****  ===============================================================================
 451:Drivers/STM32F1xx_HAL_Driver/Src/stm32f1xx_hal_rtc_ex.c ****               ##### Extension Peripheral Control functions #####
 452:Drivers/STM32F1xx_HAL_Driver/Src/stm32f1xx_hal_rtc_ex.c ****  ===============================================================================
 453:Drivers/STM32F1xx_HAL_Driver/Src/stm32f1xx_hal_rtc_ex.c ****     [..]
 454:Drivers/STM32F1xx_HAL_Driver/Src/stm32f1xx_hal_rtc_ex.c ****     This subsection provides functions allowing to
 455:Drivers/STM32F1xx_HAL_Driver/Src/stm32f1xx_hal_rtc_ex.c ****       (+) Writes a data in a specified RTC Backup data register
 456:Drivers/STM32F1xx_HAL_Driver/Src/stm32f1xx_hal_rtc_ex.c ****       (+) Read a data in a specified RTC Backup data register
 457:Drivers/STM32F1xx_HAL_Driver/Src/stm32f1xx_hal_rtc_ex.c ****       (+) Sets the Smooth calibration parameters.
 458:Drivers/STM32F1xx_HAL_Driver/Src/stm32f1xx_hal_rtc_ex.c **** 
 459:Drivers/STM32F1xx_HAL_Driver/Src/stm32f1xx_hal_rtc_ex.c **** @endverbatim
 460:Drivers/STM32F1xx_HAL_Driver/Src/stm32f1xx_hal_rtc_ex.c ****   * @{
 461:Drivers/STM32F1xx_HAL_Driver/Src/stm32f1xx_hal_rtc_ex.c ****   */
 462:Drivers/STM32F1xx_HAL_Driver/Src/stm32f1xx_hal_rtc_ex.c **** 
 463:Drivers/STM32F1xx_HAL_Driver/Src/stm32f1xx_hal_rtc_ex.c **** /**
 464:Drivers/STM32F1xx_HAL_Driver/Src/stm32f1xx_hal_rtc_ex.c ****   * @brief  Writes a data in a specified RTC Backup data register.
 465:Drivers/STM32F1xx_HAL_Driver/Src/stm32f1xx_hal_rtc_ex.c ****   * @param  hrtc: pointer to a RTC_HandleTypeDef structure that contains
 466:Drivers/STM32F1xx_HAL_Driver/Src/stm32f1xx_hal_rtc_ex.c ****   *                the configuration information for RTC.
 467:Drivers/STM32F1xx_HAL_Driver/Src/stm32f1xx_hal_rtc_ex.c ****   * @param  BackupRegister: RTC Backup data Register number.
 468:Drivers/STM32F1xx_HAL_Driver/Src/stm32f1xx_hal_rtc_ex.c ****   *          This parameter can be: RTC_BKP_DRx where x can be from 1 to 10 (or 42) to
 469:Drivers/STM32F1xx_HAL_Driver/Src/stm32f1xx_hal_rtc_ex.c ****   *                                 specify the register (depending devices).
 470:Drivers/STM32F1xx_HAL_Driver/Src/stm32f1xx_hal_rtc_ex.c ****   * @param  Data: Data to be written in the specified RTC Backup data register.
 471:Drivers/STM32F1xx_HAL_Driver/Src/stm32f1xx_hal_rtc_ex.c ****   * @retval None
 472:Drivers/STM32F1xx_HAL_Driver/Src/stm32f1xx_hal_rtc_ex.c ****   */
 473:Drivers/STM32F1xx_HAL_Driver/Src/stm32f1xx_hal_rtc_ex.c **** void HAL_RTCEx_BKUPWrite(RTC_HandleTypeDef *hrtc, uint32_t BackupRegister, uint32_t Data)
 474:Drivers/STM32F1xx_HAL_Driver/Src/stm32f1xx_hal_rtc_ex.c **** {
 696              		.loc 1 474 0
 697              		.cfi_startproc
 698              		@ args = 0, pretend = 0, frame = 0
 699              		@ frame_needed = 0, uses_anonymous_args = 0
 700              		@ link register save eliminated.
 701              	.LVL60:
 475:Drivers/STM32F1xx_HAL_Driver/Src/stm32f1xx_hal_rtc_ex.c ****   uint32_t tmp = 0U;
 476:Drivers/STM32F1xx_HAL_Driver/Src/stm32f1xx_hal_rtc_ex.c **** 
 477:Drivers/STM32F1xx_HAL_Driver/Src/stm32f1xx_hal_rtc_ex.c ****   /* Prevent unused argument(s) compilation warning */
 478:Drivers/STM32F1xx_HAL_Driver/Src/stm32f1xx_hal_rtc_ex.c ****   UNUSED(hrtc);
 479:Drivers/STM32F1xx_HAL_Driver/Src/stm32f1xx_hal_rtc_ex.c **** 
 480:Drivers/STM32F1xx_HAL_Driver/Src/stm32f1xx_hal_rtc_ex.c ****   /* Check the parameters */
 481:Drivers/STM32F1xx_HAL_Driver/Src/stm32f1xx_hal_rtc_ex.c ****   assert_param(IS_RTC_BKP(BackupRegister));
ARM GAS  C:\Users\ASUS\AppData\Local\Temp\ccD4beEz.s 			page 22


 482:Drivers/STM32F1xx_HAL_Driver/Src/stm32f1xx_hal_rtc_ex.c **** 
 483:Drivers/STM32F1xx_HAL_Driver/Src/stm32f1xx_hal_rtc_ex.c ****   tmp = (uint32_t)BKP_BASE;
 484:Drivers/STM32F1xx_HAL_Driver/Src/stm32f1xx_hal_rtc_ex.c ****   tmp += (BackupRegister * 4U);
 702              		.loc 1 484 0
 703 0000 8900     		lsls	r1, r1, #2
 704              	.LVL61:
 705 0002 01F18041 		add	r1, r1, #1073741824
 706 0006 01F5D841 		add	r1, r1, #27648
 707              	.LVL62:
 485:Drivers/STM32F1xx_HAL_Driver/Src/stm32f1xx_hal_rtc_ex.c **** 
 486:Drivers/STM32F1xx_HAL_Driver/Src/stm32f1xx_hal_rtc_ex.c ****   *(__IO uint32_t *) tmp = (Data & BKP_DR1_D);
 708              		.loc 1 486 0
 709 000a 92B2     		uxth	r2, r2
 710              	.LVL63:
 711 000c 0A60     		str	r2, [r1]
 487:Drivers/STM32F1xx_HAL_Driver/Src/stm32f1xx_hal_rtc_ex.c **** }
 712              		.loc 1 487 0
 713 000e 7047     		bx	lr
 714              		.cfi_endproc
 715              	.LFE76:
 717              		.section	.text.HAL_RTCEx_BKUPRead,"ax",%progbits
 718              		.align	1
 719              		.global	HAL_RTCEx_BKUPRead
 720              		.syntax unified
 721              		.thumb
 722              		.thumb_func
 723              		.fpu softvfp
 725              	HAL_RTCEx_BKUPRead:
 726              	.LFB77:
 488:Drivers/STM32F1xx_HAL_Driver/Src/stm32f1xx_hal_rtc_ex.c **** 
 489:Drivers/STM32F1xx_HAL_Driver/Src/stm32f1xx_hal_rtc_ex.c **** /**
 490:Drivers/STM32F1xx_HAL_Driver/Src/stm32f1xx_hal_rtc_ex.c ****   * @brief  Reads data from the specified RTC Backup data Register.
 491:Drivers/STM32F1xx_HAL_Driver/Src/stm32f1xx_hal_rtc_ex.c ****   * @param  hrtc: pointer to a RTC_HandleTypeDef structure that contains
 492:Drivers/STM32F1xx_HAL_Driver/Src/stm32f1xx_hal_rtc_ex.c ****   *                the configuration information for RTC.
 493:Drivers/STM32F1xx_HAL_Driver/Src/stm32f1xx_hal_rtc_ex.c ****   * @param  BackupRegister: RTC Backup data Register number.
 494:Drivers/STM32F1xx_HAL_Driver/Src/stm32f1xx_hal_rtc_ex.c ****   *          This parameter can be: RTC_BKP_DRx where x can be from 1 to 10 (or 42) to
 495:Drivers/STM32F1xx_HAL_Driver/Src/stm32f1xx_hal_rtc_ex.c ****   *                                 specify the register (depending devices).
 496:Drivers/STM32F1xx_HAL_Driver/Src/stm32f1xx_hal_rtc_ex.c ****   * @retval Read value
 497:Drivers/STM32F1xx_HAL_Driver/Src/stm32f1xx_hal_rtc_ex.c ****   */
 498:Drivers/STM32F1xx_HAL_Driver/Src/stm32f1xx_hal_rtc_ex.c **** uint32_t HAL_RTCEx_BKUPRead(RTC_HandleTypeDef *hrtc, uint32_t BackupRegister)
 499:Drivers/STM32F1xx_HAL_Driver/Src/stm32f1xx_hal_rtc_ex.c **** {
 727              		.loc 1 499 0
 728              		.cfi_startproc
 729              		@ args = 0, pretend = 0, frame = 0
 730              		@ frame_needed = 0, uses_anonymous_args = 0
 731              		@ link register save eliminated.
 732              	.LVL64:
 500:Drivers/STM32F1xx_HAL_Driver/Src/stm32f1xx_hal_rtc_ex.c ****   uint32_t backupregister = 0U;
 501:Drivers/STM32F1xx_HAL_Driver/Src/stm32f1xx_hal_rtc_ex.c ****   uint32_t pvalue = 0U;
 502:Drivers/STM32F1xx_HAL_Driver/Src/stm32f1xx_hal_rtc_ex.c **** 
 503:Drivers/STM32F1xx_HAL_Driver/Src/stm32f1xx_hal_rtc_ex.c ****   /* Prevent unused argument(s) compilation warning */
 504:Drivers/STM32F1xx_HAL_Driver/Src/stm32f1xx_hal_rtc_ex.c ****   UNUSED(hrtc);
 505:Drivers/STM32F1xx_HAL_Driver/Src/stm32f1xx_hal_rtc_ex.c **** 
 506:Drivers/STM32F1xx_HAL_Driver/Src/stm32f1xx_hal_rtc_ex.c ****   /* Check the parameters */
 507:Drivers/STM32F1xx_HAL_Driver/Src/stm32f1xx_hal_rtc_ex.c ****   assert_param(IS_RTC_BKP(BackupRegister));
 508:Drivers/STM32F1xx_HAL_Driver/Src/stm32f1xx_hal_rtc_ex.c **** 
 509:Drivers/STM32F1xx_HAL_Driver/Src/stm32f1xx_hal_rtc_ex.c ****   backupregister = (uint32_t)BKP_BASE;
ARM GAS  C:\Users\ASUS\AppData\Local\Temp\ccD4beEz.s 			page 23


 510:Drivers/STM32F1xx_HAL_Driver/Src/stm32f1xx_hal_rtc_ex.c ****   backupregister += (BackupRegister * 4U);
 733              		.loc 1 510 0
 734 0000 8900     		lsls	r1, r1, #2
 735              	.LVL65:
 736 0002 01F18041 		add	r1, r1, #1073741824
 737 0006 01F5D841 		add	r1, r1, #27648
 738              	.LVL66:
 511:Drivers/STM32F1xx_HAL_Driver/Src/stm32f1xx_hal_rtc_ex.c **** 
 512:Drivers/STM32F1xx_HAL_Driver/Src/stm32f1xx_hal_rtc_ex.c ****   pvalue = (*(__IO uint32_t *)(backupregister)) & BKP_DR1_D;
 739              		.loc 1 512 0
 740 000a 0868     		ldr	r0, [r1]
 741              	.LVL67:
 513:Drivers/STM32F1xx_HAL_Driver/Src/stm32f1xx_hal_rtc_ex.c **** 
 514:Drivers/STM32F1xx_HAL_Driver/Src/stm32f1xx_hal_rtc_ex.c ****   /* Read the specified register */
 515:Drivers/STM32F1xx_HAL_Driver/Src/stm32f1xx_hal_rtc_ex.c ****   return pvalue;
 516:Drivers/STM32F1xx_HAL_Driver/Src/stm32f1xx_hal_rtc_ex.c **** }
 742              		.loc 1 516 0
 743 000c 80B2     		uxth	r0, r0
 744              	.LVL68:
 745 000e 7047     		bx	lr
 746              		.cfi_endproc
 747              	.LFE77:
 749              		.section	.text.HAL_RTCEx_SetSmoothCalib,"ax",%progbits
 750              		.align	1
 751              		.global	HAL_RTCEx_SetSmoothCalib
 752              		.syntax unified
 753              		.thumb
 754              		.thumb_func
 755              		.fpu softvfp
 757              	HAL_RTCEx_SetSmoothCalib:
 758              	.LFB78:
 517:Drivers/STM32F1xx_HAL_Driver/Src/stm32f1xx_hal_rtc_ex.c **** 
 518:Drivers/STM32F1xx_HAL_Driver/Src/stm32f1xx_hal_rtc_ex.c **** 
 519:Drivers/STM32F1xx_HAL_Driver/Src/stm32f1xx_hal_rtc_ex.c **** /**
 520:Drivers/STM32F1xx_HAL_Driver/Src/stm32f1xx_hal_rtc_ex.c ****   * @brief  Sets the Smooth calibration parameters.
 521:Drivers/STM32F1xx_HAL_Driver/Src/stm32f1xx_hal_rtc_ex.c ****   * @param  hrtc: RTC handle
 522:Drivers/STM32F1xx_HAL_Driver/Src/stm32f1xx_hal_rtc_ex.c ****   * @param  SmoothCalibPeriod: Not used (only present for compatibility with another families)
 523:Drivers/STM32F1xx_HAL_Driver/Src/stm32f1xx_hal_rtc_ex.c ****   * @param  SmoothCalibPlusPulses: Not used (only present for compatibility with another families)
 524:Drivers/STM32F1xx_HAL_Driver/Src/stm32f1xx_hal_rtc_ex.c ****   * @param  SmouthCalibMinusPulsesValue: specifies the RTC Clock Calibration value.
 525:Drivers/STM32F1xx_HAL_Driver/Src/stm32f1xx_hal_rtc_ex.c ****   *          This parameter must be a number between 0 and 0x7F.
 526:Drivers/STM32F1xx_HAL_Driver/Src/stm32f1xx_hal_rtc_ex.c ****   * @retval HAL status
 527:Drivers/STM32F1xx_HAL_Driver/Src/stm32f1xx_hal_rtc_ex.c ****   */
 528:Drivers/STM32F1xx_HAL_Driver/Src/stm32f1xx_hal_rtc_ex.c **** HAL_StatusTypeDef HAL_RTCEx_SetSmoothCalib(RTC_HandleTypeDef *hrtc, uint32_t SmoothCalibPeriod, uin
 529:Drivers/STM32F1xx_HAL_Driver/Src/stm32f1xx_hal_rtc_ex.c **** {
 759              		.loc 1 529 0
 760              		.cfi_startproc
 761              		@ args = 0, pretend = 0, frame = 0
 762              		@ frame_needed = 0, uses_anonymous_args = 0
 763              		@ link register save eliminated.
 764              	.LVL69:
 530:Drivers/STM32F1xx_HAL_Driver/Src/stm32f1xx_hal_rtc_ex.c ****   /* Check input parameters */
 531:Drivers/STM32F1xx_HAL_Driver/Src/stm32f1xx_hal_rtc_ex.c ****   if (hrtc == NULL)
 765              		.loc 1 531 0
 766 0000 98B1     		cbz	r0, .L72
 767 0002 0246     		mov	r2, r0
 768              	.LVL70:
 532:Drivers/STM32F1xx_HAL_Driver/Src/stm32f1xx_hal_rtc_ex.c ****   {
ARM GAS  C:\Users\ASUS\AppData\Local\Temp\ccD4beEz.s 			page 24


 533:Drivers/STM32F1xx_HAL_Driver/Src/stm32f1xx_hal_rtc_ex.c ****     return HAL_ERROR;
 534:Drivers/STM32F1xx_HAL_Driver/Src/stm32f1xx_hal_rtc_ex.c ****   }
 535:Drivers/STM32F1xx_HAL_Driver/Src/stm32f1xx_hal_rtc_ex.c ****   /* Prevent unused argument(s) compilation warning */
 536:Drivers/STM32F1xx_HAL_Driver/Src/stm32f1xx_hal_rtc_ex.c ****   UNUSED(SmoothCalibPeriod);
 537:Drivers/STM32F1xx_HAL_Driver/Src/stm32f1xx_hal_rtc_ex.c ****   UNUSED(SmoothCalibPlusPulses);
 538:Drivers/STM32F1xx_HAL_Driver/Src/stm32f1xx_hal_rtc_ex.c **** 
 539:Drivers/STM32F1xx_HAL_Driver/Src/stm32f1xx_hal_rtc_ex.c ****   /* Check the parameters */
 540:Drivers/STM32F1xx_HAL_Driver/Src/stm32f1xx_hal_rtc_ex.c ****   assert_param(IS_RTC_SMOOTH_CALIB_MINUS(SmouthCalibMinusPulsesValue));
 541:Drivers/STM32F1xx_HAL_Driver/Src/stm32f1xx_hal_rtc_ex.c **** 
 542:Drivers/STM32F1xx_HAL_Driver/Src/stm32f1xx_hal_rtc_ex.c ****   /* Process Locked */
 543:Drivers/STM32F1xx_HAL_Driver/Src/stm32f1xx_hal_rtc_ex.c ****   __HAL_LOCK(hrtc);
 769              		.loc 1 543 0
 770 0004 017C     		ldrb	r1, [r0, #16]	@ zero_extendqisi2
 771              	.LVL71:
 772 0006 0129     		cmp	r1, #1
 773 0008 11D0     		beq	.L73
 529:Drivers/STM32F1xx_HAL_Driver/Src/stm32f1xx_hal_rtc_ex.c ****   /* Check input parameters */
 774              		.loc 1 529 0 discriminator 2
 775 000a 10B4     		push	{r4}
 776              	.LCFI8:
 777              		.cfi_def_cfa_offset 4
 778              		.cfi_offset 4, -4
 779              		.loc 1 543 0 discriminator 2
 780 000c 0120     		movs	r0, #1
 781              	.LVL72:
 782 000e 1074     		strb	r0, [r2, #16]
 544:Drivers/STM32F1xx_HAL_Driver/Src/stm32f1xx_hal_rtc_ex.c **** 
 545:Drivers/STM32F1xx_HAL_Driver/Src/stm32f1xx_hal_rtc_ex.c ****   hrtc->State = HAL_RTC_STATE_BUSY;
 783              		.loc 1 545 0 discriminator 2
 784 0010 0221     		movs	r1, #2
 785 0012 5174     		strb	r1, [r2, #17]
 546:Drivers/STM32F1xx_HAL_Driver/Src/stm32f1xx_hal_rtc_ex.c **** 
 547:Drivers/STM32F1xx_HAL_Driver/Src/stm32f1xx_hal_rtc_ex.c ****   /* Sets RTC Clock Calibration value.*/
 548:Drivers/STM32F1xx_HAL_Driver/Src/stm32f1xx_hal_rtc_ex.c ****   MODIFY_REG(BKP->RTCCR, BKP_RTCCR_CAL, SmouthCalibMinusPulsesValue);
 786              		.loc 1 548 0 discriminator 2
 787 0014 074C     		ldr	r4, .L78
 788 0016 E16A     		ldr	r1, [r4, #44]
 789 0018 21F07F01 		bic	r1, r1, #127
 790 001c 0B43     		orrs	r3, r3, r1
 791              	.LVL73:
 792 001e E362     		str	r3, [r4, #44]
 549:Drivers/STM32F1xx_HAL_Driver/Src/stm32f1xx_hal_rtc_ex.c **** 
 550:Drivers/STM32F1xx_HAL_Driver/Src/stm32f1xx_hal_rtc_ex.c ****   /* Change RTC state */
 551:Drivers/STM32F1xx_HAL_Driver/Src/stm32f1xx_hal_rtc_ex.c ****   hrtc->State = HAL_RTC_STATE_READY;
 793              		.loc 1 551 0 discriminator 2
 794 0020 5074     		strb	r0, [r2, #17]
 552:Drivers/STM32F1xx_HAL_Driver/Src/stm32f1xx_hal_rtc_ex.c **** 
 553:Drivers/STM32F1xx_HAL_Driver/Src/stm32f1xx_hal_rtc_ex.c ****   /* Process Unlocked */
 554:Drivers/STM32F1xx_HAL_Driver/Src/stm32f1xx_hal_rtc_ex.c ****   __HAL_UNLOCK(hrtc);
 795              		.loc 1 554 0 discriminator 2
 796 0022 0020     		movs	r0, #0
 797 0024 1074     		strb	r0, [r2, #16]
 555:Drivers/STM32F1xx_HAL_Driver/Src/stm32f1xx_hal_rtc_ex.c **** 
 556:Drivers/STM32F1xx_HAL_Driver/Src/stm32f1xx_hal_rtc_ex.c ****   return HAL_OK;
 557:Drivers/STM32F1xx_HAL_Driver/Src/stm32f1xx_hal_rtc_ex.c **** }
 798              		.loc 1 557 0 discriminator 2
 799 0026 10BC     		pop	{r4}
ARM GAS  C:\Users\ASUS\AppData\Local\Temp\ccD4beEz.s 			page 25


 800              	.LCFI9:
 801              		.cfi_restore 4
 802              		.cfi_def_cfa_offset 0
 803 0028 7047     		bx	lr
 804              	.LVL74:
 805              	.L72:
 533:Drivers/STM32F1xx_HAL_Driver/Src/stm32f1xx_hal_rtc_ex.c ****   }
 806              		.loc 1 533 0
 807 002a 0120     		movs	r0, #1
 808              	.LVL75:
 809 002c 7047     		bx	lr
 810              	.LVL76:
 811              	.L73:
 543:Drivers/STM32F1xx_HAL_Driver/Src/stm32f1xx_hal_rtc_ex.c **** 
 812              		.loc 1 543 0
 813 002e 0220     		movs	r0, #2
 814              	.LVL77:
 815              		.loc 1 557 0
 816 0030 7047     		bx	lr
 817              	.L79:
 818 0032 00BF     		.align	2
 819              	.L78:
 820 0034 006C0040 		.word	1073769472
 821              		.cfi_endproc
 822              	.LFE78:
 824              		.text
 825              	.Letext0:
 826              		.file 2 "c:\\program files (x86)\\gnu_tools_arm_embedded\\7_2017-q4-major\\arm-none-eabi\\include\
 827              		.file 3 "c:\\program files (x86)\\gnu_tools_arm_embedded\\7_2017-q4-major\\arm-none-eabi\\include\
 828              		.file 4 "Drivers/CMSIS/Include/core_cm3.h"
 829              		.file 5 "Drivers/CMSIS/Device/ST/STM32F1xx/Include/system_stm32f1xx.h"
 830              		.file 6 "Drivers/CMSIS/Device/ST/STM32F1xx/Include/stm32f103xb.h"
 831              		.file 7 "Drivers/CMSIS/Device/ST/STM32F1xx/Include/stm32f1xx.h"
 832              		.file 8 "Drivers/STM32F1xx_HAL_Driver/Inc/stm32f1xx_hal_def.h"
 833              		.file 9 "Drivers/STM32F1xx_HAL_Driver/Inc/stm32f1xx_hal_rtc.h"
 834              		.file 10 "Drivers/STM32F1xx_HAL_Driver/Inc/stm32f1xx_hal_rtc_ex.h"
 835              		.file 11 "Drivers/STM32F1xx_HAL_Driver/Inc/stm32f1xx_hal.h"
ARM GAS  C:\Users\ASUS\AppData\Local\Temp\ccD4beEz.s 			page 26


DEFINED SYMBOLS
                            *ABS*:00000000 stm32f1xx_hal_rtc_ex.c
C:\Users\ASUS\AppData\Local\Temp\ccD4beEz.s:16     .text.HAL_RTCEx_SetTamper:00000000 $t
C:\Users\ASUS\AppData\Local\Temp\ccD4beEz.s:23     .text.HAL_RTCEx_SetTamper:00000000 HAL_RTCEx_SetTamper
C:\Users\ASUS\AppData\Local\Temp\ccD4beEz.s:113    .text.HAL_RTCEx_SetTamper:00000058 $d
C:\Users\ASUS\AppData\Local\Temp\ccD4beEz.s:118    .text.HAL_RTCEx_SetTamper_IT:00000000 $t
C:\Users\ASUS\AppData\Local\Temp\ccD4beEz.s:125    .text.HAL_RTCEx_SetTamper_IT:00000000 HAL_RTCEx_SetTamper_IT
C:\Users\ASUS\AppData\Local\Temp\ccD4beEz.s:218    .text.HAL_RTCEx_SetTamper_IT:00000060 $d
C:\Users\ASUS\AppData\Local\Temp\ccD4beEz.s:223    .text.HAL_RTCEx_DeactivateTamper:00000000 $t
C:\Users\ASUS\AppData\Local\Temp\ccD4beEz.s:230    .text.HAL_RTCEx_DeactivateTamper:00000000 HAL_RTCEx_DeactivateTamper
C:\Users\ASUS\AppData\Local\Temp\ccD4beEz.s:293    .text.HAL_RTCEx_DeactivateTamper:00000044 $d
C:\Users\ASUS\AppData\Local\Temp\ccD4beEz.s:298    .text.HAL_RTCEx_Tamper1EventCallback:00000000 $t
C:\Users\ASUS\AppData\Local\Temp\ccD4beEz.s:305    .text.HAL_RTCEx_Tamper1EventCallback:00000000 HAL_RTCEx_Tamper1EventCallback
C:\Users\ASUS\AppData\Local\Temp\ccD4beEz.s:319    .text.HAL_RTCEx_TamperIRQHandler:00000000 $t
C:\Users\ASUS\AppData\Local\Temp\ccD4beEz.s:326    .text.HAL_RTCEx_TamperIRQHandler:00000000 HAL_RTCEx_TamperIRQHandler
C:\Users\ASUS\AppData\Local\Temp\ccD4beEz.s:370    .text.HAL_RTCEx_TamperIRQHandler:00000030 $d
C:\Users\ASUS\AppData\Local\Temp\ccD4beEz.s:375    .text.HAL_RTCEx_PollForTamper1Event:00000000 $t
C:\Users\ASUS\AppData\Local\Temp\ccD4beEz.s:382    .text.HAL_RTCEx_PollForTamper1Event:00000000 HAL_RTCEx_PollForTamper1Event
C:\Users\ASUS\AppData\Local\Temp\ccD4beEz.s:452    .text.HAL_RTCEx_PollForTamper1Event:00000048 $d
C:\Users\ASUS\AppData\Local\Temp\ccD4beEz.s:457    .text.HAL_RTCEx_SetSecond_IT:00000000 $t
C:\Users\ASUS\AppData\Local\Temp\ccD4beEz.s:464    .text.HAL_RTCEx_SetSecond_IT:00000000 HAL_RTCEx_SetSecond_IT
C:\Users\ASUS\AppData\Local\Temp\ccD4beEz.s:515    .text.HAL_RTCEx_DeactivateSecond:00000000 $t
C:\Users\ASUS\AppData\Local\Temp\ccD4beEz.s:522    .text.HAL_RTCEx_DeactivateSecond:00000000 HAL_RTCEx_DeactivateSecond
C:\Users\ASUS\AppData\Local\Temp\ccD4beEz.s:573    .text.HAL_RTCEx_RTCEventCallback:00000000 $t
C:\Users\ASUS\AppData\Local\Temp\ccD4beEz.s:580    .text.HAL_RTCEx_RTCEventCallback:00000000 HAL_RTCEx_RTCEventCallback
C:\Users\ASUS\AppData\Local\Temp\ccD4beEz.s:594    .text.HAL_RTCEx_RTCEventErrorCallback:00000000 $t
C:\Users\ASUS\AppData\Local\Temp\ccD4beEz.s:601    .text.HAL_RTCEx_RTCEventErrorCallback:00000000 HAL_RTCEx_RTCEventErrorCallback
C:\Users\ASUS\AppData\Local\Temp\ccD4beEz.s:615    .text.HAL_RTCEx_RTCIRQHandler:00000000 $t
C:\Users\ASUS\AppData\Local\Temp\ccD4beEz.s:622    .text.HAL_RTCEx_RTCIRQHandler:00000000 HAL_RTCEx_RTCIRQHandler
C:\Users\ASUS\AppData\Local\Temp\ccD4beEz.s:687    .text.HAL_RTCEx_BKUPWrite:00000000 $t
C:\Users\ASUS\AppData\Local\Temp\ccD4beEz.s:694    .text.HAL_RTCEx_BKUPWrite:00000000 HAL_RTCEx_BKUPWrite
C:\Users\ASUS\AppData\Local\Temp\ccD4beEz.s:718    .text.HAL_RTCEx_BKUPRead:00000000 $t
C:\Users\ASUS\AppData\Local\Temp\ccD4beEz.s:725    .text.HAL_RTCEx_BKUPRead:00000000 HAL_RTCEx_BKUPRead
C:\Users\ASUS\AppData\Local\Temp\ccD4beEz.s:750    .text.HAL_RTCEx_SetSmoothCalib:00000000 $t
C:\Users\ASUS\AppData\Local\Temp\ccD4beEz.s:757    .text.HAL_RTCEx_SetSmoothCalib:00000000 HAL_RTCEx_SetSmoothCalib
C:\Users\ASUS\AppData\Local\Temp\ccD4beEz.s:820    .text.HAL_RTCEx_SetSmoothCalib:00000034 $d

UNDEFINED SYMBOLS
HAL_GetTick
