ARM GAS  C:\Users\ASUS\AppData\Local\Temp\ccTucAIE.s 			page 1


   1              		.cpu cortex-m3
   2              		.eabi_attribute 20, 1
   3              		.eabi_attribute 21, 1
   4              		.eabi_attribute 23, 3
   5              		.eabi_attribute 24, 1
   6              		.eabi_attribute 25, 1
   7              		.eabi_attribute 26, 1
   8              		.eabi_attribute 30, 1
   9              		.eabi_attribute 34, 1
  10              		.eabi_attribute 18, 4
  11              		.file	"u8g2_cleardisplay.c"
  12              		.text
  13              	.Ltext0:
  14              		.cfi_sections	.debug_frame
  15              		.section	.text.u8g2_ClearDisplay,"ax",%progbits
  16              		.align	1
  17              		.global	u8g2_ClearDisplay
  18              		.syntax unified
  19              		.thumb
  20              		.thumb_func
  21              		.fpu softvfp
  23              	u8g2_ClearDisplay:
  24              	.LFB0:
  25              		.file 1 "Core/u8g2/u8g2_cleardisplay.c"
   1:Core/u8g2/u8g2_cleardisplay.c **** /*
   2:Core/u8g2/u8g2_cleardisplay.c **** 
   3:Core/u8g2/u8g2_cleardisplay.c ****   u8g2_cleardisplay.c
   4:Core/u8g2/u8g2_cleardisplay.c **** 
   5:Core/u8g2/u8g2_cleardisplay.c ****   Universal 8bit Graphics Library (https://github.com/olikraus/u8g2/)
   6:Core/u8g2/u8g2_cleardisplay.c **** 
   7:Core/u8g2/u8g2_cleardisplay.c ****   Copyright (c) 2016, olikraus@gmail.com
   8:Core/u8g2/u8g2_cleardisplay.c ****   All rights reserved.
   9:Core/u8g2/u8g2_cleardisplay.c **** 
  10:Core/u8g2/u8g2_cleardisplay.c ****   Redistribution and use in source and binary forms, with or without modification, 
  11:Core/u8g2/u8g2_cleardisplay.c ****   are permitted provided that the following conditions are met:
  12:Core/u8g2/u8g2_cleardisplay.c **** 
  13:Core/u8g2/u8g2_cleardisplay.c ****   * Redistributions of source code must retain the above copyright notice, this list 
  14:Core/u8g2/u8g2_cleardisplay.c ****     of conditions and the following disclaimer.
  15:Core/u8g2/u8g2_cleardisplay.c ****     
  16:Core/u8g2/u8g2_cleardisplay.c ****   * Redistributions in binary form must reproduce the above copyright notice, this 
  17:Core/u8g2/u8g2_cleardisplay.c ****     list of conditions and the following disclaimer in the documentation and/or other 
  18:Core/u8g2/u8g2_cleardisplay.c ****     materials provided with the distribution.
  19:Core/u8g2/u8g2_cleardisplay.c **** 
  20:Core/u8g2/u8g2_cleardisplay.c ****   THIS SOFTWARE IS PROVIDED BY THE COPYRIGHT HOLDERS AND 
  21:Core/u8g2/u8g2_cleardisplay.c ****   CONTRIBUTORS "AS IS" AND ANY EXPRESS OR IMPLIED WARRANTIES, 
  22:Core/u8g2/u8g2_cleardisplay.c ****   INCLUDING, BUT NOT LIMITED TO, THE IMPLIED WARRANTIES OF 
  23:Core/u8g2/u8g2_cleardisplay.c ****   MERCHANTABILITY AND FITNESS FOR A PARTICULAR PURPOSE ARE 
  24:Core/u8g2/u8g2_cleardisplay.c ****   DISCLAIMED. IN NO EVENT SHALL THE COPYRIGHT HOLDER OR 
  25:Core/u8g2/u8g2_cleardisplay.c ****   CONTRIBUTORS BE LIABLE FOR ANY DIRECT, INDIRECT, INCIDENTAL, 
  26:Core/u8g2/u8g2_cleardisplay.c ****   SPECIAL, EXEMPLARY, OR CONSEQUENTIAL DAMAGES (INCLUDING, BUT 
  27:Core/u8g2/u8g2_cleardisplay.c ****   NOT LIMITED TO, PROCUREMENT OF SUBSTITUTE GOODS OR SERVICES; 
  28:Core/u8g2/u8g2_cleardisplay.c ****   LOSS OF USE, DATA, OR PROFITS; OR BUSINESS INTERRUPTION) HOWEVER 
  29:Core/u8g2/u8g2_cleardisplay.c ****   CAUSED AND ON ANY THEORY OF LIABILITY, WHETHER IN CONTRACT, 
  30:Core/u8g2/u8g2_cleardisplay.c ****   STRICT LIABILITY, OR TORT (INCLUDING NEGLIGENCE OR OTHERWISE) 
  31:Core/u8g2/u8g2_cleardisplay.c ****   ARISING IN ANY WAY OUT OF THE USE OF THIS SOFTWARE, EVEN IF 
  32:Core/u8g2/u8g2_cleardisplay.c ****   ADVISED OF THE POSSIBILITY OF SUCH DAMAGE.  
  33:Core/u8g2/u8g2_cleardisplay.c **** 
ARM GAS  C:\Users\ASUS\AppData\Local\Temp\ccTucAIE.s 			page 2


  34:Core/u8g2/u8g2_cleardisplay.c **** */
  35:Core/u8g2/u8g2_cleardisplay.c **** #include "../u8g2/u8g2.h"
  36:Core/u8g2/u8g2_cleardisplay.c **** 
  37:Core/u8g2/u8g2_cleardisplay.c **** /* Clear screen buffer & display reliable for all u8g2 displays. */
  38:Core/u8g2/u8g2_cleardisplay.c **** /* This is done with u8g2 picture loop, because we can not use the u8x8 function in all cases */
  39:Core/u8g2/u8g2_cleardisplay.c **** void u8g2_ClearDisplay(u8g2_t *u8g2)
  40:Core/u8g2/u8g2_cleardisplay.c **** {
  26              		.loc 1 40 0
  27              		.cfi_startproc
  28              		@ args = 0, pretend = 0, frame = 0
  29              		@ frame_needed = 0, uses_anonymous_args = 0
  30              	.LVL0:
  31 0000 10B5     		push	{r4, lr}
  32              	.LCFI0:
  33              		.cfi_def_cfa_offset 8
  34              		.cfi_offset 4, -8
  35              		.cfi_offset 14, -4
  36 0002 0446     		mov	r4, r0
  41:Core/u8g2/u8g2_cleardisplay.c ****   u8g2_FirstPage(u8g2);
  37              		.loc 1 41 0
  38 0004 FFF7FEFF 		bl	u8g2_FirstPage
  39              	.LVL1:
  40              	.L2:
  42:Core/u8g2/u8g2_cleardisplay.c ****   do {
  43:Core/u8g2/u8g2_cleardisplay.c ****   } while ( u8g2_NextPage(u8g2) );
  41              		.loc 1 43 0 discriminator 1
  42 0008 2046     		mov	r0, r4
  43 000a FFF7FEFF 		bl	u8g2_NextPage
  44              	.LVL2:
  45 000e 0028     		cmp	r0, #0
  46 0010 FAD1     		bne	.L2
  44:Core/u8g2/u8g2_cleardisplay.c ****   /* 
  45:Core/u8g2/u8g2_cleardisplay.c ****     This function is usually called during startup (u8g2.begin()).
  46:Core/u8g2/u8g2_cleardisplay.c ****     However the user might want to use full buffer mode with clear and 
  47:Core/u8g2/u8g2_cleardisplay.c ****     send commands.
  48:Core/u8g2/u8g2_cleardisplay.c ****     This will not work because the current tile row is modified by the picture 
  49:Core/u8g2/u8g2_cleardisplay.c ****     loop above. To fix this, reset the tile row to 0, issue #370
  50:Core/u8g2/u8g2_cleardisplay.c ****     A workaround would be, that the user sets the current tile row to 0 manually.
  51:Core/u8g2/u8g2_cleardisplay.c ****   */
  52:Core/u8g2/u8g2_cleardisplay.c ****   u8g2_SetBufferCurrTileRow(u8g2, 0);  
  47              		.loc 1 52 0
  48 0012 0021     		movs	r1, #0
  49 0014 2046     		mov	r0, r4
  50 0016 FFF7FEFF 		bl	u8g2_SetBufferCurrTileRow
  51              	.LVL3:
  53:Core/u8g2/u8g2_cleardisplay.c **** }
  52              		.loc 1 53 0
  53 001a 10BD     		pop	{r4, pc}
  54              		.cfi_endproc
  55              	.LFE0:
  57              		.text
  58              	.Letext0:
  59              		.file 2 "c:\\program files (x86)\\gnu_tools_arm_embedded\\7_2017-q4-major\\arm-none-eabi\\include\
  60              		.file 3 "c:\\program files (x86)\\gnu_tools_arm_embedded\\7_2017-q4-major\\arm-none-eabi\\include\
  61              		.file 4 "Core/u8g2/../u8g2/../u8g2/u8x8.h"
  62              		.file 5 "Core/u8g2/../u8g2/u8g2.h"
ARM GAS  C:\Users\ASUS\AppData\Local\Temp\ccTucAIE.s 			page 3


DEFINED SYMBOLS
                            *ABS*:00000000 u8g2_cleardisplay.c
C:\Users\ASUS\AppData\Local\Temp\ccTucAIE.s:16     .text.u8g2_ClearDisplay:00000000 $t
C:\Users\ASUS\AppData\Local\Temp\ccTucAIE.s:23     .text.u8g2_ClearDisplay:00000000 u8g2_ClearDisplay

UNDEFINED SYMBOLS
u8g2_FirstPage
u8g2_NextPage
u8g2_SetBufferCurrTileRow
