ARM GAS  C:\Users\ASUS\AppData\Local\Temp\ccumbFUh.s 			page 1


   1              		.cpu cortex-m3
   2              		.eabi_attribute 20, 1
   3              		.eabi_attribute 21, 1
   4              		.eabi_attribute 23, 3
   5              		.eabi_attribute 24, 1
   6              		.eabi_attribute 25, 1
   7              		.eabi_attribute 26, 1
   8              		.eabi_attribute 30, 1
   9              		.eabi_attribute 34, 1
  10              		.eabi_attribute 18, 4
  11              		.file	"u8g2_buffer.c"
  12              		.text
  13              	.Ltext0:
  14              		.cfi_sections	.debug_frame
  15              		.section	.text.u8g2_send_tile_row,"ax",%progbits
  16              		.align	1
  17              		.syntax unified
  18              		.thumb
  19              		.thumb_func
  20              		.fpu softvfp
  22              	u8g2_send_tile_row:
  23              	.LFB1:
  24              		.file 1 "Core/u8g2/u8g2_buffer.c"
   1:Core/u8g2/u8g2_buffer.c **** /* 
   2:Core/u8g2/u8g2_buffer.c **** 
   3:Core/u8g2/u8g2_buffer.c ****   u8g2_buffer.c 
   4:Core/u8g2/u8g2_buffer.c **** 
   5:Core/u8g2/u8g2_buffer.c ****   Universal 8bit Graphics Library (https://github.com/olikraus/u8g2/)
   6:Core/u8g2/u8g2_buffer.c **** 
   7:Core/u8g2/u8g2_buffer.c ****   Copyright (c) 2016, olikraus@gmail.com
   8:Core/u8g2/u8g2_buffer.c ****   All rights reserved.
   9:Core/u8g2/u8g2_buffer.c **** 
  10:Core/u8g2/u8g2_buffer.c ****   Redistribution and use in source and binary forms, with or without modification, 
  11:Core/u8g2/u8g2_buffer.c ****   are permitted provided that the following conditions are met:
  12:Core/u8g2/u8g2_buffer.c **** 
  13:Core/u8g2/u8g2_buffer.c ****   * Redistributions of source code must retain the above copyright notice, this list 
  14:Core/u8g2/u8g2_buffer.c ****     of conditions and the following disclaimer.
  15:Core/u8g2/u8g2_buffer.c ****     
  16:Core/u8g2/u8g2_buffer.c ****   * Redistributions in binary form must reproduce the above copyright notice, this 
  17:Core/u8g2/u8g2_buffer.c ****     list of conditions and the following disclaimer in the documentation and/or other 
  18:Core/u8g2/u8g2_buffer.c ****     materials provided with the distribution.
  19:Core/u8g2/u8g2_buffer.c **** 
  20:Core/u8g2/u8g2_buffer.c ****   THIS SOFTWARE IS PROVIDED BY THE COPYRIGHT HOLDERS AND 
  21:Core/u8g2/u8g2_buffer.c ****   CONTRIBUTORS "AS IS" AND ANY EXPRESS OR IMPLIED WARRANTIES, 
  22:Core/u8g2/u8g2_buffer.c ****   INCLUDING, BUT NOT LIMITED TO, THE IMPLIED WARRANTIES OF 
  23:Core/u8g2/u8g2_buffer.c ****   MERCHANTABILITY AND FITNESS FOR A PARTICULAR PURPOSE ARE 
  24:Core/u8g2/u8g2_buffer.c ****   DISCLAIMED. IN NO EVENT SHALL THE COPYRIGHT HOLDER OR 
  25:Core/u8g2/u8g2_buffer.c ****   CONTRIBUTORS BE LIABLE FOR ANY DIRECT, INDIRECT, INCIDENTAL, 
  26:Core/u8g2/u8g2_buffer.c ****   SPECIAL, EXEMPLARY, OR CONSEQUENTIAL DAMAGES (INCLUDING, BUT 
  27:Core/u8g2/u8g2_buffer.c ****   NOT LIMITED TO, PROCUREMENT OF SUBSTITUTE GOODS OR SERVICES; 
  28:Core/u8g2/u8g2_buffer.c ****   LOSS OF USE, DATA, OR PROFITS; OR BUSINESS INTERRUPTION) HOWEVER 
  29:Core/u8g2/u8g2_buffer.c ****   CAUSED AND ON ANY THEORY OF LIABILITY, WHETHER IN CONTRACT, 
  30:Core/u8g2/u8g2_buffer.c ****   STRICT LIABILITY, OR TORT (INCLUDING NEGLIGENCE OR OTHERWISE) 
  31:Core/u8g2/u8g2_buffer.c ****   ARISING IN ANY WAY OUT OF THE USE OF THIS SOFTWARE, EVEN IF 
  32:Core/u8g2/u8g2_buffer.c ****   ADVISED OF THE POSSIBILITY OF SUCH DAMAGE.  
  33:Core/u8g2/u8g2_buffer.c **** 
  34:Core/u8g2/u8g2_buffer.c **** */
ARM GAS  C:\Users\ASUS\AppData\Local\Temp\ccumbFUh.s 			page 2


  35:Core/u8g2/u8g2_buffer.c **** 
  36:Core/u8g2/u8g2_buffer.c **** #include <string.h>
  37:Core/u8g2/u8g2_buffer.c **** #include "../u8g2/u8g2.h"
  38:Core/u8g2/u8g2_buffer.c **** 
  39:Core/u8g2/u8g2_buffer.c **** /*============================================*/
  40:Core/u8g2/u8g2_buffer.c **** void u8g2_ClearBuffer(u8g2_t *u8g2)
  41:Core/u8g2/u8g2_buffer.c **** {
  42:Core/u8g2/u8g2_buffer.c ****   size_t cnt;
  43:Core/u8g2/u8g2_buffer.c ****   cnt = u8g2_GetU8x8(u8g2)->display_info->tile_width;
  44:Core/u8g2/u8g2_buffer.c ****   cnt *= u8g2->tile_buf_height;
  45:Core/u8g2/u8g2_buffer.c ****   cnt *= 8;
  46:Core/u8g2/u8g2_buffer.c ****   memset(u8g2->tile_buf_ptr, 0, cnt);
  47:Core/u8g2/u8g2_buffer.c **** }
  48:Core/u8g2/u8g2_buffer.c **** 
  49:Core/u8g2/u8g2_buffer.c **** /*============================================*/
  50:Core/u8g2/u8g2_buffer.c **** 
  51:Core/u8g2/u8g2_buffer.c **** static void u8g2_send_tile_row(u8g2_t *u8g2, uint8_t src_tile_row, uint8_t dest_tile_row)
  52:Core/u8g2/u8g2_buffer.c **** {
  25              		.loc 1 52 0
  26              		.cfi_startproc
  27              		@ args = 0, pretend = 0, frame = 0
  28              		@ frame_needed = 0, uses_anonymous_args = 0
  29              	.LVL0:
  30 0000 10B5     		push	{r4, lr}
  31              	.LCFI0:
  32              		.cfi_def_cfa_offset 8
  33              		.cfi_offset 4, -8
  34              		.cfi_offset 14, -4
  35 0002 82B0     		sub	sp, sp, #8
  36              	.LCFI1:
  37              		.cfi_def_cfa_offset 16
  53:Core/u8g2/u8g2_buffer.c ****   uint8_t *ptr;
  54:Core/u8g2/u8g2_buffer.c ****   uint16_t offset;
  55:Core/u8g2/u8g2_buffer.c ****   uint8_t w;
  56:Core/u8g2/u8g2_buffer.c ****   
  57:Core/u8g2/u8g2_buffer.c ****   w = u8g2_GetU8x8(u8g2)->display_info->tile_width;
  38              		.loc 1 57 0
  39 0004 0368     		ldr	r3, [r0]
  40 0006 1B7C     		ldrb	r3, [r3, #16]	@ zero_extendqisi2
  41              	.LVL1:
  58:Core/u8g2/u8g2_buffer.c ****   offset = src_tile_row;
  59:Core/u8g2/u8g2_buffer.c ****   ptr = u8g2->tile_buf_ptr;
  42              		.loc 1 59 0
  43 0008 846B     		ldr	r4, [r0, #56]
  44              	.LVL2:
  60:Core/u8g2/u8g2_buffer.c ****   offset *= w;
  45              		.loc 1 60 0
  46 000a 03FB01F1 		mul	r1, r3, r1
  47              	.LVL3:
  61:Core/u8g2/u8g2_buffer.c ****   offset *= 8;
  48              		.loc 1 61 0
  49 000e C900     		lsls	r1, r1, #3
  50              	.LVL4:
  51 0010 89B2     		uxth	r1, r1
  52              	.LVL5:
  62:Core/u8g2/u8g2_buffer.c ****   ptr += offset;
  53              		.loc 1 62 0
ARM GAS  C:\Users\ASUS\AppData\Local\Temp\ccumbFUh.s 			page 3


  54 0012 2144     		add	r1, r1, r4
  55              	.LVL6:
  63:Core/u8g2/u8g2_buffer.c ****   u8x8_DrawTile(u8g2_GetU8x8(u8g2), 0, dest_tile_row, w, ptr);
  56              		.loc 1 63 0
  57 0014 0091     		str	r1, [sp]
  58 0016 0021     		movs	r1, #0
  59              	.LVL7:
  60 0018 FFF7FEFF 		bl	u8x8_DrawTile
  61              	.LVL8:
  64:Core/u8g2/u8g2_buffer.c **** }
  62              		.loc 1 64 0
  63 001c 02B0     		add	sp, sp, #8
  64              	.LCFI2:
  65              		.cfi_def_cfa_offset 8
  66              		@ sp needed
  67 001e 10BD     		pop	{r4, pc}
  68              		.cfi_endproc
  69              	.LFE1:
  71              		.section	.text.u8g2_send_buffer,"ax",%progbits
  72              		.align	1
  73              		.syntax unified
  74              		.thumb
  75              		.thumb_func
  76              		.fpu softvfp
  78              	u8g2_send_buffer:
  79              	.LFB2:
  65:Core/u8g2/u8g2_buffer.c **** 
  66:Core/u8g2/u8g2_buffer.c **** /* 
  67:Core/u8g2/u8g2_buffer.c ****   write the buffer to the display RAM. 
  68:Core/u8g2/u8g2_buffer.c ****   For most displays, this will make the content visible to the user.
  69:Core/u8g2/u8g2_buffer.c ****   Some displays (like the SSD1606) require a u8x8_RefreshDisplay()
  70:Core/u8g2/u8g2_buffer.c **** */
  71:Core/u8g2/u8g2_buffer.c **** static void u8g2_send_buffer(u8g2_t *u8g2) U8X8_NOINLINE;
  72:Core/u8g2/u8g2_buffer.c **** static void u8g2_send_buffer(u8g2_t *u8g2)
  73:Core/u8g2/u8g2_buffer.c **** {
  80              		.loc 1 73 0
  81              		.cfi_startproc
  82              		@ args = 0, pretend = 0, frame = 0
  83              		@ frame_needed = 0, uses_anonymous_args = 0
  84              	.LVL9:
  85 0000 2DE9F041 		push	{r4, r5, r6, r7, r8, lr}
  86              	.LCFI3:
  87              		.cfi_def_cfa_offset 24
  88              		.cfi_offset 4, -24
  89              		.cfi_offset 5, -20
  90              		.cfi_offset 6, -16
  91              		.cfi_offset 7, -12
  92              		.cfi_offset 8, -8
  93              		.cfi_offset 14, -4
  94 0004 0646     		mov	r6, r0
  95              	.LVL10:
  74:Core/u8g2/u8g2_buffer.c ****   uint8_t src_row;
  75:Core/u8g2/u8g2_buffer.c ****   uint8_t src_max;
  76:Core/u8g2/u8g2_buffer.c ****   uint8_t dest_row;
  77:Core/u8g2/u8g2_buffer.c ****   uint8_t dest_max;
  78:Core/u8g2/u8g2_buffer.c **** 
  79:Core/u8g2/u8g2_buffer.c ****   src_row = 0;
ARM GAS  C:\Users\ASUS\AppData\Local\Temp\ccumbFUh.s 			page 4


  80:Core/u8g2/u8g2_buffer.c ****   src_max = u8g2->tile_buf_height;
  96              		.loc 1 80 0
  97 0006 90F83C70 		ldrb	r7, [r0, #60]	@ zero_extendqisi2
  98              	.LVL11:
  81:Core/u8g2/u8g2_buffer.c ****   dest_row = u8g2->tile_curr_row;
  99              		.loc 1 81 0
 100 000a 90F83D50 		ldrb	r5, [r0, #61]	@ zero_extendqisi2
 101              	.LVL12:
  82:Core/u8g2/u8g2_buffer.c ****   dest_max = u8g2_GetU8x8(u8g2)->display_info->tile_height;
 102              		.loc 1 82 0
 103 000e 0368     		ldr	r3, [r0]
 104 0010 93F81180 		ldrb	r8, [r3, #17]	@ zero_extendqisi2
 105              	.LVL13:
  79:Core/u8g2/u8g2_buffer.c ****   src_max = u8g2->tile_buf_height;
 106              		.loc 1 79 0
 107 0014 0024     		movs	r4, #0
 108              	.LVL14:
 109              	.L5:
  83:Core/u8g2/u8g2_buffer.c ****   
  84:Core/u8g2/u8g2_buffer.c ****   do
  85:Core/u8g2/u8g2_buffer.c ****   {
  86:Core/u8g2/u8g2_buffer.c ****     u8g2_send_tile_row(u8g2, src_row, dest_row);
 110              		.loc 1 86 0 discriminator 2
 111 0016 2A46     		mov	r2, r5
 112 0018 2146     		mov	r1, r4
 113 001a 3046     		mov	r0, r6
 114 001c FFF7FEFF 		bl	u8g2_send_tile_row
 115              	.LVL15:
  87:Core/u8g2/u8g2_buffer.c ****     src_row++;
 116              		.loc 1 87 0 discriminator 2
 117 0020 0134     		adds	r4, r4, #1
 118              	.LVL16:
 119 0022 E4B2     		uxtb	r4, r4
 120              	.LVL17:
  88:Core/u8g2/u8g2_buffer.c ****     dest_row++;
 121              		.loc 1 88 0 discriminator 2
 122 0024 0135     		adds	r5, r5, #1
 123              	.LVL18:
 124 0026 EDB2     		uxtb	r5, r5
 125              	.LVL19:
  89:Core/u8g2/u8g2_buffer.c ****   } while( src_row < src_max && dest_row < dest_max );
 126              		.loc 1 89 0 discriminator 2
 127 0028 A742     		cmp	r7, r4
 128 002a 01D9     		bls	.L3
 129              		.loc 1 89 0 is_stmt 0 discriminator 1
 130 002c A845     		cmp	r8, r5
 131 002e F2D8     		bhi	.L5
 132              	.L3:
  90:Core/u8g2/u8g2_buffer.c **** }
 133              		.loc 1 90 0 is_stmt 1
 134 0030 BDE8F081 		pop	{r4, r5, r6, r7, r8, pc}
 135              		.cfi_endproc
 136              	.LFE2:
 138              		.section	.text.u8g2_ClearBuffer,"ax",%progbits
 139              		.align	1
 140              		.global	u8g2_ClearBuffer
 141              		.syntax unified
ARM GAS  C:\Users\ASUS\AppData\Local\Temp\ccumbFUh.s 			page 5


 142              		.thumb
 143              		.thumb_func
 144              		.fpu softvfp
 146              	u8g2_ClearBuffer:
 147              	.LFB0:
  41:Core/u8g2/u8g2_buffer.c ****   size_t cnt;
 148              		.loc 1 41 0
 149              		.cfi_startproc
 150              		@ args = 0, pretend = 0, frame = 0
 151              		@ frame_needed = 0, uses_anonymous_args = 0
 152              	.LVL20:
 153 0000 08B5     		push	{r3, lr}
 154              	.LCFI4:
 155              		.cfi_def_cfa_offset 8
 156              		.cfi_offset 3, -8
 157              		.cfi_offset 14, -4
  43:Core/u8g2/u8g2_buffer.c ****   cnt *= u8g2->tile_buf_height;
 158              		.loc 1 43 0
 159 0002 0368     		ldr	r3, [r0]
 160 0004 1A7C     		ldrb	r2, [r3, #16]	@ zero_extendqisi2
 161              	.LVL21:
  44:Core/u8g2/u8g2_buffer.c ****   cnt *= 8;
 162              		.loc 1 44 0
 163 0006 90F83C30 		ldrb	r3, [r0, #60]	@ zero_extendqisi2
 164 000a 02FB03F2 		mul	r2, r2, r3
 165              	.LVL22:
  46:Core/u8g2/u8g2_buffer.c **** }
 166              		.loc 1 46 0
 167 000e D200     		lsls	r2, r2, #3
 168              	.LVL23:
 169 0010 0021     		movs	r1, #0
 170 0012 806B     		ldr	r0, [r0, #56]
 171              	.LVL24:
 172 0014 FFF7FEFF 		bl	memset
 173              	.LVL25:
  47:Core/u8g2/u8g2_buffer.c **** 
 174              		.loc 1 47 0
 175 0018 08BD     		pop	{r3, pc}
 176              		.cfi_endproc
 177              	.LFE0:
 179              		.section	.text.u8g2_SendBuffer,"ax",%progbits
 180              		.align	1
 181              		.global	u8g2_SendBuffer
 182              		.syntax unified
 183              		.thumb
 184              		.thumb_func
 185              		.fpu softvfp
 187              	u8g2_SendBuffer:
 188              	.LFB3:
  91:Core/u8g2/u8g2_buffer.c **** 
  92:Core/u8g2/u8g2_buffer.c **** /* same as u8g2_send_buffer but also send the DISPLAY_REFRESH message (used by SSD1606) */
  93:Core/u8g2/u8g2_buffer.c **** void u8g2_SendBuffer(u8g2_t *u8g2)
  94:Core/u8g2/u8g2_buffer.c **** {
 189              		.loc 1 94 0
 190              		.cfi_startproc
 191              		@ args = 0, pretend = 0, frame = 0
 192              		@ frame_needed = 0, uses_anonymous_args = 0
ARM GAS  C:\Users\ASUS\AppData\Local\Temp\ccumbFUh.s 			page 6


 193              	.LVL26:
 194 0000 10B5     		push	{r4, lr}
 195              	.LCFI5:
 196              		.cfi_def_cfa_offset 8
 197              		.cfi_offset 4, -8
 198              		.cfi_offset 14, -4
 199 0002 0446     		mov	r4, r0
  95:Core/u8g2/u8g2_buffer.c ****   u8g2_send_buffer(u8g2);
 200              		.loc 1 95 0
 201 0004 FFF7FEFF 		bl	u8g2_send_buffer
 202              	.LVL27:
  96:Core/u8g2/u8g2_buffer.c ****   u8x8_RefreshDisplay( u8g2_GetU8x8(u8g2) );  
 203              		.loc 1 96 0
 204 0008 2046     		mov	r0, r4
 205 000a FFF7FEFF 		bl	u8x8_RefreshDisplay
 206              	.LVL28:
  97:Core/u8g2/u8g2_buffer.c **** }
 207              		.loc 1 97 0
 208 000e 10BD     		pop	{r4, pc}
 209              		.cfi_endproc
 210              	.LFE3:
 212              		.section	.text.u8g2_SetBufferCurrTileRow,"ax",%progbits
 213              		.align	1
 214              		.global	u8g2_SetBufferCurrTileRow
 215              		.syntax unified
 216              		.thumb
 217              		.thumb_func
 218              		.fpu softvfp
 220              	u8g2_SetBufferCurrTileRow:
 221              	.LFB4:
  98:Core/u8g2/u8g2_buffer.c **** 
  99:Core/u8g2/u8g2_buffer.c **** /*============================================*/
 100:Core/u8g2/u8g2_buffer.c **** void u8g2_SetBufferCurrTileRow(u8g2_t *u8g2, uint8_t row)
 101:Core/u8g2/u8g2_buffer.c **** {
 222              		.loc 1 101 0
 223              		.cfi_startproc
 224              		@ args = 0, pretend = 0, frame = 0
 225              		@ frame_needed = 0, uses_anonymous_args = 0
 226              	.LVL29:
 227 0000 10B5     		push	{r4, lr}
 228              	.LCFI6:
 229              		.cfi_def_cfa_offset 8
 230              		.cfi_offset 4, -8
 231              		.cfi_offset 14, -4
 232 0002 0446     		mov	r4, r0
 102:Core/u8g2/u8g2_buffer.c ****   u8g2->tile_curr_row = row;
 233              		.loc 1 102 0
 234 0004 80F83D10 		strb	r1, [r0, #61]
 103:Core/u8g2/u8g2_buffer.c ****   u8g2->cb->update_dimension(u8g2);
 235              		.loc 1 103 0
 236 0008 436B     		ldr	r3, [r0, #52]
 237 000a 1B68     		ldr	r3, [r3]
 238 000c 9847     		blx	r3
 239              	.LVL30:
 104:Core/u8g2/u8g2_buffer.c ****   u8g2->cb->update_page_win(u8g2);
 240              		.loc 1 104 0
 241 000e 636B     		ldr	r3, [r4, #52]
ARM GAS  C:\Users\ASUS\AppData\Local\Temp\ccumbFUh.s 			page 7


 242 0010 5B68     		ldr	r3, [r3, #4]
 243 0012 2046     		mov	r0, r4
 244 0014 9847     		blx	r3
 245              	.LVL31:
 105:Core/u8g2/u8g2_buffer.c **** }
 246              		.loc 1 105 0
 247 0016 10BD     		pop	{r4, pc}
 248              		.cfi_endproc
 249              	.LFE4:
 251              		.section	.text.u8g2_FirstPage,"ax",%progbits
 252              		.align	1
 253              		.global	u8g2_FirstPage
 254              		.syntax unified
 255              		.thumb
 256              		.thumb_func
 257              		.fpu softvfp
 259              	u8g2_FirstPage:
 260              	.LFB5:
 106:Core/u8g2/u8g2_buffer.c **** 
 107:Core/u8g2/u8g2_buffer.c **** void u8g2_FirstPage(u8g2_t *u8g2)
 108:Core/u8g2/u8g2_buffer.c **** {
 261              		.loc 1 108 0
 262              		.cfi_startproc
 263              		@ args = 0, pretend = 0, frame = 0
 264              		@ frame_needed = 0, uses_anonymous_args = 0
 265              	.LVL32:
 266 0000 10B5     		push	{r4, lr}
 267              	.LCFI7:
 268              		.cfi_def_cfa_offset 8
 269              		.cfi_offset 4, -8
 270              		.cfi_offset 14, -4
 271 0002 0446     		mov	r4, r0
 109:Core/u8g2/u8g2_buffer.c ****   if ( u8g2->is_auto_page_clear )
 272              		.loc 1 109 0
 273 0004 90F88730 		ldrb	r3, [r0, #135]	@ zero_extendqisi2
 274 0008 23B9     		cbnz	r3, .L16
 275              	.LVL33:
 276              	.L14:
 110:Core/u8g2/u8g2_buffer.c ****   {
 111:Core/u8g2/u8g2_buffer.c ****     u8g2_ClearBuffer(u8g2);
 112:Core/u8g2/u8g2_buffer.c ****   }
 113:Core/u8g2/u8g2_buffer.c ****   u8g2_SetBufferCurrTileRow(u8g2, 0);
 277              		.loc 1 113 0
 278 000a 0021     		movs	r1, #0
 279 000c 2046     		mov	r0, r4
 280 000e FFF7FEFF 		bl	u8g2_SetBufferCurrTileRow
 281              	.LVL34:
 114:Core/u8g2/u8g2_buffer.c **** }
 282              		.loc 1 114 0
 283 0012 10BD     		pop	{r4, pc}
 284              	.LVL35:
 285              	.L16:
 111:Core/u8g2/u8g2_buffer.c ****   }
 286              		.loc 1 111 0
 287 0014 FFF7FEFF 		bl	u8g2_ClearBuffer
 288              	.LVL36:
 289 0018 F7E7     		b	.L14
ARM GAS  C:\Users\ASUS\AppData\Local\Temp\ccumbFUh.s 			page 8


 290              		.cfi_endproc
 291              	.LFE5:
 293              		.section	.text.u8g2_NextPage,"ax",%progbits
 294              		.align	1
 295              		.global	u8g2_NextPage
 296              		.syntax unified
 297              		.thumb
 298              		.thumb_func
 299              		.fpu softvfp
 301              	u8g2_NextPage:
 302              	.LFB6:
 115:Core/u8g2/u8g2_buffer.c **** 
 116:Core/u8g2/u8g2_buffer.c **** uint8_t u8g2_NextPage(u8g2_t *u8g2)
 117:Core/u8g2/u8g2_buffer.c **** {
 303              		.loc 1 117 0
 304              		.cfi_startproc
 305              		@ args = 0, pretend = 0, frame = 0
 306              		@ frame_needed = 0, uses_anonymous_args = 0
 307              	.LVL37:
 308 0000 38B5     		push	{r3, r4, r5, lr}
 309              	.LCFI8:
 310              		.cfi_def_cfa_offset 16
 311              		.cfi_offset 3, -16
 312              		.cfi_offset 4, -12
 313              		.cfi_offset 5, -8
 314              		.cfi_offset 14, -4
 315 0002 0546     		mov	r5, r0
 118:Core/u8g2/u8g2_buffer.c ****   uint8_t row;
 119:Core/u8g2/u8g2_buffer.c ****   u8g2_send_buffer(u8g2);
 316              		.loc 1 119 0
 317 0004 FFF7FEFF 		bl	u8g2_send_buffer
 318              	.LVL38:
 120:Core/u8g2/u8g2_buffer.c ****   row = u8g2->tile_curr_row;
 319              		.loc 1 120 0
 320 0008 95F83D30 		ldrb	r3, [r5, #61]	@ zero_extendqisi2
 321              	.LVL39:
 121:Core/u8g2/u8g2_buffer.c ****   row += u8g2->tile_buf_height;
 322              		.loc 1 121 0
 323 000c 95F83C40 		ldrb	r4, [r5, #60]	@ zero_extendqisi2
 324 0010 1C44     		add	r4, r4, r3
 325 0012 E4B2     		uxtb	r4, r4
 326              	.LVL40:
 122:Core/u8g2/u8g2_buffer.c ****   if ( row >= u8g2_GetU8x8(u8g2)->display_info->tile_height )
 327              		.loc 1 122 0
 328 0014 2B68     		ldr	r3, [r5]
 329 0016 5B7C     		ldrb	r3, [r3, #17]	@ zero_extendqisi2
 330 0018 A342     		cmp	r3, r4
 331 001a 08D9     		bls	.L22
 123:Core/u8g2/u8g2_buffer.c ****   {
 124:Core/u8g2/u8g2_buffer.c ****     u8x8_RefreshDisplay( u8g2_GetU8x8(u8g2) );
 125:Core/u8g2/u8g2_buffer.c ****     return 0;
 126:Core/u8g2/u8g2_buffer.c ****   }
 127:Core/u8g2/u8g2_buffer.c ****   if ( u8g2->is_auto_page_clear )
 332              		.loc 1 127 0
 333 001c 95F88730 		ldrb	r3, [r5, #135]	@ zero_extendqisi2
 334 0020 53B9     		cbnz	r3, .L23
 335              	.L20:
ARM GAS  C:\Users\ASUS\AppData\Local\Temp\ccumbFUh.s 			page 9


 128:Core/u8g2/u8g2_buffer.c ****   {
 129:Core/u8g2/u8g2_buffer.c ****     u8g2_ClearBuffer(u8g2);
 130:Core/u8g2/u8g2_buffer.c ****   }
 131:Core/u8g2/u8g2_buffer.c ****   u8g2_SetBufferCurrTileRow(u8g2, row);
 336              		.loc 1 131 0
 337 0022 2146     		mov	r1, r4
 338 0024 2846     		mov	r0, r5
 339 0026 FFF7FEFF 		bl	u8g2_SetBufferCurrTileRow
 340              	.LVL41:
 132:Core/u8g2/u8g2_buffer.c ****   return 1;
 341              		.loc 1 132 0
 342 002a 0120     		movs	r0, #1
 343              	.L19:
 133:Core/u8g2/u8g2_buffer.c **** }
 344              		.loc 1 133 0
 345 002c 38BD     		pop	{r3, r4, r5, pc}
 346              	.LVL42:
 347              	.L22:
 124:Core/u8g2/u8g2_buffer.c ****     return 0;
 348              		.loc 1 124 0
 349 002e 2846     		mov	r0, r5
 350 0030 FFF7FEFF 		bl	u8x8_RefreshDisplay
 351              	.LVL43:
 125:Core/u8g2/u8g2_buffer.c ****   }
 352              		.loc 1 125 0
 353 0034 0020     		movs	r0, #0
 354 0036 F9E7     		b	.L19
 355              	.L23:
 129:Core/u8g2/u8g2_buffer.c ****   }
 356              		.loc 1 129 0
 357 0038 2846     		mov	r0, r5
 358 003a FFF7FEFF 		bl	u8g2_ClearBuffer
 359              	.LVL44:
 360 003e F0E7     		b	.L20
 361              		.cfi_endproc
 362              	.LFE6:
 364              		.text
 365              	.Letext0:
 366              		.file 2 "c:\\program files (x86)\\gnu_tools_arm_embedded\\7_2017-q4-major\\lib\\gcc\\arm-none-eabi
 367              		.file 3 "c:\\program files (x86)\\gnu_tools_arm_embedded\\7_2017-q4-major\\arm-none-eabi\\include\
 368              		.file 4 "c:\\program files (x86)\\gnu_tools_arm_embedded\\7_2017-q4-major\\arm-none-eabi\\include\
 369              		.file 5 "c:\\program files (x86)\\gnu_tools_arm_embedded\\7_2017-q4-major\\arm-none-eabi\\include\
 370              		.file 6 "c:\\program files (x86)\\gnu_tools_arm_embedded\\7_2017-q4-major\\arm-none-eabi\\include\
 371              		.file 7 "c:\\program files (x86)\\gnu_tools_arm_embedded\\7_2017-q4-major\\arm-none-eabi\\include\
 372              		.file 8 "Core/u8g2/../u8g2/../u8g2/u8x8.h"
 373              		.file 9 "Core/u8g2/../u8g2/u8g2.h"
 374              		.file 10 "<built-in>"
ARM GAS  C:\Users\ASUS\AppData\Local\Temp\ccumbFUh.s 			page 10


DEFINED SYMBOLS
                            *ABS*:00000000 u8g2_buffer.c
C:\Users\ASUS\AppData\Local\Temp\ccumbFUh.s:16     .text.u8g2_send_tile_row:00000000 $t
C:\Users\ASUS\AppData\Local\Temp\ccumbFUh.s:22     .text.u8g2_send_tile_row:00000000 u8g2_send_tile_row
C:\Users\ASUS\AppData\Local\Temp\ccumbFUh.s:72     .text.u8g2_send_buffer:00000000 $t
C:\Users\ASUS\AppData\Local\Temp\ccumbFUh.s:78     .text.u8g2_send_buffer:00000000 u8g2_send_buffer
C:\Users\ASUS\AppData\Local\Temp\ccumbFUh.s:139    .text.u8g2_ClearBuffer:00000000 $t
C:\Users\ASUS\AppData\Local\Temp\ccumbFUh.s:146    .text.u8g2_ClearBuffer:00000000 u8g2_ClearBuffer
C:\Users\ASUS\AppData\Local\Temp\ccumbFUh.s:180    .text.u8g2_SendBuffer:00000000 $t
C:\Users\ASUS\AppData\Local\Temp\ccumbFUh.s:187    .text.u8g2_SendBuffer:00000000 u8g2_SendBuffer
C:\Users\ASUS\AppData\Local\Temp\ccumbFUh.s:213    .text.u8g2_SetBufferCurrTileRow:00000000 $t
C:\Users\ASUS\AppData\Local\Temp\ccumbFUh.s:220    .text.u8g2_SetBufferCurrTileRow:00000000 u8g2_SetBufferCurrTileRow
C:\Users\ASUS\AppData\Local\Temp\ccumbFUh.s:252    .text.u8g2_FirstPage:00000000 $t
C:\Users\ASUS\AppData\Local\Temp\ccumbFUh.s:259    .text.u8g2_FirstPage:00000000 u8g2_FirstPage
C:\Users\ASUS\AppData\Local\Temp\ccumbFUh.s:294    .text.u8g2_NextPage:00000000 $t
C:\Users\ASUS\AppData\Local\Temp\ccumbFUh.s:301    .text.u8g2_NextPage:00000000 u8g2_NextPage

UNDEFINED SYMBOLS
u8x8_DrawTile
memset
u8x8_RefreshDisplay
