ARM GAS  C:\Users\ASUS\AppData\Local\Temp\ccShUzX4.s 			page 1


   1              		.cpu cortex-m3
   2              		.eabi_attribute 20, 1
   3              		.eabi_attribute 21, 1
   4              		.eabi_attribute 23, 3
   5              		.eabi_attribute 24, 1
   6              		.eabi_attribute 25, 1
   7              		.eabi_attribute 26, 1
   8              		.eabi_attribute 30, 1
   9              		.eabi_attribute 34, 1
  10              		.eabi_attribute 18, 4
  11              		.file	"u8g2_polygon.c"
  12              		.text
  13              	.Ltext0:
  14              		.cfi_sections	.debug_frame
  15              		.section	.text.pge_Next,"ax",%progbits
  16              		.align	1
  17              		.syntax unified
  18              		.thumb
  19              		.thumb_func
  20              		.fpu softvfp
  22              	pge_Next:
  23              	.LFB0:
  24              		.file 1 "Core/u8g2/u8g2_polygon.c"
   1:Core/u8g2/u8g2_polygon.c **** /*
   2:Core/u8g2/u8g2_polygon.c **** 
   3:Core/u8g2/u8g2_polygon.c ****   u8g22_polygon.c
   4:Core/u8g2/u8g2_polygon.c **** 
   5:Core/u8g2/u8g2_polygon.c **** */	
   6:Core/u8g2/u8g2_polygon.c **** 
   7:Core/u8g2/u8g2_polygon.c **** 
   8:Core/u8g2/u8g2_polygon.c **** #include "../u8g2/u8g2.h"
   9:Core/u8g2/u8g2_polygon.c **** 
  10:Core/u8g2/u8g2_polygon.c **** 
  11:Core/u8g2/u8g2_polygon.c **** 
  12:Core/u8g2/u8g2_polygon.c **** 
  13:Core/u8g2/u8g2_polygon.c **** /*===========================================*/
  14:Core/u8g2/u8g2_polygon.c **** /* local definitions */
  15:Core/u8g2/u8g2_polygon.c **** 
  16:Core/u8g2/u8g2_polygon.c **** typedef int16_t pg_word_t;
  17:Core/u8g2/u8g2_polygon.c **** 
  18:Core/u8g2/u8g2_polygon.c **** 
  19:Core/u8g2/u8g2_polygon.c **** struct pg_point_struct
  20:Core/u8g2/u8g2_polygon.c **** {
  21:Core/u8g2/u8g2_polygon.c ****   pg_word_t x;
  22:Core/u8g2/u8g2_polygon.c ****   pg_word_t y;
  23:Core/u8g2/u8g2_polygon.c **** };
  24:Core/u8g2/u8g2_polygon.c **** 
  25:Core/u8g2/u8g2_polygon.c **** typedef struct _pg_struct pg_struct;	/* forward declaration */
  26:Core/u8g2/u8g2_polygon.c **** 
  27:Core/u8g2/u8g2_polygon.c **** struct pg_edge_struct
  28:Core/u8g2/u8g2_polygon.c **** {
  29:Core/u8g2/u8g2_polygon.c ****   pg_word_t x_direction;	/* 1, if x2 is greater than x1, -1 otherwise */
  30:Core/u8g2/u8g2_polygon.c ****   pg_word_t height;
  31:Core/u8g2/u8g2_polygon.c ****   pg_word_t current_x_offset;
  32:Core/u8g2/u8g2_polygon.c ****   pg_word_t error_offset;
  33:Core/u8g2/u8g2_polygon.c ****   
  34:Core/u8g2/u8g2_polygon.c ****   /* --- line loop --- */
ARM GAS  C:\Users\ASUS\AppData\Local\Temp\ccShUzX4.s 			page 2


  35:Core/u8g2/u8g2_polygon.c ****   pg_word_t current_y;
  36:Core/u8g2/u8g2_polygon.c ****   pg_word_t max_y;
  37:Core/u8g2/u8g2_polygon.c ****   pg_word_t current_x;
  38:Core/u8g2/u8g2_polygon.c ****   pg_word_t error;
  39:Core/u8g2/u8g2_polygon.c **** 
  40:Core/u8g2/u8g2_polygon.c ****   /* --- outer loop --- */
  41:Core/u8g2/u8g2_polygon.c ****   uint8_t (*next_idx_fn)(pg_struct *pg, uint8_t i);
  42:Core/u8g2/u8g2_polygon.c ****   uint8_t curr_idx;
  43:Core/u8g2/u8g2_polygon.c **** };
  44:Core/u8g2/u8g2_polygon.c **** 
  45:Core/u8g2/u8g2_polygon.c **** /* maximum number of points in the polygon */
  46:Core/u8g2/u8g2_polygon.c **** /* can be redefined, but highest possible value is 254 */
  47:Core/u8g2/u8g2_polygon.c **** #define PG_MAX_POINTS 6
  48:Core/u8g2/u8g2_polygon.c **** 
  49:Core/u8g2/u8g2_polygon.c **** /* index numbers for the pge structures below */
  50:Core/u8g2/u8g2_polygon.c **** #define PG_LEFT 0
  51:Core/u8g2/u8g2_polygon.c **** #define PG_RIGHT 1
  52:Core/u8g2/u8g2_polygon.c **** 
  53:Core/u8g2/u8g2_polygon.c **** 
  54:Core/u8g2/u8g2_polygon.c **** struct _pg_struct
  55:Core/u8g2/u8g2_polygon.c **** {
  56:Core/u8g2/u8g2_polygon.c ****   struct pg_point_struct list[PG_MAX_POINTS];
  57:Core/u8g2/u8g2_polygon.c ****   uint8_t cnt;
  58:Core/u8g2/u8g2_polygon.c ****   uint8_t is_min_y_not_flat;
  59:Core/u8g2/u8g2_polygon.c ****   pg_word_t total_scan_line_cnt;
  60:Core/u8g2/u8g2_polygon.c ****   struct pg_edge_struct pge[2];	/* left and right line draw structures */
  61:Core/u8g2/u8g2_polygon.c **** };
  62:Core/u8g2/u8g2_polygon.c **** 
  63:Core/u8g2/u8g2_polygon.c **** 
  64:Core/u8g2/u8g2_polygon.c **** /*===========================================*/
  65:Core/u8g2/u8g2_polygon.c **** /* procedures, which should not be inlined (save as much flash ROM as possible */
  66:Core/u8g2/u8g2_polygon.c **** 
  67:Core/u8g2/u8g2_polygon.c **** #define PG_NOINLINE U8G2_NOINLINE
  68:Core/u8g2/u8g2_polygon.c **** 
  69:Core/u8g2/u8g2_polygon.c **** static uint8_t pge_Next(struct pg_edge_struct *pge) PG_NOINLINE;
  70:Core/u8g2/u8g2_polygon.c **** static uint8_t pg_inc(pg_struct *pg, uint8_t i) PG_NOINLINE;
  71:Core/u8g2/u8g2_polygon.c **** static uint8_t pg_dec(pg_struct *pg, uint8_t i) PG_NOINLINE;
  72:Core/u8g2/u8g2_polygon.c **** static void pg_expand_min_y(pg_struct *pg, pg_word_t min_y, uint8_t pge_idx) PG_NOINLINE;
  73:Core/u8g2/u8g2_polygon.c **** static void pg_line_init(pg_struct * const pg, uint8_t pge_index) PG_NOINLINE;
  74:Core/u8g2/u8g2_polygon.c **** 
  75:Core/u8g2/u8g2_polygon.c **** /*===========================================*/
  76:Core/u8g2/u8g2_polygon.c **** /* line draw algorithm */
  77:Core/u8g2/u8g2_polygon.c **** 
  78:Core/u8g2/u8g2_polygon.c **** static uint8_t pge_Next(struct pg_edge_struct *pge)
  79:Core/u8g2/u8g2_polygon.c **** {
  25              		.loc 1 79 0
  26              		.cfi_startproc
  27              		@ args = 0, pretend = 0, frame = 0
  28              		@ frame_needed = 0, uses_anonymous_args = 0
  29              		@ link register save eliminated.
  30              	.LVL0:
  80:Core/u8g2/u8g2_polygon.c ****   if ( pge->current_y >= pge->max_y )
  31              		.loc 1 80 0
  32 0000 B0F90810 		ldrsh	r1, [r0, #8]
  33 0004 B0F90A30 		ldrsh	r3, [r0, #10]
  34 0008 9942     		cmp	r1, r3
  35 000a 18DA     		bge	.L4
ARM GAS  C:\Users\ASUS\AppData\Local\Temp\ccShUzX4.s 			page 3


  79:Core/u8g2/u8g2_polygon.c ****   if ( pge->current_y >= pge->max_y )
  36              		.loc 1 79 0
  37 000c 10B4     		push	{r4}
  38              	.LCFI0:
  39              		.cfi_def_cfa_offset 4
  40              		.cfi_offset 4, -4
  81:Core/u8g2/u8g2_polygon.c ****     return 0;
  82:Core/u8g2/u8g2_polygon.c ****   
  83:Core/u8g2/u8g2_polygon.c ****   pge->current_x += pge->current_x_offset;
  41              		.loc 1 83 0
  42 000e 8288     		ldrh	r2, [r0, #4]
  43 0010 8389     		ldrh	r3, [r0, #12]
  44 0012 1A44     		add	r2, r2, r3
  45 0014 92B2     		uxth	r2, r2
  46 0016 8281     		strh	r2, [r0, #12]	@ movhi
  84:Core/u8g2/u8g2_polygon.c ****   pge->error += pge->error_offset;
  47              		.loc 1 84 0
  48 0018 C388     		ldrh	r3, [r0, #6]
  49 001a C489     		ldrh	r4, [r0, #14]
  50 001c 2344     		add	r3, r3, r4
  51 001e 9BB2     		uxth	r3, r3
  52 0020 1CB2     		sxth	r4, r3
  53 0022 C481     		strh	r4, [r0, #14]	@ movhi
  85:Core/u8g2/u8g2_polygon.c ****   if ( pge->error > 0 )
  54              		.loc 1 85 0
  55 0024 002C     		cmp	r4, #0
  56 0026 05DD     		ble	.L3
  86:Core/u8g2/u8g2_polygon.c ****   {
  87:Core/u8g2/u8g2_polygon.c ****     pge->current_x += pge->x_direction;
  57              		.loc 1 87 0
  58 0028 0488     		ldrh	r4, [r0]
  59 002a 2244     		add	r2, r2, r4
  60 002c 8281     		strh	r2, [r0, #12]	@ movhi
  88:Core/u8g2/u8g2_polygon.c ****     pge->error -= pge->height;
  61              		.loc 1 88 0
  62 002e 4288     		ldrh	r2, [r0, #2]
  63 0030 9B1A     		subs	r3, r3, r2
  64 0032 C381     		strh	r3, [r0, #14]	@ movhi
  65              	.L3:
  89:Core/u8g2/u8g2_polygon.c ****   }  
  90:Core/u8g2/u8g2_polygon.c ****   
  91:Core/u8g2/u8g2_polygon.c ****   pge->current_y++;
  66              		.loc 1 91 0
  67 0034 0131     		adds	r1, r1, #1
  68 0036 0181     		strh	r1, [r0, #8]	@ movhi
  92:Core/u8g2/u8g2_polygon.c ****   return 1;
  69              		.loc 1 92 0
  70 0038 0120     		movs	r0, #1
  71              	.LVL1:
  93:Core/u8g2/u8g2_polygon.c **** }
  72              		.loc 1 93 0
  73 003a 10BC     		pop	{r4}
  74              	.LCFI1:
  75              		.cfi_restore 4
  76              		.cfi_def_cfa_offset 0
  77 003c 7047     		bx	lr
  78              	.LVL2:
ARM GAS  C:\Users\ASUS\AppData\Local\Temp\ccShUzX4.s 			page 4


  79              	.L4:
  81:Core/u8g2/u8g2_polygon.c ****   
  80              		.loc 1 81 0
  81 003e 0020     		movs	r0, #0
  82              	.LVL3:
  83              		.loc 1 93 0
  84 0040 7047     		bx	lr
  85              		.cfi_endproc
  86              	.LFE0:
  88              		.section	.text.pge_Init,"ax",%progbits
  89              		.align	1
  90              		.syntax unified
  91              		.thumb
  92              		.thumb_func
  93              		.fpu softvfp
  95              	pge_Init:
  96              	.LFB1:
  94:Core/u8g2/u8g2_polygon.c **** 
  95:Core/u8g2/u8g2_polygon.c **** /* assumes y2 > y1 */
  96:Core/u8g2/u8g2_polygon.c **** static void pge_Init(struct pg_edge_struct *pge, pg_word_t x1, pg_word_t y1, pg_word_t x2, pg_word_
  97:Core/u8g2/u8g2_polygon.c **** {
  97              		.loc 1 97 0
  98              		.cfi_startproc
  99              		@ args = 4, pretend = 0, frame = 0
 100              		@ frame_needed = 0, uses_anonymous_args = 0
 101              		@ link register save eliminated.
 102              	.LVL4:
 103 0000 70B4     		push	{r4, r5, r6}
 104              	.LCFI2:
 105              		.cfi_def_cfa_offset 12
 106              		.cfi_offset 4, -12
 107              		.cfi_offset 5, -8
 108              		.cfi_offset 6, -4
 109 0002 BDF90C60 		ldrsh	r6, [sp, #12]
  98:Core/u8g2/u8g2_polygon.c ****   pg_word_t dx = x2 - x1;
 110              		.loc 1 98 0
 111 0006 5B1A     		subs	r3, r3, r1
 112              	.LVL5:
 113 0008 9BB2     		uxth	r3, r3
 114 000a 1CB2     		sxth	r4, r3
 115              	.LVL6:
  99:Core/u8g2/u8g2_polygon.c ****   pg_word_t width;
 100:Core/u8g2/u8g2_polygon.c **** 
 101:Core/u8g2/u8g2_polygon.c ****   pge->height = y2 - y1;
 116              		.loc 1 101 0
 117 000c B51A     		subs	r5, r6, r2
 118 000e ADB2     		uxth	r5, r5
 119 0010 4580     		strh	r5, [r0, #2]	@ movhi
 102:Core/u8g2/u8g2_polygon.c ****   pge->max_y = y2;
 120              		.loc 1 102 0
 121 0012 4681     		strh	r6, [r0, #10]	@ movhi
 103:Core/u8g2/u8g2_polygon.c ****   pge->current_y = y1;
 122              		.loc 1 103 0
 123 0014 0281     		strh	r2, [r0, #8]	@ movhi
 104:Core/u8g2/u8g2_polygon.c ****   pge->current_x = x1;
 124              		.loc 1 104 0
 125 0016 8181     		strh	r1, [r0, #12]	@ movhi
ARM GAS  C:\Users\ASUS\AppData\Local\Temp\ccShUzX4.s 			page 5


 105:Core/u8g2/u8g2_polygon.c **** 
 106:Core/u8g2/u8g2_polygon.c ****   if ( dx >= 0 )
 126              		.loc 1 106 0
 127 0018 002C     		cmp	r4, #0
 128 001a 10DB     		blt	.L10
 107:Core/u8g2/u8g2_polygon.c ****   {
 108:Core/u8g2/u8g2_polygon.c ****     pge->x_direction = 1;
 129              		.loc 1 108 0
 130 001c 0123     		movs	r3, #1
 131 001e 0380     		strh	r3, [r0]	@ movhi
 132              	.LVL7:
 109:Core/u8g2/u8g2_polygon.c ****     width = dx;
 110:Core/u8g2/u8g2_polygon.c ****     pge->error = 0;
 133              		.loc 1 110 0
 134 0020 0023     		movs	r3, #0
 135 0022 C381     		strh	r3, [r0, #14]	@ movhi
 109:Core/u8g2/u8g2_polygon.c ****     width = dx;
 136              		.loc 1 109 0
 137 0024 2346     		mov	r3, r4
 138              	.LVL8:
 139              	.L11:
 111:Core/u8g2/u8g2_polygon.c ****   }
 112:Core/u8g2/u8g2_polygon.c ****   else
 113:Core/u8g2/u8g2_polygon.c ****   {
 114:Core/u8g2/u8g2_polygon.c ****     pge->x_direction = -1;
 115:Core/u8g2/u8g2_polygon.c ****     width = -dx;
 116:Core/u8g2/u8g2_polygon.c ****     pge->error = 1 - pge->height;
 117:Core/u8g2/u8g2_polygon.c ****   }
 118:Core/u8g2/u8g2_polygon.c ****   
 119:Core/u8g2/u8g2_polygon.c ****   pge->current_x_offset = dx / pge->height;
 140              		.loc 1 119 0
 141 0026 B0F90210 		ldrsh	r1, [r0, #2]
 142              	.LVL9:
 143 002a 94FBF1F4 		sdiv	r4, r4, r1
 144              	.LVL10:
 145 002e 8480     		strh	r4, [r0, #4]	@ movhi
 120:Core/u8g2/u8g2_polygon.c ****   pge->error_offset = width % pge->height;
 146              		.loc 1 120 0
 147 0030 93FBF1F2 		sdiv	r2, r3, r1
 148 0034 01FB1233 		mls	r3, r1, r2, r3
 149              	.LVL11:
 150 0038 C380     		strh	r3, [r0, #6]	@ movhi
 121:Core/u8g2/u8g2_polygon.c **** }
 151              		.loc 1 121 0
 152 003a 70BC     		pop	{r4, r5, r6}
 153              	.LCFI3:
 154              		.cfi_remember_state
 155              		.cfi_restore 6
 156              		.cfi_restore 5
 157              		.cfi_restore 4
 158              		.cfi_def_cfa_offset 0
 159              	.LVL12:
 160 003c 7047     		bx	lr
 161              	.LVL13:
 162              	.L10:
 163              	.LCFI4:
 164              		.cfi_restore_state
ARM GAS  C:\Users\ASUS\AppData\Local\Temp\ccShUzX4.s 			page 6


 114:Core/u8g2/u8g2_polygon.c ****     width = -dx;
 165              		.loc 1 114 0
 166 003e 4FF6FF72 		movw	r2, #65535
 167              	.LVL14:
 168 0042 0280     		strh	r2, [r0]	@ movhi
 115:Core/u8g2/u8g2_polygon.c ****     pge->error = 1 - pge->height;
 169              		.loc 1 115 0
 170 0044 5B42     		negs	r3, r3
 171 0046 1BB2     		sxth	r3, r3
 172              	.LVL15:
 116:Core/u8g2/u8g2_polygon.c ****   }
 173              		.loc 1 116 0
 174 0048 C5F10105 		rsb	r5, r5, #1
 175 004c C581     		strh	r5, [r0, #14]	@ movhi
 176 004e EAE7     		b	.L11
 177              		.cfi_endproc
 178              	.LFE1:
 180              		.section	.text.pg_inc,"ax",%progbits
 181              		.align	1
 182              		.syntax unified
 183              		.thumb
 184              		.thumb_func
 185              		.fpu softvfp
 187              	pg_inc:
 188              	.LFB2:
 122:Core/u8g2/u8g2_polygon.c **** 
 123:Core/u8g2/u8g2_polygon.c **** /*===========================================*/
 124:Core/u8g2/u8g2_polygon.c **** /* convex polygon algorithm */
 125:Core/u8g2/u8g2_polygon.c **** 
 126:Core/u8g2/u8g2_polygon.c **** static uint8_t pg_inc(pg_struct *pg, uint8_t i)
 127:Core/u8g2/u8g2_polygon.c **** {
 189              		.loc 1 127 0
 190              		.cfi_startproc
 191              		@ args = 0, pretend = 0, frame = 0
 192              		@ frame_needed = 0, uses_anonymous_args = 0
 193              		@ link register save eliminated.
 194              	.LVL16:
 128:Core/u8g2/u8g2_polygon.c ****     i++;
 195              		.loc 1 128 0
 196 0000 0131     		adds	r1, r1, #1
 197              	.LVL17:
 198 0002 C9B2     		uxtb	r1, r1
 199              	.LVL18:
 129:Core/u8g2/u8g2_polygon.c ****     if ( i >= pg->cnt )
 200              		.loc 1 129 0
 201 0004 037E     		ldrb	r3, [r0, #24]	@ zero_extendqisi2
 202 0006 8B42     		cmp	r3, r1
 203 0008 00D8     		bhi	.L14
 130:Core/u8g2/u8g2_polygon.c ****       i = 0;
 204              		.loc 1 130 0
 205 000a 0021     		movs	r1, #0
 206              	.LVL19:
 207              	.L14:
 131:Core/u8g2/u8g2_polygon.c ****     return i;
 132:Core/u8g2/u8g2_polygon.c **** }
 208              		.loc 1 132 0
 209 000c 0846     		mov	r0, r1
ARM GAS  C:\Users\ASUS\AppData\Local\Temp\ccShUzX4.s 			page 7


 210              	.LVL20:
 211 000e 7047     		bx	lr
 212              		.cfi_endproc
 213              	.LFE2:
 215              		.section	.text.pg_dec,"ax",%progbits
 216              		.align	1
 217              		.syntax unified
 218              		.thumb
 219              		.thumb_func
 220              		.fpu softvfp
 222              	pg_dec:
 223              	.LFB3:
 133:Core/u8g2/u8g2_polygon.c **** 
 134:Core/u8g2/u8g2_polygon.c **** static uint8_t pg_dec(pg_struct *pg, uint8_t i)
 135:Core/u8g2/u8g2_polygon.c **** {
 224              		.loc 1 135 0
 225              		.cfi_startproc
 226              		@ args = 0, pretend = 0, frame = 0
 227              		@ frame_needed = 0, uses_anonymous_args = 0
 228              		@ link register save eliminated.
 229              	.LVL21:
 136:Core/u8g2/u8g2_polygon.c ****     i--;
 230              		.loc 1 136 0
 231 0000 0139     		subs	r1, r1, #1
 232              	.LVL22:
 233 0002 C9B2     		uxtb	r1, r1
 234              	.LVL23:
 137:Core/u8g2/u8g2_polygon.c ****     if ( i >= pg->cnt )
 235              		.loc 1 137 0
 236 0004 037E     		ldrb	r3, [r0, #24]	@ zero_extendqisi2
 237 0006 8B42     		cmp	r3, r1
 238 0008 01D8     		bhi	.L17
 138:Core/u8g2/u8g2_polygon.c ****       i = pg->cnt-1;
 239              		.loc 1 138 0
 240 000a 591E     		subs	r1, r3, #1
 241              	.LVL24:
 242 000c C9B2     		uxtb	r1, r1
 243              	.LVL25:
 244              	.L17:
 139:Core/u8g2/u8g2_polygon.c ****     return i;
 140:Core/u8g2/u8g2_polygon.c **** }
 245              		.loc 1 140 0
 246 000e 0846     		mov	r0, r1
 247              	.LVL26:
 248 0010 7047     		bx	lr
 249              		.cfi_endproc
 250              	.LFE3:
 252              		.section	.text.pg_expand_min_y,"ax",%progbits
 253              		.align	1
 254              		.syntax unified
 255              		.thumb
 256              		.thumb_func
 257              		.fpu softvfp
 259              	pg_expand_min_y:
 260              	.LFB4:
 141:Core/u8g2/u8g2_polygon.c **** 
 142:Core/u8g2/u8g2_polygon.c **** static void pg_expand_min_y(pg_struct *pg, pg_word_t min_y, uint8_t pge_idx)
ARM GAS  C:\Users\ASUS\AppData\Local\Temp\ccShUzX4.s 			page 8


 143:Core/u8g2/u8g2_polygon.c **** {
 261              		.loc 1 143 0
 262              		.cfi_startproc
 263              		@ args = 0, pretend = 0, frame = 0
 264              		@ frame_needed = 0, uses_anonymous_args = 0
 265              	.LVL27:
 266 0000 70B5     		push	{r4, r5, r6, lr}
 267              	.LCFI5:
 268              		.cfi_def_cfa_offset 16
 269              		.cfi_offset 4, -16
 270              		.cfi_offset 5, -12
 271              		.cfi_offset 6, -8
 272              		.cfi_offset 14, -4
 273 0002 0446     		mov	r4, r0
 274 0004 0E46     		mov	r6, r1
 275 0006 1546     		mov	r5, r2
 144:Core/u8g2/u8g2_polygon.c ****   uint8_t i = pg->pge[pge_idx].curr_idx;
 276              		.loc 1 144 0
 277 0008 02EB4202 		add	r2, r2, r2, lsl #1
 278              	.LVL28:
 279 000c D300     		lsls	r3, r2, #3
 280 000e 0344     		add	r3, r3, r0
 281 0010 93F83010 		ldrb	r1, [r3, #48]	@ zero_extendqisi2
 282              	.LVL29:
 283              	.L20:
 145:Core/u8g2/u8g2_polygon.c ****   for(;;)
 146:Core/u8g2/u8g2_polygon.c ****   {
 147:Core/u8g2/u8g2_polygon.c ****     i = pg->pge[pge_idx].next_idx_fn(pg, i);
 284              		.loc 1 147 0
 285 0014 05EB4502 		add	r2, r5, r5, lsl #1
 286 0018 D300     		lsls	r3, r2, #3
 287 001a 2344     		add	r3, r3, r4
 288 001c DB6A     		ldr	r3, [r3, #44]
 289 001e 2046     		mov	r0, r4
 290 0020 9847     		blx	r3
 291              	.LVL30:
 292 0022 0146     		mov	r1, r0
 293              	.LVL31:
 148:Core/u8g2/u8g2_polygon.c ****     if ( pg->list[i].y != min_y )
 294              		.loc 1 148 0
 295 0024 04EB8003 		add	r3, r4, r0, lsl #2
 296 0028 B3F90230 		ldrsh	r3, [r3, #2]
 297 002c B342     		cmp	r3, r6
 298 002e 06D1     		bne	.L18
 149:Core/u8g2/u8g2_polygon.c ****       break;	
 150:Core/u8g2/u8g2_polygon.c ****     pg->pge[pge_idx].curr_idx = i;
 299              		.loc 1 150 0
 300 0030 05EB4502 		add	r2, r5, r5, lsl #1
 301 0034 D300     		lsls	r3, r2, #3
 302 0036 2344     		add	r3, r3, r4
 303 0038 83F83000 		strb	r0, [r3, #48]
 147:Core/u8g2/u8g2_polygon.c ****     if ( pg->list[i].y != min_y )
 304              		.loc 1 147 0
 305 003c EAE7     		b	.L20
 306              	.L18:
 151:Core/u8g2/u8g2_polygon.c ****   }
 152:Core/u8g2/u8g2_polygon.c **** }
ARM GAS  C:\Users\ASUS\AppData\Local\Temp\ccShUzX4.s 			page 9


 307              		.loc 1 152 0
 308 003e 70BD     		pop	{r4, r5, r6, pc}
 309              		.cfi_endproc
 310              	.LFE4:
 312              		.section	.text.pg_prepare,"ax",%progbits
 313              		.align	1
 314              		.syntax unified
 315              		.thumb
 316              		.thumb_func
 317              		.fpu softvfp
 319              	pg_prepare:
 320              	.LFB5:
 153:Core/u8g2/u8g2_polygon.c **** 
 154:Core/u8g2/u8g2_polygon.c **** static uint8_t pg_prepare(pg_struct *pg)
 155:Core/u8g2/u8g2_polygon.c **** {
 321              		.loc 1 155 0
 322              		.cfi_startproc
 323              		@ args = 0, pretend = 0, frame = 0
 324              		@ frame_needed = 0, uses_anonymous_args = 0
 325              	.LVL32:
 326 0000 38B5     		push	{r3, r4, r5, lr}
 327              	.LCFI6:
 328              		.cfi_def_cfa_offset 16
 329              		.cfi_offset 3, -16
 330              		.cfi_offset 4, -12
 331              		.cfi_offset 5, -8
 332              		.cfi_offset 14, -4
 156:Core/u8g2/u8g2_polygon.c ****   pg_word_t max_y;
 157:Core/u8g2/u8g2_polygon.c ****   pg_word_t min_y;
 158:Core/u8g2/u8g2_polygon.c ****   uint8_t i;
 159:Core/u8g2/u8g2_polygon.c **** 
 160:Core/u8g2/u8g2_polygon.c ****   /* setup the next index procedures */
 161:Core/u8g2/u8g2_polygon.c ****   pg->pge[PG_RIGHT].next_idx_fn = pg_inc;
 333              		.loc 1 161 0
 334 0002 284B     		ldr	r3, .L35
 335 0004 4364     		str	r3, [r0, #68]
 162:Core/u8g2/u8g2_polygon.c ****   pg->pge[PG_LEFT].next_idx_fn = pg_dec;
 336              		.loc 1 162 0
 337 0006 284B     		ldr	r3, .L35+4
 338 0008 C362     		str	r3, [r0, #44]
 163:Core/u8g2/u8g2_polygon.c ****   
 164:Core/u8g2/u8g2_polygon.c ****   /* search for highest and lowest point */
 165:Core/u8g2/u8g2_polygon.c ****   max_y = pg->list[0].y;
 339              		.loc 1 165 0
 340 000a B0F90210 		ldrsh	r1, [r0, #2]
 341              	.LVL33:
 166:Core/u8g2/u8g2_polygon.c ****   min_y = pg->list[0].y;
 167:Core/u8g2/u8g2_polygon.c ****   pg->pge[PG_LEFT].curr_idx = 0;
 342              		.loc 1 167 0
 343 000e 0023     		movs	r3, #0
 344 0010 80F83030 		strb	r3, [r0, #48]
 345              	.LVL34:
 166:Core/u8g2/u8g2_polygon.c ****   min_y = pg->list[0].y;
 346              		.loc 1 166 0
 347 0014 0C46     		mov	r4, r1
 168:Core/u8g2/u8g2_polygon.c ****   for( i = 1; i < pg->cnt; i++ )
 348              		.loc 1 168 0
ARM GAS  C:\Users\ASUS\AppData\Local\Temp\ccShUzX4.s 			page 10


 349 0016 0123     		movs	r3, #1
 350 0018 01E0     		b	.L23
 351              	.LVL35:
 352              	.L25:
 353              		.loc 1 168 0 is_stmt 0 discriminator 2
 354 001a 0133     		adds	r3, r3, #1
 355              	.LVL36:
 356 001c DBB2     		uxtb	r3, r3
 357              	.LVL37:
 358              	.L23:
 359              		.loc 1 168 0 discriminator 1
 360 001e 027E     		ldrb	r2, [r0, #24]	@ zero_extendqisi2
 361 0020 9A42     		cmp	r2, r3
 362 0022 10D9     		bls	.L32
 169:Core/u8g2/u8g2_polygon.c ****   {
 170:Core/u8g2/u8g2_polygon.c ****     if ( max_y < pg->list[i].y )
 363              		.loc 1 170 0 is_stmt 1
 364 0024 1D46     		mov	r5, r3
 365 0026 00EB8302 		add	r2, r0, r3, lsl #2
 366 002a B2F90220 		ldrsh	r2, [r2, #2]
 367 002e 8A42     		cmp	r2, r1
 368 0030 00DD     		ble	.L24
 171:Core/u8g2/u8g2_polygon.c ****     {
 172:Core/u8g2/u8g2_polygon.c ****       max_y = pg->list[i].y;
 369              		.loc 1 172 0
 370 0032 1146     		mov	r1, r2
 371              	.LVL38:
 372              	.L24:
 173:Core/u8g2/u8g2_polygon.c ****     }
 174:Core/u8g2/u8g2_polygon.c ****     if ( min_y > pg->list[i].y )
 373              		.loc 1 174 0
 374 0034 A242     		cmp	r2, r4
 375 0036 F0DA     		bge	.L25
 175:Core/u8g2/u8g2_polygon.c ****     {
 176:Core/u8g2/u8g2_polygon.c ****       pg->pge[PG_LEFT].curr_idx = i;
 376              		.loc 1 176 0
 377 0038 80F83030 		strb	r3, [r0, #48]
 177:Core/u8g2/u8g2_polygon.c ****       min_y = pg->list[i].y;
 378              		.loc 1 177 0
 379 003c 00EB8505 		add	r5, r0, r5, lsl #2
 380 0040 B5F90240 		ldrsh	r4, [r5, #2]
 381              	.LVL39:
 382 0044 E9E7     		b	.L25
 383              	.L32:
 178:Core/u8g2/u8g2_polygon.c ****     }
 179:Core/u8g2/u8g2_polygon.c ****   }
 180:Core/u8g2/u8g2_polygon.c **** 
 181:Core/u8g2/u8g2_polygon.c ****   /* calculate total number of scan lines */
 182:Core/u8g2/u8g2_polygon.c ****   pg->total_scan_line_cnt = max_y;
 183:Core/u8g2/u8g2_polygon.c ****   pg->total_scan_line_cnt -= min_y;
 384              		.loc 1 183 0
 385 0046 091B     		subs	r1, r1, r4
 386              	.LVL40:
 387 0048 09B2     		sxth	r1, r1
 388 004a 4183     		strh	r1, [r0, #26]	@ movhi
 184:Core/u8g2/u8g2_polygon.c ****   
 185:Core/u8g2/u8g2_polygon.c ****   /* exit if polygon height is zero */
ARM GAS  C:\Users\ASUS\AppData\Local\Temp\ccShUzX4.s 			page 11


 186:Core/u8g2/u8g2_polygon.c ****   if ( pg->total_scan_line_cnt == 0 )
 389              		.loc 1 186 0
 390 004c 09B9     		cbnz	r1, .L33
 187:Core/u8g2/u8g2_polygon.c ****     return 0;
 391              		.loc 1 187 0
 392 004e 0020     		movs	r0, #0
 393              	.LVL41:
 394              	.L27:
 188:Core/u8g2/u8g2_polygon.c ****   
 189:Core/u8g2/u8g2_polygon.c ****   /* if the minimum y side is flat, try to find the lowest and highest x points */
 190:Core/u8g2/u8g2_polygon.c ****   pg->pge[PG_RIGHT].curr_idx = pg->pge[PG_LEFT].curr_idx;  
 191:Core/u8g2/u8g2_polygon.c ****   pg_expand_min_y(pg, min_y, PG_RIGHT);
 192:Core/u8g2/u8g2_polygon.c ****   pg_expand_min_y(pg, min_y, PG_LEFT);
 193:Core/u8g2/u8g2_polygon.c ****   
 194:Core/u8g2/u8g2_polygon.c ****   /* check if the min side is really flat (depends on the x values) */
 195:Core/u8g2/u8g2_polygon.c ****   pg->is_min_y_not_flat = 1;
 196:Core/u8g2/u8g2_polygon.c ****   if ( pg->list[pg->pge[PG_LEFT].curr_idx].x != pg->list[pg->pge[PG_RIGHT].curr_idx].x )
 197:Core/u8g2/u8g2_polygon.c ****   {
 198:Core/u8g2/u8g2_polygon.c ****     pg->is_min_y_not_flat = 0;
 199:Core/u8g2/u8g2_polygon.c ****   }
 200:Core/u8g2/u8g2_polygon.c ****   else
 201:Core/u8g2/u8g2_polygon.c ****   {
 202:Core/u8g2/u8g2_polygon.c ****     pg->total_scan_line_cnt--;
 203:Core/u8g2/u8g2_polygon.c ****     if ( pg->total_scan_line_cnt == 0 )
 204:Core/u8g2/u8g2_polygon.c ****       return 0;
 205:Core/u8g2/u8g2_polygon.c ****   }
 206:Core/u8g2/u8g2_polygon.c **** 
 207:Core/u8g2/u8g2_polygon.c ****   return 1;
 208:Core/u8g2/u8g2_polygon.c **** }
 395              		.loc 1 208 0
 396 0050 38BD     		pop	{r3, r4, r5, pc}
 397              	.LVL42:
 398              	.L33:
 399 0052 0546     		mov	r5, r0
 190:Core/u8g2/u8g2_polygon.c ****   pg_expand_min_y(pg, min_y, PG_RIGHT);
 400              		.loc 1 190 0
 401 0054 90F83030 		ldrb	r3, [r0, #48]	@ zero_extendqisi2
 402              	.LVL43:
 403 0058 80F84830 		strb	r3, [r0, #72]
 191:Core/u8g2/u8g2_polygon.c ****   pg_expand_min_y(pg, min_y, PG_LEFT);
 404              		.loc 1 191 0
 405 005c 0122     		movs	r2, #1
 406 005e 2146     		mov	r1, r4
 407 0060 FFF7FEFF 		bl	pg_expand_min_y
 408              	.LVL44:
 192:Core/u8g2/u8g2_polygon.c ****   
 409              		.loc 1 192 0
 410 0064 0022     		movs	r2, #0
 411 0066 2146     		mov	r1, r4
 412 0068 2846     		mov	r0, r5
 413 006a FFF7FEFF 		bl	pg_expand_min_y
 414              	.LVL45:
 195:Core/u8g2/u8g2_polygon.c ****   if ( pg->list[pg->pge[PG_LEFT].curr_idx].x != pg->list[pg->pge[PG_RIGHT].curr_idx].x )
 415              		.loc 1 195 0
 416 006e 0123     		movs	r3, #1
 417 0070 6B76     		strb	r3, [r5, #25]
 196:Core/u8g2/u8g2_polygon.c ****   {
ARM GAS  C:\Users\ASUS\AppData\Local\Temp\ccShUzX4.s 			page 12


 418              		.loc 1 196 0
 419 0072 95F83030 		ldrb	r3, [r5, #48]	@ zero_extendqisi2
 420 0076 35F92320 		ldrsh	r2, [r5, r3, lsl #2]
 421 007a 95F84830 		ldrb	r3, [r5, #72]	@ zero_extendqisi2
 422 007e 35F92330 		ldrsh	r3, [r5, r3, lsl #2]
 423 0082 9A42     		cmp	r2, r3
 424 0084 03D0     		beq	.L28
 198:Core/u8g2/u8g2_polygon.c ****   }
 425              		.loc 1 198 0
 426 0086 0023     		movs	r3, #0
 427 0088 6B76     		strb	r3, [r5, #25]
 207:Core/u8g2/u8g2_polygon.c **** }
 428              		.loc 1 207 0
 429 008a 0120     		movs	r0, #1
 430 008c E0E7     		b	.L27
 431              	.L28:
 202:Core/u8g2/u8g2_polygon.c ****     if ( pg->total_scan_line_cnt == 0 )
 432              		.loc 1 202 0
 433 008e B5F91A30 		ldrsh	r3, [r5, #26]
 434 0092 013B     		subs	r3, r3, #1
 435 0094 1BB2     		sxth	r3, r3
 436 0096 6B83     		strh	r3, [r5, #26]	@ movhi
 203:Core/u8g2/u8g2_polygon.c ****       return 0;
 437              		.loc 1 203 0
 438 0098 0BB1     		cbz	r3, .L34
 207:Core/u8g2/u8g2_polygon.c **** }
 439              		.loc 1 207 0
 440 009a 0120     		movs	r0, #1
 441 009c D8E7     		b	.L27
 442              	.L34:
 204:Core/u8g2/u8g2_polygon.c ****   }
 443              		.loc 1 204 0
 444 009e 0020     		movs	r0, #0
 445 00a0 D6E7     		b	.L27
 446              	.L36:
 447 00a2 00BF     		.align	2
 448              	.L35:
 449 00a4 00000000 		.word	pg_inc
 450 00a8 00000000 		.word	pg_dec
 451              		.cfi_endproc
 452              	.LFE5:
 454              		.section	.text.pg_line_init,"ax",%progbits
 455              		.align	1
 456              		.syntax unified
 457              		.thumb
 458              		.thumb_func
 459              		.fpu softvfp
 461              	pg_line_init:
 462              	.LFB7:
 209:Core/u8g2/u8g2_polygon.c **** 
 210:Core/u8g2/u8g2_polygon.c **** static void pg_hline(pg_struct *pg, u8g2_t *u8g2)
 211:Core/u8g2/u8g2_polygon.c **** {
 212:Core/u8g2/u8g2_polygon.c ****   pg_word_t x1, x2, y;
 213:Core/u8g2/u8g2_polygon.c ****   x1 = pg->pge[PG_LEFT].current_x;
 214:Core/u8g2/u8g2_polygon.c ****   x2 = pg->pge[PG_RIGHT].current_x;
 215:Core/u8g2/u8g2_polygon.c ****   y = pg->pge[PG_RIGHT].current_y;
 216:Core/u8g2/u8g2_polygon.c ****   
ARM GAS  C:\Users\ASUS\AppData\Local\Temp\ccShUzX4.s 			page 13


 217:Core/u8g2/u8g2_polygon.c ****   if ( y < 0 )
 218:Core/u8g2/u8g2_polygon.c ****     return;
 219:Core/u8g2/u8g2_polygon.c ****   if ( y >= u8g2_GetDisplayHeight(u8g2) )  // does not work for 256x64 display???
 220:Core/u8g2/u8g2_polygon.c ****     return;
 221:Core/u8g2/u8g2_polygon.c ****   if ( x1 < x2 )
 222:Core/u8g2/u8g2_polygon.c ****   {
 223:Core/u8g2/u8g2_polygon.c ****     if ( x2 < 0 )
 224:Core/u8g2/u8g2_polygon.c ****       return;
 225:Core/u8g2/u8g2_polygon.c ****     if ( x1 >= u8g2_GetDisplayWidth(u8g2) )
 226:Core/u8g2/u8g2_polygon.c ****       return;
 227:Core/u8g2/u8g2_polygon.c ****     if ( x1 < 0 )
 228:Core/u8g2/u8g2_polygon.c ****       x1 = 0;
 229:Core/u8g2/u8g2_polygon.c ****     if ( x2 >= u8g2_GetDisplayWidth(u8g2) )
 230:Core/u8g2/u8g2_polygon.c ****       x2 = u8g2_GetDisplayWidth(u8g2);
 231:Core/u8g2/u8g2_polygon.c ****     u8g2_DrawHLine(u8g2, x1, y, x2 - x1);
 232:Core/u8g2/u8g2_polygon.c ****   }
 233:Core/u8g2/u8g2_polygon.c ****   else
 234:Core/u8g2/u8g2_polygon.c ****   {
 235:Core/u8g2/u8g2_polygon.c ****     if ( x1 < 0 )
 236:Core/u8g2/u8g2_polygon.c ****       return;
 237:Core/u8g2/u8g2_polygon.c ****     if ( x2 >= u8g2_GetDisplayWidth(u8g2) )
 238:Core/u8g2/u8g2_polygon.c ****       return;
 239:Core/u8g2/u8g2_polygon.c ****     if ( x2 < 0 )
 240:Core/u8g2/u8g2_polygon.c ****       x1 = 0;
 241:Core/u8g2/u8g2_polygon.c ****     if ( x1 >= u8g2_GetDisplayWidth(u8g2) )
 242:Core/u8g2/u8g2_polygon.c ****       x1 = u8g2_GetDisplayWidth(u8g2);
 243:Core/u8g2/u8g2_polygon.c ****     u8g2_DrawHLine(u8g2, x2, y, x1 - x2);
 244:Core/u8g2/u8g2_polygon.c ****   }
 245:Core/u8g2/u8g2_polygon.c **** }
 246:Core/u8g2/u8g2_polygon.c **** 
 247:Core/u8g2/u8g2_polygon.c **** static void pg_line_init(pg_struct * const pg, uint8_t pge_index)
 248:Core/u8g2/u8g2_polygon.c **** {
 463              		.loc 1 248 0
 464              		.cfi_startproc
 465              		@ args = 0, pretend = 0, frame = 0
 466              		@ frame_needed = 0, uses_anonymous_args = 0
 467              	.LVL46:
 468 0000 F0B5     		push	{r4, r5, r6, r7, lr}
 469              	.LCFI7:
 470              		.cfi_def_cfa_offset 20
 471              		.cfi_offset 4, -20
 472              		.cfi_offset 5, -16
 473              		.cfi_offset 6, -12
 474              		.cfi_offset 7, -8
 475              		.cfi_offset 14, -4
 476 0002 83B0     		sub	sp, sp, #12
 477              	.LCFI8:
 478              		.cfi_def_cfa_offset 32
 479 0004 0546     		mov	r5, r0
 249:Core/u8g2/u8g2_polygon.c ****   struct pg_edge_struct  *pge = pg->pge+pge_index;
 480              		.loc 1 249 0
 481 0006 00F11C04 		add	r4, r0, #28
 482 000a 01EB4101 		add	r1, r1, r1, lsl #1
 483              	.LVL47:
 484 000e CB00     		lsls	r3, r1, #3
 485 0010 1C44     		add	r4, r4, r3
 486              	.LVL48:
ARM GAS  C:\Users\ASUS\AppData\Local\Temp\ccShUzX4.s 			page 14


 250:Core/u8g2/u8g2_polygon.c ****   uint8_t idx;  
 251:Core/u8g2/u8g2_polygon.c ****   pg_word_t x1;
 252:Core/u8g2/u8g2_polygon.c ****   pg_word_t y1;
 253:Core/u8g2/u8g2_polygon.c ****   pg_word_t x2;
 254:Core/u8g2/u8g2_polygon.c ****   pg_word_t y2;
 255:Core/u8g2/u8g2_polygon.c **** 
 256:Core/u8g2/u8g2_polygon.c ****   idx = pge->curr_idx;  
 487              		.loc 1 256 0
 488 0012 217D     		ldrb	r1, [r4, #20]	@ zero_extendqisi2
 489              	.LVL49:
 257:Core/u8g2/u8g2_polygon.c ****   y1 = pg->list[idx].y;
 490              		.loc 1 257 0
 491 0014 00EB8103 		add	r3, r0, r1, lsl #2
 492 0018 B3F90270 		ldrsh	r7, [r3, #2]
 493              	.LVL50:
 258:Core/u8g2/u8g2_polygon.c ****   x1 = pg->list[idx].x;
 494              		.loc 1 258 0
 495 001c 30F92160 		ldrsh	r6, [r0, r1, lsl #2]
 496              	.LVL51:
 259:Core/u8g2/u8g2_polygon.c ****   idx = pge->next_idx_fn(pg, idx);
 497              		.loc 1 259 0
 498 0020 2369     		ldr	r3, [r4, #16]
 499 0022 9847     		blx	r3
 500              	.LVL52:
 260:Core/u8g2/u8g2_polygon.c ****   y2 = pg->list[idx].y;
 501              		.loc 1 260 0
 502 0024 05EB8003 		add	r3, r5, r0, lsl #2
 503 0028 B3F90220 		ldrsh	r2, [r3, #2]
 504              	.LVL53:
 261:Core/u8g2/u8g2_polygon.c ****   x2 = pg->list[idx].x; 
 505              		.loc 1 261 0
 506 002c 35F92030 		ldrsh	r3, [r5, r0, lsl #2]
 507              	.LVL54:
 262:Core/u8g2/u8g2_polygon.c ****   pge->curr_idx = idx;
 508              		.loc 1 262 0
 509 0030 2075     		strb	r0, [r4, #20]
 263:Core/u8g2/u8g2_polygon.c ****   
 264:Core/u8g2/u8g2_polygon.c ****   pge_Init(pge, x1, y1, x2, y2);
 510              		.loc 1 264 0
 511 0032 0092     		str	r2, [sp]
 512 0034 3A46     		mov	r2, r7
 513              	.LVL55:
 514 0036 3146     		mov	r1, r6
 515 0038 2046     		mov	r0, r4
 516              	.LVL56:
 517 003a FFF7FEFF 		bl	pge_Init
 518              	.LVL57:
 265:Core/u8g2/u8g2_polygon.c **** }
 519              		.loc 1 265 0
 520 003e 03B0     		add	sp, sp, #12
 521              	.LCFI9:
 522              		.cfi_def_cfa_offset 20
 523              		@ sp needed
 524 0040 F0BD     		pop	{r4, r5, r6, r7, pc}
 525              		.cfi_endproc
 526              	.LFE7:
 528              		.section	.text.pg_ClearPolygonXY,"ax",%progbits
ARM GAS  C:\Users\ASUS\AppData\Local\Temp\ccShUzX4.s 			page 15


 529              		.align	1
 530              		.syntax unified
 531              		.thumb
 532              		.thumb_func
 533              		.fpu softvfp
 535              	pg_ClearPolygonXY:
 536              	.LFB9:
 266:Core/u8g2/u8g2_polygon.c **** 
 267:Core/u8g2/u8g2_polygon.c **** static void pg_exec(pg_struct *pg, u8g2_t *u8g2)
 268:Core/u8g2/u8g2_polygon.c **** {
 269:Core/u8g2/u8g2_polygon.c ****   pg_word_t i = pg->total_scan_line_cnt;
 270:Core/u8g2/u8g2_polygon.c **** 
 271:Core/u8g2/u8g2_polygon.c ****   /* first line is skipped if the min y line is not flat */
 272:Core/u8g2/u8g2_polygon.c ****   pg_line_init(pg, PG_LEFT);		
 273:Core/u8g2/u8g2_polygon.c ****   pg_line_init(pg, PG_RIGHT);
 274:Core/u8g2/u8g2_polygon.c ****   
 275:Core/u8g2/u8g2_polygon.c ****   if ( pg->is_min_y_not_flat != 0 )
 276:Core/u8g2/u8g2_polygon.c ****   {
 277:Core/u8g2/u8g2_polygon.c ****     pge_Next(&(pg->pge[PG_LEFT])); 
 278:Core/u8g2/u8g2_polygon.c ****     pge_Next(&(pg->pge[PG_RIGHT]));
 279:Core/u8g2/u8g2_polygon.c ****   }
 280:Core/u8g2/u8g2_polygon.c **** 
 281:Core/u8g2/u8g2_polygon.c ****   do
 282:Core/u8g2/u8g2_polygon.c ****   {
 283:Core/u8g2/u8g2_polygon.c ****     pg_hline(pg, u8g2);
 284:Core/u8g2/u8g2_polygon.c ****     while ( pge_Next(&(pg->pge[PG_LEFT])) == 0 )
 285:Core/u8g2/u8g2_polygon.c ****     {
 286:Core/u8g2/u8g2_polygon.c ****       pg_line_init(pg, PG_LEFT);
 287:Core/u8g2/u8g2_polygon.c ****     }
 288:Core/u8g2/u8g2_polygon.c ****     while ( pge_Next(&(pg->pge[PG_RIGHT])) == 0 )
 289:Core/u8g2/u8g2_polygon.c ****     {
 290:Core/u8g2/u8g2_polygon.c ****       pg_line_init(pg, PG_RIGHT);
 291:Core/u8g2/u8g2_polygon.c ****     }
 292:Core/u8g2/u8g2_polygon.c ****     i--;
 293:Core/u8g2/u8g2_polygon.c ****   } while( i > 0 );
 294:Core/u8g2/u8g2_polygon.c **** }
 295:Core/u8g2/u8g2_polygon.c **** 
 296:Core/u8g2/u8g2_polygon.c **** /*===========================================*/
 297:Core/u8g2/u8g2_polygon.c **** /* API procedures */
 298:Core/u8g2/u8g2_polygon.c **** 
 299:Core/u8g2/u8g2_polygon.c **** static void pg_ClearPolygonXY(pg_struct *pg)
 300:Core/u8g2/u8g2_polygon.c **** {
 537              		.loc 1 300 0
 538              		.cfi_startproc
 539              		@ args = 0, pretend = 0, frame = 0
 540              		@ frame_needed = 0, uses_anonymous_args = 0
 541              		@ link register save eliminated.
 542              	.LVL58:
 301:Core/u8g2/u8g2_polygon.c ****   pg->cnt = 0;
 543              		.loc 1 301 0
 544 0000 0023     		movs	r3, #0
 545 0002 0376     		strb	r3, [r0, #24]
 302:Core/u8g2/u8g2_polygon.c **** }
 546              		.loc 1 302 0
 547 0004 7047     		bx	lr
 548              		.cfi_endproc
 549              	.LFE9:
ARM GAS  C:\Users\ASUS\AppData\Local\Temp\ccShUzX4.s 			page 16


 551              		.section	.text.pg_AddPolygonXY,"ax",%progbits
 552              		.align	1
 553              		.syntax unified
 554              		.thumb
 555              		.thumb_func
 556              		.fpu softvfp
 558              	pg_AddPolygonXY:
 559              	.LFB10:
 303:Core/u8g2/u8g2_polygon.c **** 
 304:Core/u8g2/u8g2_polygon.c **** static void pg_AddPolygonXY(pg_struct *pg, int16_t x, int16_t y)
 305:Core/u8g2/u8g2_polygon.c **** {
 560              		.loc 1 305 0
 561              		.cfi_startproc
 562              		@ args = 0, pretend = 0, frame = 0
 563              		@ frame_needed = 0, uses_anonymous_args = 0
 564              		@ link register save eliminated.
 565              	.LVL59:
 306:Core/u8g2/u8g2_polygon.c ****   if ( pg->cnt < PG_MAX_POINTS )
 566              		.loc 1 306 0
 567 0000 037E     		ldrb	r3, [r0, #24]	@ zero_extendqisi2
 568 0002 052B     		cmp	r3, #5
 569 0004 06D8     		bhi	.L40
 307:Core/u8g2/u8g2_polygon.c ****   {
 308:Core/u8g2/u8g2_polygon.c ****     pg->list[pg->cnt].x = x;
 570              		.loc 1 308 0
 571 0006 20F82310 		strh	r1, [r0, r3, lsl #2]	@ movhi
 309:Core/u8g2/u8g2_polygon.c ****     pg->list[pg->cnt].y = y;
 572              		.loc 1 309 0
 573 000a 00EB8301 		add	r1, r0, r3, lsl #2
 574              	.LVL60:
 575 000e 4A80     		strh	r2, [r1, #2]	@ movhi
 576              	.LVL61:
 310:Core/u8g2/u8g2_polygon.c ****     pg->cnt++;
 577              		.loc 1 310 0
 578 0010 0133     		adds	r3, r3, #1
 579 0012 0376     		strb	r3, [r0, #24]
 580              	.L40:
 311:Core/u8g2/u8g2_polygon.c ****   }
 312:Core/u8g2/u8g2_polygon.c **** }
 581              		.loc 1 312 0
 582 0014 7047     		bx	lr
 583              		.cfi_endproc
 584              	.LFE10:
 586              		.section	.text.pg_hline,"ax",%progbits
 587              		.align	1
 588              		.syntax unified
 589              		.thumb
 590              		.thumb_func
 591              		.fpu softvfp
 593              	pg_hline:
 594              	.LFB6:
 211:Core/u8g2/u8g2_polygon.c ****   pg_word_t x1, x2, y;
 595              		.loc 1 211 0
 596              		.cfi_startproc
 597              		@ args = 0, pretend = 0, frame = 0
 598              		@ frame_needed = 0, uses_anonymous_args = 0
 599              	.LVL62:
ARM GAS  C:\Users\ASUS\AppData\Local\Temp\ccShUzX4.s 			page 17


 600 0000 10B5     		push	{r4, lr}
 601              	.LCFI10:
 602              		.cfi_def_cfa_offset 8
 603              		.cfi_offset 4, -8
 604              		.cfi_offset 14, -4
 213:Core/u8g2/u8g2_polygon.c ****   x2 = pg->pge[PG_RIGHT].current_x;
 605              		.loc 1 213 0
 606 0002 B0F92830 		ldrsh	r3, [r0, #40]
 607              	.LVL63:
 214:Core/u8g2/u8g2_polygon.c ****   y = pg->pge[PG_RIGHT].current_y;
 608              		.loc 1 214 0
 609 0006 B0F94040 		ldrsh	r4, [r0, #64]
 610              	.LVL64:
 215:Core/u8g2/u8g2_polygon.c ****   
 611              		.loc 1 215 0
 612 000a B0F93C20 		ldrsh	r2, [r0, #60]
 613              	.LVL65:
 217:Core/u8g2/u8g2_polygon.c ****     return;
 614              		.loc 1 217 0
 615 000e 002A     		cmp	r2, #0
 616 0010 17DB     		blt	.L42
 219:Core/u8g2/u8g2_polygon.c ****     return;
 617              		.loc 1 219 0
 618 0012 91F84400 		ldrb	r0, [r1, #68]	@ zero_extendqisi2
 619              	.LVL66:
 620 0016 8242     		cmp	r2, r0
 621 0018 13DA     		bge	.L42
 622 001a 0846     		mov	r0, r1
 221:Core/u8g2/u8g2_polygon.c ****   {
 623              		.loc 1 221 0
 624 001c A342     		cmp	r3, r4
 625 001e 13DA     		bge	.L44
 223:Core/u8g2/u8g2_polygon.c ****       return;
 626              		.loc 1 223 0
 627 0020 002C     		cmp	r4, #0
 628 0022 0EDB     		blt	.L42
 225:Core/u8g2/u8g2_polygon.c ****       return;
 629              		.loc 1 225 0
 630 0024 91F84310 		ldrb	r1, [r1, #67]	@ zero_extendqisi2
 631              	.LVL67:
 632 0028 8B42     		cmp	r3, r1
 633 002a 0ADA     		bge	.L42
 227:Core/u8g2/u8g2_polygon.c ****       x1 = 0;
 634              		.loc 1 227 0
 635 002c 002B     		cmp	r3, #0
 636 002e 09DB     		blt	.L52
 637              	.LVL68:
 638              	.L45:
 229:Core/u8g2/u8g2_polygon.c ****       x2 = u8g2_GetDisplayWidth(u8g2);
 639              		.loc 1 229 0
 640 0030 A142     		cmp	r1, r4
 641 0032 00DC     		bgt	.L46
 230:Core/u8g2/u8g2_polygon.c ****     u8g2_DrawHLine(u8g2, x1, y, x2 - x1);
 642              		.loc 1 230 0
 643 0034 0CB2     		sxth	r4, r1
 644              	.LVL69:
 645              	.L46:
ARM GAS  C:\Users\ASUS\AppData\Local\Temp\ccShUzX4.s 			page 18


 231:Core/u8g2/u8g2_polygon.c ****   }
 646              		.loc 1 231 0
 647 0036 D9B2     		uxtb	r1, r3
 648 0038 631A     		subs	r3, r4, r1
 649              	.LVL70:
 650 003a DBB2     		uxtb	r3, r3
 651 003c D2B2     		uxtb	r2, r2
 652              	.LVL71:
 653 003e FFF7FEFF 		bl	u8g2_DrawHLine
 654              	.LVL72:
 655              	.L42:
 245:Core/u8g2/u8g2_polygon.c **** 
 656              		.loc 1 245 0
 657 0042 10BD     		pop	{r4, pc}
 658              	.LVL73:
 659              	.L52:
 228:Core/u8g2/u8g2_polygon.c ****     if ( x2 >= u8g2_GetDisplayWidth(u8g2) )
 660              		.loc 1 228 0
 661 0044 0023     		movs	r3, #0
 662              	.LVL74:
 663 0046 F3E7     		b	.L45
 664              	.LVL75:
 665              	.L44:
 235:Core/u8g2/u8g2_polygon.c ****       return;
 666              		.loc 1 235 0
 667 0048 002B     		cmp	r3, #0
 668 004a FADB     		blt	.L42
 237:Core/u8g2/u8g2_polygon.c ****       return;
 669              		.loc 1 237 0
 670 004c 91F84310 		ldrb	r1, [r1, #67]	@ zero_extendqisi2
 671 0050 8C42     		cmp	r4, r1
 672 0052 F6DA     		bge	.L42
 239:Core/u8g2/u8g2_polygon.c ****       x1 = 0;
 673              		.loc 1 239 0
 674 0054 002C     		cmp	r4, #0
 675 0056 09DB     		blt	.L53
 676              	.LVL76:
 677              	.L47:
 241:Core/u8g2/u8g2_polygon.c ****       x1 = u8g2_GetDisplayWidth(u8g2);
 678              		.loc 1 241 0
 679 0058 9942     		cmp	r1, r3
 680 005a 00DC     		bgt	.L48
 242:Core/u8g2/u8g2_polygon.c ****     u8g2_DrawHLine(u8g2, x2, y, x1 - x2);
 681              		.loc 1 242 0
 682 005c 0BB2     		sxth	r3, r1
 683              	.LVL77:
 684              	.L48:
 243:Core/u8g2/u8g2_polygon.c ****   }
 685              		.loc 1 243 0
 686 005e E1B2     		uxtb	r1, r4
 687 0060 5B1A     		subs	r3, r3, r1
 688              	.LVL78:
 689 0062 DBB2     		uxtb	r3, r3
 690 0064 D2B2     		uxtb	r2, r2
 691              	.LVL79:
 692 0066 FFF7FEFF 		bl	u8g2_DrawHLine
 693              	.LVL80:
ARM GAS  C:\Users\ASUS\AppData\Local\Temp\ccShUzX4.s 			page 19


 694 006a EAE7     		b	.L42
 695              	.LVL81:
 696              	.L53:
 240:Core/u8g2/u8g2_polygon.c ****     if ( x1 >= u8g2_GetDisplayWidth(u8g2) )
 697              		.loc 1 240 0
 698 006c 0023     		movs	r3, #0
 699              	.LVL82:
 700 006e F3E7     		b	.L47
 701              		.cfi_endproc
 702              	.LFE6:
 704              		.section	.text.pg_exec,"ax",%progbits
 705              		.align	1
 706              		.syntax unified
 707              		.thumb
 708              		.thumb_func
 709              		.fpu softvfp
 711              	pg_exec:
 712              	.LFB8:
 268:Core/u8g2/u8g2_polygon.c ****   pg_word_t i = pg->total_scan_line_cnt;
 713              		.loc 1 268 0
 714              		.cfi_startproc
 715              		@ args = 0, pretend = 0, frame = 0
 716              		@ frame_needed = 0, uses_anonymous_args = 0
 717              	.LVL83:
 718 0000 70B5     		push	{r4, r5, r6, lr}
 719              	.LCFI11:
 720              		.cfi_def_cfa_offset 16
 721              		.cfi_offset 4, -16
 722              		.cfi_offset 5, -12
 723              		.cfi_offset 6, -8
 724              		.cfi_offset 14, -4
 725 0002 0446     		mov	r4, r0
 726 0004 0E46     		mov	r6, r1
 269:Core/u8g2/u8g2_polygon.c **** 
 727              		.loc 1 269 0
 728 0006 B0F91A50 		ldrsh	r5, [r0, #26]
 729              	.LVL84:
 272:Core/u8g2/u8g2_polygon.c ****   pg_line_init(pg, PG_RIGHT);
 730              		.loc 1 272 0
 731 000a 0021     		movs	r1, #0
 732              	.LVL85:
 733 000c FFF7FEFF 		bl	pg_line_init
 734              	.LVL86:
 273:Core/u8g2/u8g2_polygon.c ****   
 735              		.loc 1 273 0
 736 0010 0121     		movs	r1, #1
 737 0012 2046     		mov	r0, r4
 738 0014 FFF7FEFF 		bl	pg_line_init
 739              	.LVL87:
 275:Core/u8g2/u8g2_polygon.c ****   {
 740              		.loc 1 275 0
 741 0018 637E     		ldrb	r3, [r4, #25]	@ zero_extendqisi2
 742 001a 0BB3     		cbz	r3, .L60
 277:Core/u8g2/u8g2_polygon.c ****     pge_Next(&(pg->pge[PG_RIGHT]));
 743              		.loc 1 277 0
 744 001c 04F11C00 		add	r0, r4, #28
 745 0020 FFF7FEFF 		bl	pge_Next
ARM GAS  C:\Users\ASUS\AppData\Local\Temp\ccShUzX4.s 			page 20


 746              	.LVL88:
 278:Core/u8g2/u8g2_polygon.c ****   }
 747              		.loc 1 278 0
 748 0024 04F13400 		add	r0, r4, #52
 749 0028 FFF7FEFF 		bl	pge_Next
 750              	.LVL89:
 751 002c 18E0     		b	.L60
 752              	.L57:
 286:Core/u8g2/u8g2_polygon.c ****     }
 753              		.loc 1 286 0
 754 002e 0021     		movs	r1, #0
 755 0030 2046     		mov	r0, r4
 756 0032 FFF7FEFF 		bl	pg_line_init
 757              	.LVL90:
 758              	.L56:
 284:Core/u8g2/u8g2_polygon.c ****     {
 759              		.loc 1 284 0
 760 0036 04F11C00 		add	r0, r4, #28
 761 003a FFF7FEFF 		bl	pge_Next
 762              	.LVL91:
 763 003e 0028     		cmp	r0, #0
 764 0040 F5D0     		beq	.L57
 765 0042 03E0     		b	.L58
 766              	.L59:
 290:Core/u8g2/u8g2_polygon.c ****     }
 767              		.loc 1 290 0
 768 0044 0121     		movs	r1, #1
 769 0046 2046     		mov	r0, r4
 770 0048 FFF7FEFF 		bl	pg_line_init
 771              	.LVL92:
 772              	.L58:
 288:Core/u8g2/u8g2_polygon.c ****     {
 773              		.loc 1 288 0
 774 004c 04F13400 		add	r0, r4, #52
 775 0050 FFF7FEFF 		bl	pge_Next
 776              	.LVL93:
 777 0054 0028     		cmp	r0, #0
 778 0056 F5D0     		beq	.L59
 292:Core/u8g2/u8g2_polygon.c ****   } while( i > 0 );
 779              		.loc 1 292 0
 780 0058 013D     		subs	r5, r5, #1
 781              	.LVL94:
 782 005a 2DB2     		sxth	r5, r5
 783              	.LVL95:
 293:Core/u8g2/u8g2_polygon.c **** }
 784              		.loc 1 293 0
 785 005c 002D     		cmp	r5, #0
 786 005e 04DD     		ble	.L62
 787              	.L60:
 283:Core/u8g2/u8g2_polygon.c ****     while ( pge_Next(&(pg->pge[PG_LEFT])) == 0 )
 788              		.loc 1 283 0
 789 0060 3146     		mov	r1, r6
 790 0062 2046     		mov	r0, r4
 791 0064 FFF7FEFF 		bl	pg_hline
 792              	.LVL96:
 284:Core/u8g2/u8g2_polygon.c ****     {
 793              		.loc 1 284 0
ARM GAS  C:\Users\ASUS\AppData\Local\Temp\ccShUzX4.s 			page 21


 794 0068 E5E7     		b	.L56
 795              	.L62:
 294:Core/u8g2/u8g2_polygon.c **** 
 796              		.loc 1 294 0
 797 006a 70BD     		pop	{r4, r5, r6, pc}
 798              		.cfi_endproc
 799              	.LFE8:
 801              		.section	.text.pg_DrawPolygon,"ax",%progbits
 802              		.align	1
 803              		.syntax unified
 804              		.thumb
 805              		.thumb_func
 806              		.fpu softvfp
 808              	pg_DrawPolygon:
 809              	.LFB11:
 313:Core/u8g2/u8g2_polygon.c **** 
 314:Core/u8g2/u8g2_polygon.c **** static void pg_DrawPolygon(pg_struct *pg, u8g2_t *u8g2)
 315:Core/u8g2/u8g2_polygon.c **** {
 810              		.loc 1 315 0
 811              		.cfi_startproc
 812              		@ args = 0, pretend = 0, frame = 0
 813              		@ frame_needed = 0, uses_anonymous_args = 0
 814              	.LVL97:
 815 0000 38B5     		push	{r3, r4, r5, lr}
 816              	.LCFI12:
 817              		.cfi_def_cfa_offset 16
 818              		.cfi_offset 3, -16
 819              		.cfi_offset 4, -12
 820              		.cfi_offset 5, -8
 821              		.cfi_offset 14, -4
 822 0002 0446     		mov	r4, r0
 823 0004 0D46     		mov	r5, r1
 316:Core/u8g2/u8g2_polygon.c ****   if ( pg_prepare(pg) == 0 )
 824              		.loc 1 316 0
 825 0006 FFF7FEFF 		bl	pg_prepare
 826              	.LVL98:
 827 000a 00B9     		cbnz	r0, .L66
 828              	.L63:
 317:Core/u8g2/u8g2_polygon.c ****     return;
 318:Core/u8g2/u8g2_polygon.c ****   pg_exec(pg, u8g2);
 319:Core/u8g2/u8g2_polygon.c **** }
 829              		.loc 1 319 0
 830 000c 38BD     		pop	{r3, r4, r5, pc}
 831              	.LVL99:
 832              	.L66:
 318:Core/u8g2/u8g2_polygon.c **** }
 833              		.loc 1 318 0
 834 000e 2946     		mov	r1, r5
 835 0010 2046     		mov	r0, r4
 836 0012 FFF7FEFF 		bl	pg_exec
 837              	.LVL100:
 838 0016 F9E7     		b	.L63
 839              		.cfi_endproc
 840              	.LFE11:
 842              		.section	.text.u8g2_ClearPolygonXY,"ax",%progbits
 843              		.align	1
 844              		.global	u8g2_ClearPolygonXY
ARM GAS  C:\Users\ASUS\AppData\Local\Temp\ccShUzX4.s 			page 22


 845              		.syntax unified
 846              		.thumb
 847              		.thumb_func
 848              		.fpu softvfp
 850              	u8g2_ClearPolygonXY:
 851              	.LFB12:
 320:Core/u8g2/u8g2_polygon.c **** 
 321:Core/u8g2/u8g2_polygon.c **** pg_struct u8g2_pg;
 322:Core/u8g2/u8g2_polygon.c **** 
 323:Core/u8g2/u8g2_polygon.c **** void u8g2_ClearPolygonXY(void)
 324:Core/u8g2/u8g2_polygon.c **** {
 852              		.loc 1 324 0
 853              		.cfi_startproc
 854              		@ args = 0, pretend = 0, frame = 0
 855              		@ frame_needed = 0, uses_anonymous_args = 0
 856 0000 08B5     		push	{r3, lr}
 857              	.LCFI13:
 858              		.cfi_def_cfa_offset 8
 859              		.cfi_offset 3, -8
 860              		.cfi_offset 14, -4
 325:Core/u8g2/u8g2_polygon.c ****   pg_ClearPolygonXY(&u8g2_pg);
 861              		.loc 1 325 0
 862 0002 0248     		ldr	r0, .L69
 863 0004 FFF7FEFF 		bl	pg_ClearPolygonXY
 864              	.LVL101:
 326:Core/u8g2/u8g2_polygon.c **** }
 865              		.loc 1 326 0
 866 0008 08BD     		pop	{r3, pc}
 867              	.L70:
 868 000a 00BF     		.align	2
 869              	.L69:
 870 000c 00000000 		.word	u8g2_pg
 871              		.cfi_endproc
 872              	.LFE12:
 874              		.section	.text.u8g2_AddPolygonXY,"ax",%progbits
 875              		.align	1
 876              		.global	u8g2_AddPolygonXY
 877              		.syntax unified
 878              		.thumb
 879              		.thumb_func
 880              		.fpu softvfp
 882              	u8g2_AddPolygonXY:
 883              	.LFB13:
 327:Core/u8g2/u8g2_polygon.c **** 
 328:Core/u8g2/u8g2_polygon.c **** void u8g2_AddPolygonXY(U8X8_UNUSED u8g2_t *u8g2, int16_t x, int16_t y)
 329:Core/u8g2/u8g2_polygon.c **** {
 884              		.loc 1 329 0
 885              		.cfi_startproc
 886              		@ args = 0, pretend = 0, frame = 0
 887              		@ frame_needed = 0, uses_anonymous_args = 0
 888              	.LVL102:
 889 0000 08B5     		push	{r3, lr}
 890              	.LCFI14:
 891              		.cfi_def_cfa_offset 8
 892              		.cfi_offset 3, -8
 893              		.cfi_offset 14, -4
 330:Core/u8g2/u8g2_polygon.c ****   pg_AddPolygonXY(&u8g2_pg, x, y);
ARM GAS  C:\Users\ASUS\AppData\Local\Temp\ccShUzX4.s 			page 23


 894              		.loc 1 330 0
 895 0002 0248     		ldr	r0, .L73
 896              	.LVL103:
 897 0004 FFF7FEFF 		bl	pg_AddPolygonXY
 898              	.LVL104:
 331:Core/u8g2/u8g2_polygon.c **** }
 899              		.loc 1 331 0
 900 0008 08BD     		pop	{r3, pc}
 901              	.L74:
 902 000a 00BF     		.align	2
 903              	.L73:
 904 000c 00000000 		.word	u8g2_pg
 905              		.cfi_endproc
 906              	.LFE13:
 908              		.section	.text.u8g2_DrawPolygon,"ax",%progbits
 909              		.align	1
 910              		.global	u8g2_DrawPolygon
 911              		.syntax unified
 912              		.thumb
 913              		.thumb_func
 914              		.fpu softvfp
 916              	u8g2_DrawPolygon:
 917              	.LFB14:
 332:Core/u8g2/u8g2_polygon.c **** 
 333:Core/u8g2/u8g2_polygon.c **** void u8g2_DrawPolygon(u8g2_t *u8g2)
 334:Core/u8g2/u8g2_polygon.c **** {
 918              		.loc 1 334 0
 919              		.cfi_startproc
 920              		@ args = 0, pretend = 0, frame = 0
 921              		@ frame_needed = 0, uses_anonymous_args = 0
 922              	.LVL105:
 923 0000 08B5     		push	{r3, lr}
 924              	.LCFI15:
 925              		.cfi_def_cfa_offset 8
 926              		.cfi_offset 3, -8
 927              		.cfi_offset 14, -4
 335:Core/u8g2/u8g2_polygon.c ****   pg_DrawPolygon(&u8g2_pg, u8g2);
 928              		.loc 1 335 0
 929 0002 0146     		mov	r1, r0
 930 0004 0148     		ldr	r0, .L77
 931              	.LVL106:
 932 0006 FFF7FEFF 		bl	pg_DrawPolygon
 933              	.LVL107:
 336:Core/u8g2/u8g2_polygon.c **** }
 934              		.loc 1 336 0
 935 000a 08BD     		pop	{r3, pc}
 936              	.L78:
 937              		.align	2
 938              	.L77:
 939 000c 00000000 		.word	u8g2_pg
 940              		.cfi_endproc
 941              	.LFE14:
 943              		.section	.text.u8g2_DrawTriangle,"ax",%progbits
 944              		.align	1
 945              		.global	u8g2_DrawTriangle
 946              		.syntax unified
 947              		.thumb
ARM GAS  C:\Users\ASUS\AppData\Local\Temp\ccShUzX4.s 			page 24


 948              		.thumb_func
 949              		.fpu softvfp
 951              	u8g2_DrawTriangle:
 952              	.LFB15:
 337:Core/u8g2/u8g2_polygon.c **** 
 338:Core/u8g2/u8g2_polygon.c **** void u8g2_DrawTriangle(u8g2_t *u8g2, int16_t x0, int16_t y0, int16_t x1, int16_t y1, int16_t x2, in
 339:Core/u8g2/u8g2_polygon.c **** {
 953              		.loc 1 339 0
 954              		.cfi_startproc
 955              		@ args = 12, pretend = 0, frame = 0
 956              		@ frame_needed = 0, uses_anonymous_args = 0
 957              	.LVL108:
 958 0000 F8B5     		push	{r3, r4, r5, r6, r7, lr}
 959              	.LCFI16:
 960              		.cfi_def_cfa_offset 24
 961              		.cfi_offset 3, -24
 962              		.cfi_offset 4, -20
 963              		.cfi_offset 5, -16
 964              		.cfi_offset 6, -12
 965              		.cfi_offset 7, -8
 966              		.cfi_offset 14, -4
 967 0002 0446     		mov	r4, r0
 968 0004 0E46     		mov	r6, r1
 969 0006 1746     		mov	r7, r2
 970 0008 1D46     		mov	r5, r3
 340:Core/u8g2/u8g2_polygon.c ****   u8g2_ClearPolygonXY();
 971              		.loc 1 340 0
 972 000a FFF7FEFF 		bl	u8g2_ClearPolygonXY
 973              	.LVL109:
 341:Core/u8g2/u8g2_polygon.c ****   u8g2_AddPolygonXY(u8g2, x0, y0);
 974              		.loc 1 341 0
 975 000e 3A46     		mov	r2, r7
 976 0010 3146     		mov	r1, r6
 977 0012 2046     		mov	r0, r4
 978 0014 FFF7FEFF 		bl	u8g2_AddPolygonXY
 979              	.LVL110:
 342:Core/u8g2/u8g2_polygon.c ****   u8g2_AddPolygonXY(u8g2, x1, y1);
 980              		.loc 1 342 0
 981 0018 BDF91820 		ldrsh	r2, [sp, #24]
 982 001c 2946     		mov	r1, r5
 983 001e 2046     		mov	r0, r4
 984 0020 FFF7FEFF 		bl	u8g2_AddPolygonXY
 985              	.LVL111:
 343:Core/u8g2/u8g2_polygon.c ****   u8g2_AddPolygonXY(u8g2, x2, y2);
 986              		.loc 1 343 0
 987 0024 BDF92020 		ldrsh	r2, [sp, #32]
 988 0028 BDF91C10 		ldrsh	r1, [sp, #28]
 989 002c 2046     		mov	r0, r4
 990 002e FFF7FEFF 		bl	u8g2_AddPolygonXY
 991              	.LVL112:
 344:Core/u8g2/u8g2_polygon.c ****   u8g2_DrawPolygon(u8g2);
 992              		.loc 1 344 0
 993 0032 2046     		mov	r0, r4
 994 0034 FFF7FEFF 		bl	u8g2_DrawPolygon
 995              	.LVL113:
 345:Core/u8g2/u8g2_polygon.c **** }
 996              		.loc 1 345 0
ARM GAS  C:\Users\ASUS\AppData\Local\Temp\ccShUzX4.s 			page 25


 997 0038 F8BD     		pop	{r3, r4, r5, r6, r7, pc}
 998              		.cfi_endproc
 999              	.LFE15:
 1001              		.comm	u8g2_pg,76,4
 1002              		.text
 1003              	.Letext0:
 1004              		.file 2 "c:\\program files (x86)\\gnu_tools_arm_embedded\\7_2017-q4-major\\arm-none-eabi\\include\
 1005              		.file 3 "c:\\program files (x86)\\gnu_tools_arm_embedded\\7_2017-q4-major\\arm-none-eabi\\include\
 1006              		.file 4 "Core/u8g2/../u8g2/../u8g2/u8x8.h"
 1007              		.file 5 "Core/u8g2/../u8g2/u8g2.h"
ARM GAS  C:\Users\ASUS\AppData\Local\Temp\ccShUzX4.s 			page 26


DEFINED SYMBOLS
                            *ABS*:00000000 u8g2_polygon.c
C:\Users\ASUS\AppData\Local\Temp\ccShUzX4.s:16     .text.pge_Next:00000000 $t
C:\Users\ASUS\AppData\Local\Temp\ccShUzX4.s:22     .text.pge_Next:00000000 pge_Next
C:\Users\ASUS\AppData\Local\Temp\ccShUzX4.s:89     .text.pge_Init:00000000 $t
C:\Users\ASUS\AppData\Local\Temp\ccShUzX4.s:95     .text.pge_Init:00000000 pge_Init
C:\Users\ASUS\AppData\Local\Temp\ccShUzX4.s:181    .text.pg_inc:00000000 $t
C:\Users\ASUS\AppData\Local\Temp\ccShUzX4.s:187    .text.pg_inc:00000000 pg_inc
C:\Users\ASUS\AppData\Local\Temp\ccShUzX4.s:216    .text.pg_dec:00000000 $t
C:\Users\ASUS\AppData\Local\Temp\ccShUzX4.s:222    .text.pg_dec:00000000 pg_dec
C:\Users\ASUS\AppData\Local\Temp\ccShUzX4.s:253    .text.pg_expand_min_y:00000000 $t
C:\Users\ASUS\AppData\Local\Temp\ccShUzX4.s:259    .text.pg_expand_min_y:00000000 pg_expand_min_y
C:\Users\ASUS\AppData\Local\Temp\ccShUzX4.s:313    .text.pg_prepare:00000000 $t
C:\Users\ASUS\AppData\Local\Temp\ccShUzX4.s:319    .text.pg_prepare:00000000 pg_prepare
C:\Users\ASUS\AppData\Local\Temp\ccShUzX4.s:449    .text.pg_prepare:000000a4 $d
C:\Users\ASUS\AppData\Local\Temp\ccShUzX4.s:455    .text.pg_line_init:00000000 $t
C:\Users\ASUS\AppData\Local\Temp\ccShUzX4.s:461    .text.pg_line_init:00000000 pg_line_init
C:\Users\ASUS\AppData\Local\Temp\ccShUzX4.s:529    .text.pg_ClearPolygonXY:00000000 $t
C:\Users\ASUS\AppData\Local\Temp\ccShUzX4.s:535    .text.pg_ClearPolygonXY:00000000 pg_ClearPolygonXY
C:\Users\ASUS\AppData\Local\Temp\ccShUzX4.s:552    .text.pg_AddPolygonXY:00000000 $t
C:\Users\ASUS\AppData\Local\Temp\ccShUzX4.s:558    .text.pg_AddPolygonXY:00000000 pg_AddPolygonXY
C:\Users\ASUS\AppData\Local\Temp\ccShUzX4.s:587    .text.pg_hline:00000000 $t
C:\Users\ASUS\AppData\Local\Temp\ccShUzX4.s:593    .text.pg_hline:00000000 pg_hline
C:\Users\ASUS\AppData\Local\Temp\ccShUzX4.s:705    .text.pg_exec:00000000 $t
C:\Users\ASUS\AppData\Local\Temp\ccShUzX4.s:711    .text.pg_exec:00000000 pg_exec
C:\Users\ASUS\AppData\Local\Temp\ccShUzX4.s:802    .text.pg_DrawPolygon:00000000 $t
C:\Users\ASUS\AppData\Local\Temp\ccShUzX4.s:808    .text.pg_DrawPolygon:00000000 pg_DrawPolygon
C:\Users\ASUS\AppData\Local\Temp\ccShUzX4.s:843    .text.u8g2_ClearPolygonXY:00000000 $t
C:\Users\ASUS\AppData\Local\Temp\ccShUzX4.s:850    .text.u8g2_ClearPolygonXY:00000000 u8g2_ClearPolygonXY
C:\Users\ASUS\AppData\Local\Temp\ccShUzX4.s:870    .text.u8g2_ClearPolygonXY:0000000c $d
                            *COM*:0000004c u8g2_pg
C:\Users\ASUS\AppData\Local\Temp\ccShUzX4.s:875    .text.u8g2_AddPolygonXY:00000000 $t
C:\Users\ASUS\AppData\Local\Temp\ccShUzX4.s:882    .text.u8g2_AddPolygonXY:00000000 u8g2_AddPolygonXY
C:\Users\ASUS\AppData\Local\Temp\ccShUzX4.s:904    .text.u8g2_AddPolygonXY:0000000c $d
C:\Users\ASUS\AppData\Local\Temp\ccShUzX4.s:909    .text.u8g2_DrawPolygon:00000000 $t
C:\Users\ASUS\AppData\Local\Temp\ccShUzX4.s:916    .text.u8g2_DrawPolygon:00000000 u8g2_DrawPolygon
C:\Users\ASUS\AppData\Local\Temp\ccShUzX4.s:939    .text.u8g2_DrawPolygon:0000000c $d
C:\Users\ASUS\AppData\Local\Temp\ccShUzX4.s:944    .text.u8g2_DrawTriangle:00000000 $t
C:\Users\ASUS\AppData\Local\Temp\ccShUzX4.s:951    .text.u8g2_DrawTriangle:00000000 u8g2_DrawTriangle

UNDEFINED SYMBOLS
u8g2_DrawHLine
