ARM GAS  C:\Users\ASUS\AppData\Local\Temp\ccJNU3ua.s 			page 1


   1              		.cpu cortex-m3
   2              		.eabi_attribute 20, 1
   3              		.eabi_attribute 21, 1
   4              		.eabi_attribute 23, 3
   5              		.eabi_attribute 24, 1
   6              		.eabi_attribute 25, 1
   7              		.eabi_attribute 26, 1
   8              		.eabi_attribute 30, 1
   9              		.eabi_attribute 34, 1
  10              		.eabi_attribute 18, 4
  11              		.file	"u8g2_intersection.c"
  12              		.text
  13              	.Ltext0:
  14              		.cfi_sections	.debug_frame
  15              		.section	.text.u8g2_is_intersection_decision_tree,"ax",%progbits
  16              		.align	1
  17              		.global	u8g2_is_intersection_decision_tree
  18              		.syntax unified
  19              		.thumb
  20              		.thumb_func
  21              		.fpu softvfp
  23              	u8g2_is_intersection_decision_tree:
  24              	.LFB0:
  25              		.file 1 "Core/u8g2/u8g2_intersection.c"
   1:Core/u8g2/u8g2_intersection.c **** /*
   2:Core/u8g2/u8g2_intersection.c **** 
   3:Core/u8g2/u8g2_intersection.c ****   u8g2_intersection.c 
   4:Core/u8g2/u8g2_intersection.c ****   
   5:Core/u8g2/u8g2_intersection.c ****   Intersection calculation, code taken from u8g_clip.c
   6:Core/u8g2/u8g2_intersection.c **** 
   7:Core/u8g2/u8g2_intersection.c ****   Universal 8bit Graphics Library (https://github.com/olikraus/u8g2/)
   8:Core/u8g2/u8g2_intersection.c **** 
   9:Core/u8g2/u8g2_intersection.c ****   Copyright (c) 2016, olikraus@gmail.com
  10:Core/u8g2/u8g2_intersection.c ****   All rights reserved.
  11:Core/u8g2/u8g2_intersection.c **** 
  12:Core/u8g2/u8g2_intersection.c ****   Redistribution and use in source and binary forms, with or without modification, 
  13:Core/u8g2/u8g2_intersection.c ****   are permitted provided that the following conditions are met:
  14:Core/u8g2/u8g2_intersection.c **** 
  15:Core/u8g2/u8g2_intersection.c ****   * Redistributions of source code must retain the above copyright notice, this list 
  16:Core/u8g2/u8g2_intersection.c ****     of conditions and the following disclaimer.
  17:Core/u8g2/u8g2_intersection.c ****     
  18:Core/u8g2/u8g2_intersection.c ****   * Redistributions in binary form must reproduce the above copyright notice, this 
  19:Core/u8g2/u8g2_intersection.c ****     list of conditions and the following disclaimer in the documentation and/or other 
  20:Core/u8g2/u8g2_intersection.c ****     materials provided with the distribution.
  21:Core/u8g2/u8g2_intersection.c **** 
  22:Core/u8g2/u8g2_intersection.c ****   THIS SOFTWARE IS PROVIDED BY THE COPYRIGHT HOLDERS AND 
  23:Core/u8g2/u8g2_intersection.c ****   CONTRIBUTORS "AS IS" AND ANY EXPRESS OR IMPLIED WARRANTIES, 
  24:Core/u8g2/u8g2_intersection.c ****   INCLUDING, BUT NOT LIMITED TO, THE IMPLIED WARRANTIES OF 
  25:Core/u8g2/u8g2_intersection.c ****   MERCHANTABILITY AND FITNESS FOR A PARTICULAR PURPOSE ARE 
  26:Core/u8g2/u8g2_intersection.c ****   DISCLAIMED. IN NO EVENT SHALL THE COPYRIGHT HOLDER OR 
  27:Core/u8g2/u8g2_intersection.c ****   CONTRIBUTORS BE LIABLE FOR ANY DIRECT, INDIRECT, INCIDENTAL, 
  28:Core/u8g2/u8g2_intersection.c ****   SPECIAL, EXEMPLARY, OR CONSEQUENTIAL DAMAGES (INCLUDING, BUT 
  29:Core/u8g2/u8g2_intersection.c ****   NOT LIMITED TO, PROCUREMENT OF SUBSTITUTE GOODS OR SERVICES; 
  30:Core/u8g2/u8g2_intersection.c ****   LOSS OF USE, DATA, OR PROFITS; OR BUSINESS INTERRUPTION) HOWEVER 
  31:Core/u8g2/u8g2_intersection.c ****   CAUSED AND ON ANY THEORY OF LIABILITY, WHETHER IN CONTRACT, 
  32:Core/u8g2/u8g2_intersection.c ****   STRICT LIABILITY, OR TORT (INCLUDING NEGLIGENCE OR OTHERWISE) 
  33:Core/u8g2/u8g2_intersection.c ****   ARISING IN ANY WAY OUT OF THE USE OF THIS SOFTWARE, EVEN IF 
ARM GAS  C:\Users\ASUS\AppData\Local\Temp\ccJNU3ua.s 			page 2


  34:Core/u8g2/u8g2_intersection.c ****   ADVISED OF THE POSSIBILITY OF SUCH DAMAGE.  
  35:Core/u8g2/u8g2_intersection.c **** 
  36:Core/u8g2/u8g2_intersection.c **** */
  37:Core/u8g2/u8g2_intersection.c **** 
  38:Core/u8g2/u8g2_intersection.c **** #include "../u8g2/u8g2.h"
  39:Core/u8g2/u8g2_intersection.c **** 
  40:Core/u8g2/u8g2_intersection.c **** #ifdef __GNUC__
  41:Core/u8g2/u8g2_intersection.c **** #define U8G2_ALWAYS_INLINE __inline__ __attribute__((always_inline))
  42:Core/u8g2/u8g2_intersection.c **** #else
  43:Core/u8g2/u8g2_intersection.c **** #define U8G2_ALWAYS_INLINE
  44:Core/u8g2/u8g2_intersection.c **** #endif 
  45:Core/u8g2/u8g2_intersection.c **** 
  46:Core/u8g2/u8g2_intersection.c **** 
  47:Core/u8g2/u8g2_intersection.c **** #if defined(U8G2_WITH_INTERSECTION) || defined(U8G2_WITH_CLIP_WINDOW_SUPPORT)
  48:Core/u8g2/u8g2_intersection.c **** 
  49:Core/u8g2/u8g2_intersection.c **** #ifdef OLD_VERSION_WITH_SYMETRIC_BOUNDARIES
  50:Core/u8g2/u8g2_intersection.c **** 
  51:Core/u8g2/u8g2_intersection.c **** /*
  52:Core/u8g2/u8g2_intersection.c ****   intersection assumptions:
  53:Core/u8g2/u8g2_intersection.c ****     a1 <= a2 is always true    
  54:Core/u8g2/u8g2_intersection.c ****     
  55:Core/u8g2/u8g2_intersection.c ****     minimized version
  56:Core/u8g2/u8g2_intersection.c ****     ---1----0 1             b1 <= a2 && b1 > b2
  57:Core/u8g2/u8g2_intersection.c ****     -----1--0 1             b2 >= a1 && b1 > b2
  58:Core/u8g2/u8g2_intersection.c ****     ---1-1--- 1             b1 <= a2 && b2 >= a1
  59:Core/u8g2/u8g2_intersection.c ****   */
  60:Core/u8g2/u8g2_intersection.c **** 
  61:Core/u8g2/u8g2_intersection.c **** 
  62:Core/u8g2/u8g2_intersection.c **** /*
  63:Core/u8g2/u8g2_intersection.c ****   calculate the intersection between a0/a1 and v0/v1
  64:Core/u8g2/u8g2_intersection.c ****   The intersection check returns one if the range of a0/a1 has an intersection with v0/v1.
  65:Core/u8g2/u8g2_intersection.c ****   The intersection check includes the boundary values v1 and a1.
  66:Core/u8g2/u8g2_intersection.c **** 
  67:Core/u8g2/u8g2_intersection.c ****   The following asserts will succeed:
  68:Core/u8g2/u8g2_intersection.c ****     assert( u8g2_is_intersection_decision_tree(4, 6, 7, 9) == 0 );
  69:Core/u8g2/u8g2_intersection.c ****     assert( u8g2_is_intersection_decision_tree(4, 6, 6, 9) != 0 );
  70:Core/u8g2/u8g2_intersection.c ****     assert( u8g2_is_intersection_decision_tree(6, 9, 4, 6) != 0 );
  71:Core/u8g2/u8g2_intersection.c ****     assert( u8g2_is_intersection_decision_tree(7, 9, 4, 6) == 0 );  
  72:Core/u8g2/u8g2_intersection.c **** */
  73:Core/u8g2/u8g2_intersection.c **** 
  74:Core/u8g2/u8g2_intersection.c **** //static uint8_t U8G2_ALWAYS_INLINE u8g2_is_intersection_decision_tree(u8g_uint_t a0, u8g_uint_t a1
  75:Core/u8g2/u8g2_intersection.c **** static uint8_t u8g2_is_intersection_decision_tree(u8g2_uint_t a0, u8g2_uint_t a1, u8g2_uint_t v0, u
  76:Core/u8g2/u8g2_intersection.c **** {
  77:Core/u8g2/u8g2_intersection.c ****   if ( v0 <= a1 )
  78:Core/u8g2/u8g2_intersection.c ****   {
  79:Core/u8g2/u8g2_intersection.c ****     if ( v1 >= a0 )
  80:Core/u8g2/u8g2_intersection.c ****     {
  81:Core/u8g2/u8g2_intersection.c ****       return 1;
  82:Core/u8g2/u8g2_intersection.c ****     }
  83:Core/u8g2/u8g2_intersection.c ****     else
  84:Core/u8g2/u8g2_intersection.c ****     {
  85:Core/u8g2/u8g2_intersection.c ****       if ( v0 > v1 )
  86:Core/u8g2/u8g2_intersection.c ****       {
  87:Core/u8g2/u8g2_intersection.c **** 	return 1;
  88:Core/u8g2/u8g2_intersection.c ****       }
  89:Core/u8g2/u8g2_intersection.c ****       else
  90:Core/u8g2/u8g2_intersection.c ****       {
ARM GAS  C:\Users\ASUS\AppData\Local\Temp\ccJNU3ua.s 			page 3


  91:Core/u8g2/u8g2_intersection.c **** 	return 0;
  92:Core/u8g2/u8g2_intersection.c ****       }
  93:Core/u8g2/u8g2_intersection.c ****     }
  94:Core/u8g2/u8g2_intersection.c ****   }
  95:Core/u8g2/u8g2_intersection.c ****   else
  96:Core/u8g2/u8g2_intersection.c ****   {
  97:Core/u8g2/u8g2_intersection.c ****     if ( v1 >= a0 )
  98:Core/u8g2/u8g2_intersection.c ****     {
  99:Core/u8g2/u8g2_intersection.c ****       if ( v0 > v1 )
 100:Core/u8g2/u8g2_intersection.c ****       {
 101:Core/u8g2/u8g2_intersection.c **** 	return 1;
 102:Core/u8g2/u8g2_intersection.c ****       }
 103:Core/u8g2/u8g2_intersection.c ****       else
 104:Core/u8g2/u8g2_intersection.c ****       {
 105:Core/u8g2/u8g2_intersection.c **** 	return 0;
 106:Core/u8g2/u8g2_intersection.c ****       }
 107:Core/u8g2/u8g2_intersection.c ****     }
 108:Core/u8g2/u8g2_intersection.c ****     else
 109:Core/u8g2/u8g2_intersection.c ****     {
 110:Core/u8g2/u8g2_intersection.c ****       return 0;
 111:Core/u8g2/u8g2_intersection.c ****     }
 112:Core/u8g2/u8g2_intersection.c ****   }
 113:Core/u8g2/u8g2_intersection.c **** }
 114:Core/u8g2/u8g2_intersection.c **** 
 115:Core/u8g2/u8g2_intersection.c **** #endif	/* OLD_VERSION_WITH_SYMETRIC_BOUNDARIES */
 116:Core/u8g2/u8g2_intersection.c **** 
 117:Core/u8g2/u8g2_intersection.c **** 
 118:Core/u8g2/u8g2_intersection.c **** /*
 119:Core/u8g2/u8g2_intersection.c ****   version with asymetric boundaries.
 120:Core/u8g2/u8g2_intersection.c ****   a1 and v1 are excluded
 121:Core/u8g2/u8g2_intersection.c ****   v0 == v1 is not support end return 1
 122:Core/u8g2/u8g2_intersection.c **** */
 123:Core/u8g2/u8g2_intersection.c **** uint8_t u8g2_is_intersection_decision_tree(u8g2_uint_t a0, u8g2_uint_t a1, u8g2_uint_t v0, u8g2_uin
 124:Core/u8g2/u8g2_intersection.c **** {
  26              		.loc 1 124 0
  27              		.cfi_startproc
  28              		@ args = 0, pretend = 0, frame = 0
  29              		@ frame_needed = 0, uses_anonymous_args = 0
  30              		@ link register save eliminated.
  31              	.LVL0:
 125:Core/u8g2/u8g2_intersection.c ****   if ( v0 < a1 )		// v0 <= a1
  32              		.loc 1 125 0
  33 0000 8A42     		cmp	r2, r1
  34 0002 05D2     		bcs	.L2
 126:Core/u8g2/u8g2_intersection.c ****   {
 127:Core/u8g2/u8g2_intersection.c ****     if ( v1 > a0 )	// v1 >= a0
  35              		.loc 1 127 0
  36 0004 8342     		cmp	r3, r0
  37 0006 0BD8     		bhi	.L4
 128:Core/u8g2/u8g2_intersection.c ****     {
 129:Core/u8g2/u8g2_intersection.c ****       return 1;
 130:Core/u8g2/u8g2_intersection.c ****     }
 131:Core/u8g2/u8g2_intersection.c ****     else
 132:Core/u8g2/u8g2_intersection.c ****     {
 133:Core/u8g2/u8g2_intersection.c ****       if ( v0 > v1 )	// v0 > v1
  38              		.loc 1 133 0
  39 0008 9A42     		cmp	r2, r3
ARM GAS  C:\Users\ASUS\AppData\Local\Temp\ccJNU3ua.s 			page 4


  40 000a 0BD9     		bls	.L5
 134:Core/u8g2/u8g2_intersection.c ****       {
 135:Core/u8g2/u8g2_intersection.c **** 	return 1;
  41              		.loc 1 135 0
  42 000c 0120     		movs	r0, #1
  43              	.LVL1:
  44 000e 7047     		bx	lr
  45              	.LVL2:
  46              	.L2:
 136:Core/u8g2/u8g2_intersection.c ****       }
 137:Core/u8g2/u8g2_intersection.c ****       else
 138:Core/u8g2/u8g2_intersection.c ****       {
 139:Core/u8g2/u8g2_intersection.c **** 	return 0;
 140:Core/u8g2/u8g2_intersection.c ****       }
 141:Core/u8g2/u8g2_intersection.c ****     }
 142:Core/u8g2/u8g2_intersection.c ****   }
 143:Core/u8g2/u8g2_intersection.c ****   else
 144:Core/u8g2/u8g2_intersection.c ****   {
 145:Core/u8g2/u8g2_intersection.c ****     if ( v1 > a0 )	// v1 >= a0
  47              		.loc 1 145 0
  48 0010 8342     		cmp	r3, r0
  49 0012 09D9     		bls	.L6
 146:Core/u8g2/u8g2_intersection.c ****     {
 147:Core/u8g2/u8g2_intersection.c ****       if ( v0 > v1 )	// v0 > v1
  50              		.loc 1 147 0
  51 0014 9A42     		cmp	r2, r3
  52 0016 01D8     		bhi	.L8
 148:Core/u8g2/u8g2_intersection.c ****       {
 149:Core/u8g2/u8g2_intersection.c **** 	return 1;
 150:Core/u8g2/u8g2_intersection.c ****       }
 151:Core/u8g2/u8g2_intersection.c ****       else
 152:Core/u8g2/u8g2_intersection.c ****       {
 153:Core/u8g2/u8g2_intersection.c **** 	return 0;
  53              		.loc 1 153 0
  54 0018 0020     		movs	r0, #0
  55              	.LVL3:
 154:Core/u8g2/u8g2_intersection.c ****       }
 155:Core/u8g2/u8g2_intersection.c ****     }
 156:Core/u8g2/u8g2_intersection.c ****     else
 157:Core/u8g2/u8g2_intersection.c ****     {
 158:Core/u8g2/u8g2_intersection.c ****       return 0;
 159:Core/u8g2/u8g2_intersection.c ****     }
 160:Core/u8g2/u8g2_intersection.c ****   }
 161:Core/u8g2/u8g2_intersection.c **** }
  56              		.loc 1 161 0
  57 001a 7047     		bx	lr
  58              	.LVL4:
  59              	.L8:
 149:Core/u8g2/u8g2_intersection.c ****       }
  60              		.loc 1 149 0
  61 001c 0120     		movs	r0, #1
  62              	.LVL5:
  63 001e 7047     		bx	lr
  64              	.LVL6:
  65              	.L4:
 129:Core/u8g2/u8g2_intersection.c ****     }
  66              		.loc 1 129 0
ARM GAS  C:\Users\ASUS\AppData\Local\Temp\ccJNU3ua.s 			page 5


  67 0020 0120     		movs	r0, #1
  68              	.LVL7:
  69 0022 7047     		bx	lr
  70              	.LVL8:
  71              	.L5:
 139:Core/u8g2/u8g2_intersection.c ****       }
  72              		.loc 1 139 0
  73 0024 0020     		movs	r0, #0
  74              	.LVL9:
  75 0026 7047     		bx	lr
  76              	.LVL10:
  77              	.L6:
 158:Core/u8g2/u8g2_intersection.c ****     }
  78              		.loc 1 158 0
  79 0028 0020     		movs	r0, #0
  80              	.LVL11:
  81 002a 7047     		bx	lr
  82              		.cfi_endproc
  83              	.LFE0:
  85              		.section	.text.u8g2_IsIntersection,"ax",%progbits
  86              		.align	1
  87              		.global	u8g2_IsIntersection
  88              		.syntax unified
  89              		.thumb
  90              		.thumb_func
  91              		.fpu softvfp
  93              	u8g2_IsIntersection:
  94              	.LFB1:
 162:Core/u8g2/u8g2_intersection.c **** 
 163:Core/u8g2/u8g2_intersection.c **** 
 164:Core/u8g2/u8g2_intersection.c **** 
 165:Core/u8g2/u8g2_intersection.c **** /* upper limits are not included (asymetric boundaries) */
 166:Core/u8g2/u8g2_intersection.c **** uint8_t u8g2_IsIntersection(u8g2_t *u8g2, u8g2_uint_t x0, u8g2_uint_t y0, u8g2_uint_t x1, u8g2_uint
 167:Core/u8g2/u8g2_intersection.c **** {
  95              		.loc 1 167 0
  96              		.cfi_startproc
  97              		@ args = 4, pretend = 0, frame = 0
  98              		@ frame_needed = 0, uses_anonymous_args = 0
  99              	.LVL12:
 100 0000 70B5     		push	{r4, r5, r6, lr}
 101              	.LCFI0:
 102              		.cfi_def_cfa_offset 16
 103              		.cfi_offset 4, -16
 104              		.cfi_offset 5, -12
 105              		.cfi_offset 6, -8
 106              		.cfi_offset 14, -4
 107 0002 0446     		mov	r4, r0
 108 0004 0D46     		mov	r5, r1
 109 0006 1E46     		mov	r6, r3
 168:Core/u8g2/u8g2_intersection.c ****   if ( u8g2_is_intersection_decision_tree(u8g2->user_y0, u8g2->user_y1, y0, y1) == 0 )
 110              		.loc 1 168 0
 111 0008 9DF81030 		ldrb	r3, [sp, #16]	@ zero_extendqisi2
 112              	.LVL13:
 113 000c 90F84810 		ldrb	r1, [r0, #72]	@ zero_extendqisi2
 114              	.LVL14:
 115 0010 90F84700 		ldrb	r0, [r0, #71]	@ zero_extendqisi2
 116              	.LVL15:
ARM GAS  C:\Users\ASUS\AppData\Local\Temp\ccJNU3ua.s 			page 6


 117 0014 FFF7FEFF 		bl	u8g2_is_intersection_decision_tree
 118              	.LVL16:
 119 0018 0346     		mov	r3, r0
 120 001a 40B1     		cbz	r0, .L10
 169:Core/u8g2/u8g2_intersection.c ****     return 0; 
 170:Core/u8g2/u8g2_intersection.c ****   
 171:Core/u8g2/u8g2_intersection.c ****   return u8g2_is_intersection_decision_tree(u8g2->user_x0, u8g2->user_x1, x0, x1);
 121              		.loc 1 171 0
 122 001c 3346     		mov	r3, r6
 123 001e 2A46     		mov	r2, r5
 124 0020 94F84610 		ldrb	r1, [r4, #70]	@ zero_extendqisi2
 125 0024 94F84500 		ldrb	r0, [r4, #69]	@ zero_extendqisi2
 126 0028 FFF7FEFF 		bl	u8g2_is_intersection_decision_tree
 127              	.LVL17:
 128 002c 0346     		mov	r3, r0
 129              	.L10:
 172:Core/u8g2/u8g2_intersection.c **** }
 130              		.loc 1 172 0
 131 002e 1846     		mov	r0, r3
 132 0030 70BD     		pop	{r4, r5, r6, pc}
 133              		.cfi_endproc
 134              	.LFE1:
 136              		.text
 137              	.Letext0:
 138              		.file 2 "c:\\program files (x86)\\gnu_tools_arm_embedded\\7_2017-q4-major\\arm-none-eabi\\include\
 139              		.file 3 "c:\\program files (x86)\\gnu_tools_arm_embedded\\7_2017-q4-major\\arm-none-eabi\\include\
 140              		.file 4 "Core/u8g2/../u8g2/../u8g2/u8x8.h"
 141              		.file 5 "Core/u8g2/../u8g2/u8g2.h"
ARM GAS  C:\Users\ASUS\AppData\Local\Temp\ccJNU3ua.s 			page 7


DEFINED SYMBOLS
                            *ABS*:00000000 u8g2_intersection.c
C:\Users\ASUS\AppData\Local\Temp\ccJNU3ua.s:16     .text.u8g2_is_intersection_decision_tree:00000000 $t
C:\Users\ASUS\AppData\Local\Temp\ccJNU3ua.s:23     .text.u8g2_is_intersection_decision_tree:00000000 u8g2_is_intersection_decision_tree
C:\Users\ASUS\AppData\Local\Temp\ccJNU3ua.s:86     .text.u8g2_IsIntersection:00000000 $t
C:\Users\ASUS\AppData\Local\Temp\ccJNU3ua.s:93     .text.u8g2_IsIntersection:00000000 u8g2_IsIntersection

NO UNDEFINED SYMBOLS
