ARM GAS  C:\Users\ASUS\AppData\Local\Temp\cch9twgV.s 			page 1


   1              		.cpu cortex-m3
   2              		.eabi_attribute 20, 1
   3              		.eabi_attribute 21, 1
   4              		.eabi_attribute 23, 3
   5              		.eabi_attribute 24, 1
   6              		.eabi_attribute 25, 1
   7              		.eabi_attribute 26, 1
   8              		.eabi_attribute 30, 1
   9              		.eabi_attribute 34, 1
  10              		.eabi_attribute 18, 4
  11              		.file	"u8x8_setup.c"
  12              		.text
  13              	.Ltext0:
  14              		.cfi_sections	.debug_frame
  15              		.section	.text.u8x8_dummy_cb,"ax",%progbits
  16              		.align	1
  17              		.global	u8x8_dummy_cb
  18              		.syntax unified
  19              		.thumb
  20              		.thumb_func
  21              		.fpu softvfp
  23              	u8x8_dummy_cb:
  24              	.LFB0:
  25              		.file 1 "Core/u8g2/u8x8_setup.c"
   1:Core/u8g2/u8x8_setup.c **** /*
   2:Core/u8g2/u8x8_setup.c **** 
   3:Core/u8g2/u8x8_setup.c ****   u8x8_setup.c
   4:Core/u8g2/u8x8_setup.c **** 
   5:Core/u8g2/u8x8_setup.c ****   Universal 8bit Graphics Library (https://github.com/olikraus/u8g2/)
   6:Core/u8g2/u8x8_setup.c **** 
   7:Core/u8g2/u8x8_setup.c ****   Copyright (c) 2016, olikraus@gmail.com
   8:Core/u8g2/u8x8_setup.c ****   All rights reserved.
   9:Core/u8g2/u8x8_setup.c **** 
  10:Core/u8g2/u8x8_setup.c ****   Redistribution and use in source and binary forms, with or without modification, 
  11:Core/u8g2/u8x8_setup.c ****   are permitted provided that the following conditions are met:
  12:Core/u8g2/u8x8_setup.c **** 
  13:Core/u8g2/u8x8_setup.c ****   * Redistributions of source code must retain the above copyright notice, this list 
  14:Core/u8g2/u8x8_setup.c ****     of conditions and the following disclaimer.
  15:Core/u8g2/u8x8_setup.c ****     
  16:Core/u8g2/u8x8_setup.c ****   * Redistributions in binary form must reproduce the above copyright notice, this 
  17:Core/u8g2/u8x8_setup.c ****     list of conditions and the following disclaimer in the documentation and/or other 
  18:Core/u8g2/u8x8_setup.c ****     materials provided with the distribution.
  19:Core/u8g2/u8x8_setup.c **** 
  20:Core/u8g2/u8x8_setup.c ****   THIS SOFTWARE IS PROVIDED BY THE COPYRIGHT HOLDERS AND 
  21:Core/u8g2/u8x8_setup.c ****   CONTRIBUTORS "AS IS" AND ANY EXPRESS OR IMPLIED WARRANTIES, 
  22:Core/u8g2/u8x8_setup.c ****   INCLUDING, BUT NOT LIMITED TO, THE IMPLIED WARRANTIES OF 
  23:Core/u8g2/u8x8_setup.c ****   MERCHANTABILITY AND FITNESS FOR A PARTICULAR PURPOSE ARE 
  24:Core/u8g2/u8x8_setup.c ****   DISCLAIMED. IN NO EVENT SHALL THE COPYRIGHT HOLDER OR 
  25:Core/u8g2/u8x8_setup.c ****   CONTRIBUTORS BE LIABLE FOR ANY DIRECT, INDIRECT, INCIDENTAL, 
  26:Core/u8g2/u8x8_setup.c ****   SPECIAL, EXEMPLARY, OR CONSEQUENTIAL DAMAGES (INCLUDING, BUT 
  27:Core/u8g2/u8x8_setup.c ****   NOT LIMITED TO, PROCUREMENT OF SUBSTITUTE GOODS OR SERVICES; 
  28:Core/u8g2/u8x8_setup.c ****   LOSS OF USE, DATA, OR PROFITS; OR BUSINESS INTERRUPTION) HOWEVER 
  29:Core/u8g2/u8x8_setup.c ****   CAUSED AND ON ANY THEORY OF LIABILITY, WHETHER IN CONTRACT, 
  30:Core/u8g2/u8x8_setup.c ****   STRICT LIABILITY, OR TORT (INCLUDING NEGLIGENCE OR OTHERWISE) 
  31:Core/u8g2/u8x8_setup.c ****   ARISING IN ANY WAY OUT OF THE USE OF THIS SOFTWARE, EVEN IF 
  32:Core/u8g2/u8x8_setup.c ****   ADVISED OF THE POSSIBILITY OF SUCH DAMAGE.  
  33:Core/u8g2/u8x8_setup.c **** 
ARM GAS  C:\Users\ASUS\AppData\Local\Temp\cch9twgV.s 			page 2


  34:Core/u8g2/u8x8_setup.c **** */
  35:Core/u8g2/u8x8_setup.c **** 
  36:Core/u8g2/u8x8_setup.c **** 
  37:Core/u8g2/u8x8_setup.c **** #include "../u8g2/u8x8.h"
  38:Core/u8g2/u8x8_setup.c **** 
  39:Core/u8g2/u8x8_setup.c **** /* universal dummy callback, which will be default for all callbacks */
  40:Core/u8g2/u8x8_setup.c **** uint8_t u8x8_dummy_cb(U8X8_UNUSED u8x8_t *u8x8, U8X8_UNUSED uint8_t msg, U8X8_UNUSED uint8_t arg_in
  41:Core/u8g2/u8x8_setup.c **** {
  26              		.loc 1 41 0
  27              		.cfi_startproc
  28              		@ args = 0, pretend = 0, frame = 0
  29              		@ frame_needed = 0, uses_anonymous_args = 0
  30              		@ link register save eliminated.
  31              	.LVL0:
  42:Core/u8g2/u8x8_setup.c ****   /* the dummy callback will not handle any message and will fail for all messages */
  43:Core/u8g2/u8x8_setup.c ****   return 0;
  44:Core/u8g2/u8x8_setup.c **** }
  32              		.loc 1 44 0
  33 0000 0020     		movs	r0, #0
  34              	.LVL1:
  35 0002 7047     		bx	lr
  36              		.cfi_endproc
  37              	.LFE0:
  39              		.section	.text.u8x8_d_null_cb,"ax",%progbits
  40              		.align	1
  41              		.global	u8x8_d_null_cb
  42              		.syntax unified
  43              		.thumb
  44              		.thumb_func
  45              		.fpu softvfp
  47              	u8x8_d_null_cb:
  48              	.LFB1:
  45:Core/u8g2/u8x8_setup.c **** 
  46:Core/u8g2/u8x8_setup.c **** 
  47:Core/u8g2/u8x8_setup.c **** static const u8x8_display_info_t u8x8_null_display_info =
  48:Core/u8g2/u8x8_setup.c **** {
  49:Core/u8g2/u8x8_setup.c ****   /* chip_enable_level = */ 0,
  50:Core/u8g2/u8x8_setup.c ****   /* chip_disable_level = */ 1,
  51:Core/u8g2/u8x8_setup.c ****   
  52:Core/u8g2/u8x8_setup.c ****   /* post_chip_enable_wait_ns = */ 0,
  53:Core/u8g2/u8x8_setup.c ****   /* pre_chip_disable_wait_ns = */ 0,
  54:Core/u8g2/u8x8_setup.c ****   /* reset_pulse_width_ms = */ 0, 
  55:Core/u8g2/u8x8_setup.c ****   /* post_reset_wait_ms = */ 0, 
  56:Core/u8g2/u8x8_setup.c ****   /* sda_setup_time_ns = */ 0,		
  57:Core/u8g2/u8x8_setup.c ****   /* sck_pulse_width_ns = */ 0,	/* half of cycle time (100ns according to datasheet), AVR: below 70
  58:Core/u8g2/u8x8_setup.c ****   /* sck_clock_hz = */ 4000000UL,	/* since Arduino 1.6.0, the SPI bus speed in Hz. Should be  10000
  59:Core/u8g2/u8x8_setup.c ****   /* spi_mode = */ 0,		/* active high, rising edge */
  60:Core/u8g2/u8x8_setup.c ****   /* i2c_bus_clock_100kHz = */ 4,
  61:Core/u8g2/u8x8_setup.c ****   /* data_setup_time_ns = */ 0,
  62:Core/u8g2/u8x8_setup.c ****   /* write_pulse_width_ns = */ 0,
  63:Core/u8g2/u8x8_setup.c ****   /* tile_width = */ 1,		/* 8x8 */
  64:Core/u8g2/u8x8_setup.c ****   /* tile_hight = */ 1,
  65:Core/u8g2/u8x8_setup.c ****   /* default_x_offset = */ 0,
  66:Core/u8g2/u8x8_setup.c ****   /* flipmode_x_offset = */ 0,
  67:Core/u8g2/u8x8_setup.c ****   /* pixel_width = */ 8,
  68:Core/u8g2/u8x8_setup.c ****   /* pixel_height = */ 8
  69:Core/u8g2/u8x8_setup.c **** };
ARM GAS  C:\Users\ASUS\AppData\Local\Temp\cch9twgV.s 			page 3


  70:Core/u8g2/u8x8_setup.c **** 
  71:Core/u8g2/u8x8_setup.c **** 
  72:Core/u8g2/u8x8_setup.c **** /* a special null device */
  73:Core/u8g2/u8x8_setup.c **** uint8_t u8x8_d_null_cb(u8x8_t *u8x8, uint8_t msg, U8X8_UNUSED uint8_t arg_int, U8X8_UNUSED void *ar
  74:Core/u8g2/u8x8_setup.c **** {
  49              		.loc 1 74 0
  50              		.cfi_startproc
  51              		@ args = 0, pretend = 0, frame = 0
  52              		@ frame_needed = 0, uses_anonymous_args = 0
  53              	.LVL2:
  54 0000 08B5     		push	{r3, lr}
  55              	.LCFI0:
  56              		.cfi_def_cfa_offset 8
  57              		.cfi_offset 3, -8
  58              		.cfi_offset 14, -4
  75:Core/u8g2/u8x8_setup.c ****   switch(msg)
  59              		.loc 1 75 0
  60 0002 0929     		cmp	r1, #9
  61 0004 03D0     		beq	.L4
  62 0006 0A29     		cmp	r1, #10
  63 0008 05D0     		beq	.L5
  64              	.LVL3:
  65              	.L3:
  76:Core/u8g2/u8x8_setup.c ****   {
  77:Core/u8g2/u8x8_setup.c ****     case U8X8_MSG_DISPLAY_SETUP_MEMORY:
  78:Core/u8g2/u8x8_setup.c ****       u8x8_d_helper_display_setup_memory(u8x8, &u8x8_null_display_info);
  79:Core/u8g2/u8x8_setup.c ****       break;
  80:Core/u8g2/u8x8_setup.c ****     case U8X8_MSG_DISPLAY_INIT:
  81:Core/u8g2/u8x8_setup.c ****       u8x8_d_helper_display_init(u8x8);
  82:Core/u8g2/u8x8_setup.c ****       break;
  83:Core/u8g2/u8x8_setup.c ****   }
  84:Core/u8g2/u8x8_setup.c ****   /* the null device callback will succeed for all messages */
  85:Core/u8g2/u8x8_setup.c ****   return 1;
  86:Core/u8g2/u8x8_setup.c **** }
  66              		.loc 1 86 0
  67 000a 0120     		movs	r0, #1
  68 000c 08BD     		pop	{r3, pc}
  69              	.LVL4:
  70              	.L4:
  78:Core/u8g2/u8x8_setup.c ****       break;
  71              		.loc 1 78 0
  72 000e 0349     		ldr	r1, .L7
  73              	.LVL5:
  74 0010 FFF7FEFF 		bl	u8x8_d_helper_display_setup_memory
  75              	.LVL6:
  79:Core/u8g2/u8x8_setup.c ****     case U8X8_MSG_DISPLAY_INIT:
  76              		.loc 1 79 0
  77 0014 F9E7     		b	.L3
  78              	.LVL7:
  79              	.L5:
  81:Core/u8g2/u8x8_setup.c ****       break;
  80              		.loc 1 81 0
  81 0016 FFF7FEFF 		bl	u8x8_d_helper_display_init
  82              	.LVL8:
  82:Core/u8g2/u8x8_setup.c ****   }
  83              		.loc 1 82 0
  84 001a F6E7     		b	.L3
ARM GAS  C:\Users\ASUS\AppData\Local\Temp\cch9twgV.s 			page 4


  85              	.L8:
  86              		.align	2
  87              	.L7:
  88 001c 00000000 		.word	.LANCHOR0
  89              		.cfi_endproc
  90              	.LFE1:
  92              		.section	.text.u8x8_SetupDefaults,"ax",%progbits
  93              		.align	1
  94              		.global	u8x8_SetupDefaults
  95              		.syntax unified
  96              		.thumb
  97              		.thumb_func
  98              		.fpu softvfp
 100              	u8x8_SetupDefaults:
 101              	.LFB2:
  87:Core/u8g2/u8x8_setup.c **** 
  88:Core/u8g2/u8x8_setup.c **** 
  89:Core/u8g2/u8x8_setup.c **** /*
  90:Core/u8g2/u8x8_setup.c ****   Description:
  91:Core/u8g2/u8x8_setup.c ****     Setup u8x8
  92:Core/u8g2/u8x8_setup.c ****   Args:
  93:Core/u8g2/u8x8_setup.c ****     u8x8	An empty u8x8 structure
  94:Core/u8g2/u8x8_setup.c **** */
  95:Core/u8g2/u8x8_setup.c **** void u8x8_SetupDefaults(u8x8_t *u8x8)
  96:Core/u8g2/u8x8_setup.c **** {
 102              		.loc 1 96 0
 103              		.cfi_startproc
 104              		@ args = 0, pretend = 0, frame = 0
 105              		@ frame_needed = 0, uses_anonymous_args = 0
 106              		@ link register save eliminated.
 107              	.LVL9:
  97:Core/u8g2/u8x8_setup.c ****     u8x8->display_info = NULL;
 108              		.loc 1 97 0
 109 0000 0023     		movs	r3, #0
 110 0002 0360     		str	r3, [r0]
  98:Core/u8g2/u8x8_setup.c ****     u8x8->display_cb = u8x8_dummy_cb;
 111              		.loc 1 98 0
 112 0004 084A     		ldr	r2, .L10
 113 0006 8260     		str	r2, [r0, #8]
  99:Core/u8g2/u8x8_setup.c ****     u8x8->cad_cb = u8x8_dummy_cb;
 114              		.loc 1 99 0
 115 0008 C260     		str	r2, [r0, #12]
 100:Core/u8g2/u8x8_setup.c ****     u8x8->byte_cb = u8x8_dummy_cb;
 116              		.loc 1 100 0
 117 000a 0261     		str	r2, [r0, #16]
 101:Core/u8g2/u8x8_setup.c ****     u8x8->gpio_and_delay_cb = u8x8_dummy_cb;
 118              		.loc 1 101 0
 119 000c 4261     		str	r2, [r0, #20]
 102:Core/u8g2/u8x8_setup.c ****     u8x8->is_font_inverse_mode = 0;
 120              		.loc 1 102 0
 121 000e 80F82330 		strb	r3, [r0, #35]
 103:Core/u8g2/u8x8_setup.c ****     u8x8->device_address = 0;
 122              		.loc 1 103 0
 123 0012 80F82630 		strb	r3, [r0, #38]
 104:Core/u8g2/u8x8_setup.c ****     u8x8->utf8_state = 0;		/* also reset by u8x8_utf8_init */
 124              		.loc 1 104 0
 125 0016 80F82730 		strb	r3, [r0, #39]
ARM GAS  C:\Users\ASUS\AppData\Local\Temp\cch9twgV.s 			page 5


 105:Core/u8g2/u8x8_setup.c ****     u8x8->i2c_address = 255;
 126              		.loc 1 105 0
 127 001a FF23     		movs	r3, #255
 128 001c 80F82430 		strb	r3, [r0, #36]
 106:Core/u8g2/u8x8_setup.c ****     u8x8->debounce_default_pin_state = 255;	/* assume all low active buttons */
 129              		.loc 1 106 0
 130 0020 80F82930 		strb	r3, [r0, #41]
 107:Core/u8g2/u8x8_setup.c ****   
 108:Core/u8g2/u8x8_setup.c **** #ifdef U8X8_USE_PINS 
 109:Core/u8g2/u8x8_setup.c ****   {
 110:Core/u8g2/u8x8_setup.c ****     uint8_t i;
 111:Core/u8g2/u8x8_setup.c ****     for( i = 0; i < U8X8_PIN_CNT; i++ )
 112:Core/u8g2/u8x8_setup.c ****       u8x8->pins[i] = U8X8_PIN_NONE;
 113:Core/u8g2/u8x8_setup.c ****   }
 114:Core/u8g2/u8x8_setup.c **** #endif
 115:Core/u8g2/u8x8_setup.c **** }
 131              		.loc 1 115 0
 132 0024 7047     		bx	lr
 133              	.L11:
 134 0026 00BF     		.align	2
 135              	.L10:
 136 0028 00000000 		.word	u8x8_dummy_cb
 137              		.cfi_endproc
 138              	.LFE2:
 140              		.section	.text.u8x8_Setup,"ax",%progbits
 141              		.align	1
 142              		.global	u8x8_Setup
 143              		.syntax unified
 144              		.thumb
 145              		.thumb_func
 146              		.fpu softvfp
 148              	u8x8_Setup:
 149              	.LFB3:
 116:Core/u8g2/u8x8_setup.c **** 
 117:Core/u8g2/u8x8_setup.c **** 
 118:Core/u8g2/u8x8_setup.c **** /*
 119:Core/u8g2/u8x8_setup.c ****   Description:
 120:Core/u8g2/u8x8_setup.c ****     Setup u8x8 and assign the callback function. The dummy 
 121:Core/u8g2/u8x8_setup.c ****     callback "u8x8_dummy_cb" can be used, if no callback is required.
 122:Core/u8g2/u8x8_setup.c ****     This setup will not communicate with the display itself.
 123:Core/u8g2/u8x8_setup.c ****     Use u8x8_InitDisplay() to send the startup code to the Display.
 124:Core/u8g2/u8x8_setup.c ****   Args:
 125:Core/u8g2/u8x8_setup.c ****     u8x8				An empty u8x8 structure
 126:Core/u8g2/u8x8_setup.c ****     display_cb			Display/controller specific callback function
 127:Core/u8g2/u8x8_setup.c ****     cad_cb				Display controller specific communication callback function
 128:Core/u8g2/u8x8_setup.c ****     byte_cb			Display controller/communication specific callback funtion
 129:Core/u8g2/u8x8_setup.c ****     gpio_and_delay_cb	Environment specific callback function
 130:Core/u8g2/u8x8_setup.c **** 
 131:Core/u8g2/u8x8_setup.c **** */
 132:Core/u8g2/u8x8_setup.c **** void u8x8_Setup(u8x8_t *u8x8, u8x8_msg_cb display_cb, u8x8_msg_cb cad_cb, u8x8_msg_cb byte_cb, u8x8
 133:Core/u8g2/u8x8_setup.c **** {
 150              		.loc 1 133 0
 151              		.cfi_startproc
 152              		@ args = 4, pretend = 0, frame = 0
 153              		@ frame_needed = 0, uses_anonymous_args = 0
 154              	.LVL10:
 155 0000 F8B5     		push	{r3, r4, r5, r6, r7, lr}
ARM GAS  C:\Users\ASUS\AppData\Local\Temp\cch9twgV.s 			page 6


 156              	.LCFI1:
 157              		.cfi_def_cfa_offset 24
 158              		.cfi_offset 3, -24
 159              		.cfi_offset 4, -20
 160              		.cfi_offset 5, -16
 161              		.cfi_offset 6, -12
 162              		.cfi_offset 7, -8
 163              		.cfi_offset 14, -4
 164 0002 0446     		mov	r4, r0
 165 0004 0F46     		mov	r7, r1
 166 0006 1646     		mov	r6, r2
 167 0008 1D46     		mov	r5, r3
 134:Core/u8g2/u8x8_setup.c ****   /* setup defaults and reset pins to U8X8_PIN_NONE */
 135:Core/u8g2/u8x8_setup.c ****   u8x8_SetupDefaults(u8x8);
 168              		.loc 1 135 0
 169 000a FFF7FEFF 		bl	u8x8_SetupDefaults
 170              	.LVL11:
 136:Core/u8g2/u8x8_setup.c **** 
 137:Core/u8g2/u8x8_setup.c ****   /* setup specific callbacks */
 138:Core/u8g2/u8x8_setup.c ****   u8x8->display_cb = display_cb;
 171              		.loc 1 138 0
 172 000e A760     		str	r7, [r4, #8]
 139:Core/u8g2/u8x8_setup.c ****   u8x8->cad_cb = cad_cb;
 173              		.loc 1 139 0
 174 0010 E660     		str	r6, [r4, #12]
 140:Core/u8g2/u8x8_setup.c ****   u8x8->byte_cb = byte_cb;
 175              		.loc 1 140 0
 176 0012 2561     		str	r5, [r4, #16]
 141:Core/u8g2/u8x8_setup.c ****   u8x8->gpio_and_delay_cb = gpio_and_delay_cb;
 177              		.loc 1 141 0
 178 0014 069B     		ldr	r3, [sp, #24]
 179 0016 6361     		str	r3, [r4, #20]
 142:Core/u8g2/u8x8_setup.c **** 
 143:Core/u8g2/u8x8_setup.c ****   /* setup display info */
 144:Core/u8g2/u8x8_setup.c ****   u8x8_SetupMemory(u8x8);
 180              		.loc 1 144 0
 181 0018 2046     		mov	r0, r4
 182 001a FFF7FEFF 		bl	u8x8_SetupMemory
 183              	.LVL12:
 145:Core/u8g2/u8x8_setup.c **** }
 184              		.loc 1 145 0
 185 001e F8BD     		pop	{r3, r4, r5, r6, r7, pc}
 186              		.cfi_endproc
 187              	.LFE3:
 189              		.section	.rodata.u8x8_null_display_info,"a",%progbits
 190              		.align	2
 191              		.set	.LANCHOR0,. + 0
 194              	u8x8_null_display_info:
 195 0000 00       		.byte	0
 196 0001 01       		.byte	1
 197 0002 00       		.byte	0
 198 0003 00       		.byte	0
 199 0004 00       		.byte	0
 200 0005 00       		.byte	0
 201 0006 00       		.byte	0
 202 0007 00       		.byte	0
 203 0008 00093D00 		.word	4000000
ARM GAS  C:\Users\ASUS\AppData\Local\Temp\cch9twgV.s 			page 7


 204 000c 00       		.byte	0
 205 000d 04       		.byte	4
 206 000e 00       		.byte	0
 207 000f 00       		.byte	0
 208 0010 01       		.byte	1
 209 0011 01       		.byte	1
 210 0012 00       		.byte	0
 211 0013 00       		.byte	0
 212 0014 0800     		.short	8
 213 0016 0800     		.short	8
 214              		.text
 215              	.Letext0:
 216              		.file 2 "c:\\program files (x86)\\gnu_tools_arm_embedded\\7_2017-q4-major\\arm-none-eabi\\include\
 217              		.file 3 "c:\\program files (x86)\\gnu_tools_arm_embedded\\7_2017-q4-major\\arm-none-eabi\\include\
 218              		.file 4 "Core/u8g2/../u8g2/u8x8.h"
ARM GAS  C:\Users\ASUS\AppData\Local\Temp\cch9twgV.s 			page 8


DEFINED SYMBOLS
                            *ABS*:00000000 u8x8_setup.c
C:\Users\ASUS\AppData\Local\Temp\cch9twgV.s:16     .text.u8x8_dummy_cb:00000000 $t
C:\Users\ASUS\AppData\Local\Temp\cch9twgV.s:23     .text.u8x8_dummy_cb:00000000 u8x8_dummy_cb
C:\Users\ASUS\AppData\Local\Temp\cch9twgV.s:40     .text.u8x8_d_null_cb:00000000 $t
C:\Users\ASUS\AppData\Local\Temp\cch9twgV.s:47     .text.u8x8_d_null_cb:00000000 u8x8_d_null_cb
C:\Users\ASUS\AppData\Local\Temp\cch9twgV.s:88     .text.u8x8_d_null_cb:0000001c $d
C:\Users\ASUS\AppData\Local\Temp\cch9twgV.s:93     .text.u8x8_SetupDefaults:00000000 $t
C:\Users\ASUS\AppData\Local\Temp\cch9twgV.s:100    .text.u8x8_SetupDefaults:00000000 u8x8_SetupDefaults
C:\Users\ASUS\AppData\Local\Temp\cch9twgV.s:136    .text.u8x8_SetupDefaults:00000028 $d
C:\Users\ASUS\AppData\Local\Temp\cch9twgV.s:141    .text.u8x8_Setup:00000000 $t
C:\Users\ASUS\AppData\Local\Temp\cch9twgV.s:148    .text.u8x8_Setup:00000000 u8x8_Setup
C:\Users\ASUS\AppData\Local\Temp\cch9twgV.s:190    .rodata.u8x8_null_display_info:00000000 $d
C:\Users\ASUS\AppData\Local\Temp\cch9twgV.s:194    .rodata.u8x8_null_display_info:00000000 u8x8_null_display_info

UNDEFINED SYMBOLS
u8x8_d_helper_display_setup_memory
u8x8_d_helper_display_init
u8x8_SetupMemory
