ARM GAS  C:\Users\ASUS\AppData\Local\Temp\cc2hzOPU.s 			page 1


   1              		.cpu cortex-m3
   2              		.eabi_attribute 20, 1
   3              		.eabi_attribute 21, 1
   4              		.eabi_attribute 23, 3
   5              		.eabi_attribute 24, 1
   6              		.eabi_attribute 25, 1
   7              		.eabi_attribute 26, 1
   8              		.eabi_attribute 30, 1
   9              		.eabi_attribute 34, 1
  10              		.eabi_attribute 18, 4
  11              		.file	"u8x8_debounce.c"
  12              		.text
  13              	.Ltext0:
  14              		.cfi_sections	.debug_frame
  15              		.section	.text.u8x8_find_first_diff,"ax",%progbits
  16              		.align	1
  17              		.syntax unified
  18              		.thumb
  19              		.thumb_func
  20              		.fpu softvfp
  22              	u8x8_find_first_diff:
  23              	.LFB1:
  24              		.file 1 "Core/u8g2/u8x8_debounce.c"
   1:Core/u8g2/u8x8_debounce.c **** /*
   2:Core/u8g2/u8x8_debounce.c **** 
   3:Core/u8g2/u8x8_debounce.c ****   u8x8_debounce.c
   4:Core/u8g2/u8x8_debounce.c ****   
   5:Core/u8g2/u8x8_debounce.c ****   Key/button simple debounce algorithm (Addon for u8x8)
   6:Core/u8g2/u8x8_debounce.c ****   
   7:Core/u8g2/u8x8_debounce.c ****   Universal 8bit Graphics Library (https://github.com/olikraus/u8g2/)
   8:Core/u8g2/u8x8_debounce.c **** 
   9:Core/u8g2/u8x8_debounce.c ****   Copyright (c) 2016, olikraus@gmail.com
  10:Core/u8g2/u8x8_debounce.c ****   All rights reserved.
  11:Core/u8g2/u8x8_debounce.c **** 
  12:Core/u8g2/u8x8_debounce.c ****   Redistribution and use in source and binary forms, with or without modification, 
  13:Core/u8g2/u8x8_debounce.c ****   are permitted provided that the following conditions are met:
  14:Core/u8g2/u8x8_debounce.c **** 
  15:Core/u8g2/u8x8_debounce.c ****   * Redistributions of source code must retain the above copyright notice, this list 
  16:Core/u8g2/u8x8_debounce.c ****     of conditions and the following disclaimer.
  17:Core/u8g2/u8x8_debounce.c ****     
  18:Core/u8g2/u8x8_debounce.c ****   * Redistributions in binary form must reproduce the above copyright notice, this 
  19:Core/u8g2/u8x8_debounce.c ****     list of conditions and the following disclaimer in the documentation and/or other 
  20:Core/u8g2/u8x8_debounce.c ****     materials provided with the distribution.
  21:Core/u8g2/u8x8_debounce.c **** 
  22:Core/u8g2/u8x8_debounce.c ****   THIS SOFTWARE IS PROVIDED BY THE COPYRIGHT HOLDERS AND 
  23:Core/u8g2/u8x8_debounce.c ****   CONTRIBUTORS "AS IS" AND ANY EXPRESS OR IMPLIED WARRANTIES, 
  24:Core/u8g2/u8x8_debounce.c ****   INCLUDING, BUT NOT LIMITED TO, THE IMPLIED WARRANTIES OF 
  25:Core/u8g2/u8x8_debounce.c ****   MERCHANTABILITY AND FITNESS FOR A PARTICULAR PURPOSE ARE 
  26:Core/u8g2/u8x8_debounce.c ****   DISCLAIMED. IN NO EVENT SHALL THE COPYRIGHT HOLDER OR 
  27:Core/u8g2/u8x8_debounce.c ****   CONTRIBUTORS BE LIABLE FOR ANY DIRECT, INDIRECT, INCIDENTAL, 
  28:Core/u8g2/u8x8_debounce.c ****   SPECIAL, EXEMPLARY, OR CONSEQUENTIAL DAMAGES (INCLUDING, BUT 
  29:Core/u8g2/u8x8_debounce.c ****   NOT LIMITED TO, PROCUREMENT OF SUBSTITUTE GOODS OR SERVICES; 
  30:Core/u8g2/u8x8_debounce.c ****   LOSS OF USE, DATA, OR PROFITS; OR BUSINESS INTERRUPTION) HOWEVER 
  31:Core/u8g2/u8x8_debounce.c ****   CAUSED AND ON ANY THEORY OF LIABILITY, WHETHER IN CONTRACT, 
  32:Core/u8g2/u8x8_debounce.c ****   STRICT LIABILITY, OR TORT (INCLUDING NEGLIGENCE OR OTHERWISE) 
  33:Core/u8g2/u8x8_debounce.c ****   ARISING IN ANY WAY OUT OF THE USE OF THIS SOFTWARE, EVEN IF 
  34:Core/u8g2/u8x8_debounce.c ****   ADVISED OF THE POSSIBILITY OF SUCH DAMAGE.  
ARM GAS  C:\Users\ASUS\AppData\Local\Temp\cc2hzOPU.s 			page 2


  35:Core/u8g2/u8x8_debounce.c ****   
  36:Core/u8g2/u8x8_debounce.c **** */
  37:Core/u8g2/u8x8_debounce.c **** 
  38:Core/u8g2/u8x8_debounce.c **** #include "../u8g2/u8x8.h"
  39:Core/u8g2/u8x8_debounce.c **** 
  40:Core/u8g2/u8x8_debounce.c **** static uint8_t u8x8_read_pin_state(u8x8_t *u8x8)
  41:Core/u8g2/u8x8_debounce.c **** {
  42:Core/u8g2/u8x8_debounce.c ****   uint8_t i;
  43:Core/u8g2/u8x8_debounce.c ****   uint8_t pin_state;
  44:Core/u8g2/u8x8_debounce.c ****   
  45:Core/u8g2/u8x8_debounce.c ****   pin_state = 255;	/* be compatible with the setup of the default pin setup, which is 255 */
  46:Core/u8g2/u8x8_debounce.c ****   for( i = 0; i < U8X8_PIN_INPUT_CNT; i++ )
  47:Core/u8g2/u8x8_debounce.c ****   {
  48:Core/u8g2/u8x8_debounce.c ****     pin_state <<= 1;
  49:Core/u8g2/u8x8_debounce.c ****     
  50:Core/u8g2/u8x8_debounce.c ****     /* the callback function should put the return value into this variable */
  51:Core/u8g2/u8x8_debounce.c ****     u8x8->gpio_result = 1;
  52:Core/u8g2/u8x8_debounce.c ****     u8x8_gpio_call(u8x8, U8X8_MSG_GPIO(i+U8X8_PIN_OUTPUT_CNT), 0);
  53:Core/u8g2/u8x8_debounce.c ****     pin_state |= u8x8->gpio_result & 1;
  54:Core/u8g2/u8x8_debounce.c ****   }
  55:Core/u8g2/u8x8_debounce.c ****   
  56:Core/u8g2/u8x8_debounce.c ****   return pin_state;
  57:Core/u8g2/u8x8_debounce.c **** }
  58:Core/u8g2/u8x8_debounce.c **** 
  59:Core/u8g2/u8x8_debounce.c **** /*
  60:Core/u8g2/u8x8_debounce.c ****   return 0 to U8X8_PIN_INPUT_CNT-1 if there is a difference
  61:Core/u8g2/u8x8_debounce.c ****   return U8X8_PIN_INPUT_CNT if there is no difference
  62:Core/u8g2/u8x8_debounce.c **** */
  63:Core/u8g2/u8x8_debounce.c **** static uint8_t u8x8_find_first_diff(uint8_t a, uint8_t b)
  64:Core/u8g2/u8x8_debounce.c **** {
  25              		.loc 1 64 0
  26              		.cfi_startproc
  27              		@ args = 0, pretend = 0, frame = 0
  28              		@ frame_needed = 0, uses_anonymous_args = 0
  29              		@ link register save eliminated.
  30              	.LVL0:
  31 0000 10B4     		push	{r4}
  32              	.LCFI0:
  33              		.cfi_def_cfa_offset 4
  34              		.cfi_offset 4, -4
  35              	.LVL1:
  65:Core/u8g2/u8x8_debounce.c ****   uint8_t mask;
  66:Core/u8g2/u8x8_debounce.c ****   uint8_t i;
  67:Core/u8g2/u8x8_debounce.c ****   mask = 1;
  68:Core/u8g2/u8x8_debounce.c ****   i = U8X8_PIN_INPUT_CNT;
  36              		.loc 1 68 0
  37 0002 0623     		movs	r3, #6
  67:Core/u8g2/u8x8_debounce.c ****   i = U8X8_PIN_INPUT_CNT;
  38              		.loc 1 67 0
  39 0004 0122     		movs	r2, #1
  40              	.LVL2:
  41              	.L3:
  69:Core/u8g2/u8x8_debounce.c ****   do
  70:Core/u8g2/u8x8_debounce.c ****   {
  71:Core/u8g2/u8x8_debounce.c ****     i--;
  42              		.loc 1 71 0
  43 0006 013B     		subs	r3, r3, #1
ARM GAS  C:\Users\ASUS\AppData\Local\Temp\cc2hzOPU.s 			page 3


  44              	.LVL3:
  45 0008 DBB2     		uxtb	r3, r3
  46              	.LVL4:
  72:Core/u8g2/u8x8_debounce.c ****     if ( (a & mask) != (b & mask) )
  47              		.loc 1 72 0
  48 000a 80EA0104 		eor	r4, r0, r1
  49 000e 2242     		tst	r2, r4
  50 0010 04D1     		bne	.L2
  73:Core/u8g2/u8x8_debounce.c ****       return i;
  74:Core/u8g2/u8x8_debounce.c ****     mask <<= 1;
  51              		.loc 1 74 0
  52 0012 5200     		lsls	r2, r2, #1
  53              	.LVL5:
  54 0014 D2B2     		uxtb	r2, r2
  55              	.LVL6:
  75:Core/u8g2/u8x8_debounce.c ****   } while( i > 0 );
  56              		.loc 1 75 0
  57 0016 002B     		cmp	r3, #0
  58 0018 F5D1     		bne	.L3
  76:Core/u8g2/u8x8_debounce.c ****   return U8X8_PIN_INPUT_CNT;
  59              		.loc 1 76 0
  60 001a 0623     		movs	r3, #6
  61              	.LVL7:
  62              	.L2:
  77:Core/u8g2/u8x8_debounce.c **** }
  63              		.loc 1 77 0
  64 001c 1846     		mov	r0, r3
  65              	.LVL8:
  66 001e 10BC     		pop	{r4}
  67              	.LCFI1:
  68              		.cfi_restore 4
  69              		.cfi_def_cfa_offset 0
  70 0020 7047     		bx	lr
  71              		.cfi_endproc
  72              	.LFE1:
  74              		.section	.text.u8x8_read_pin_state,"ax",%progbits
  75              		.align	1
  76              		.syntax unified
  77              		.thumb
  78              		.thumb_func
  79              		.fpu softvfp
  81              	u8x8_read_pin_state:
  82              	.LFB0:
  41:Core/u8g2/u8x8_debounce.c ****   uint8_t i;
  83              		.loc 1 41 0
  84              		.cfi_startproc
  85              		@ args = 0, pretend = 0, frame = 0
  86              		@ frame_needed = 0, uses_anonymous_args = 0
  87              	.LVL9:
  88 0000 70B5     		push	{r4, r5, r6, lr}
  89              	.LCFI2:
  90              		.cfi_def_cfa_offset 16
  91              		.cfi_offset 4, -16
  92              		.cfi_offset 5, -12
  93              		.cfi_offset 6, -8
  94              		.cfi_offset 14, -4
  95 0002 0646     		mov	r6, r0
ARM GAS  C:\Users\ASUS\AppData\Local\Temp\cc2hzOPU.s 			page 4


  96              	.LVL10:
  45:Core/u8g2/u8x8_debounce.c ****   for( i = 0; i < U8X8_PIN_INPUT_CNT; i++ )
  97              		.loc 1 45 0
  98 0004 FF20     		movs	r0, #255
  99              	.LVL11:
  46:Core/u8g2/u8x8_debounce.c ****   {
 100              		.loc 1 46 0
 101 0006 0024     		movs	r4, #0
 102 0008 12E0     		b	.L6
 103              	.LVL12:
 104              	.L7:
  48:Core/u8g2/u8x8_debounce.c ****     
 105              		.loc 1 48 0 discriminator 3
 106 000a 4000     		lsls	r0, r0, #1
 107              	.LVL13:
 108 000c C5B2     		uxtb	r5, r0
 109              	.LVL14:
  51:Core/u8g2/u8x8_debounce.c ****     u8x8_gpio_call(u8x8, U8X8_MSG_GPIO(i+U8X8_PIN_OUTPUT_CNT), 0);
 110              		.loc 1 51 0 discriminator 3
 111 000e 0123     		movs	r3, #1
 112 0010 86F82830 		strb	r3, [r6, #40]
  52:Core/u8g2/u8x8_debounce.c ****     pin_state |= u8x8->gpio_result & 1;
 113              		.loc 1 52 0 discriminator 3
 114 0014 04F15001 		add	r1, r4, #80
 115 0018 0022     		movs	r2, #0
 116 001a C9B2     		uxtb	r1, r1
 117 001c 3046     		mov	r0, r6
 118 001e FFF7FEFF 		bl	u8x8_gpio_call
 119              	.LVL15:
  53:Core/u8g2/u8x8_debounce.c ****   }
 120              		.loc 1 53 0 discriminator 3
 121 0022 96F92800 		ldrsb	r0, [r6, #40]
 122 0026 00F00100 		and	r0, r0, #1
 123 002a 2843     		orrs	r0, r0, r5
 124              	.LVL16:
  46:Core/u8g2/u8x8_debounce.c ****   {
 125              		.loc 1 46 0 discriminator 3
 126 002c 0134     		adds	r4, r4, #1
 127              	.LVL17:
 128 002e E4B2     		uxtb	r4, r4
 129              	.LVL18:
 130              	.L6:
  46:Core/u8g2/u8x8_debounce.c ****   {
 131              		.loc 1 46 0 is_stmt 0 discriminator 1
 132 0030 052C     		cmp	r4, #5
 133 0032 EAD9     		bls	.L7
  57:Core/u8g2/u8x8_debounce.c **** 
 134              		.loc 1 57 0 is_stmt 1
 135 0034 70BD     		pop	{r4, r5, r6, pc}
 136              		.cfi_endproc
 137              	.LFE0:
 139              		.section	.text.u8x8_GetMenuEvent,"ax",%progbits
 140              		.align	1
 141              		.weak	u8x8_GetMenuEvent
 142              		.syntax unified
 143              		.thumb
 144              		.thumb_func
ARM GAS  C:\Users\ASUS\AppData\Local\Temp\cc2hzOPU.s 			page 5


 145              		.fpu softvfp
 147              	u8x8_GetMenuEvent:
 148              	.LFB2:
  78:Core/u8g2/u8x8_debounce.c **** 
  79:Core/u8g2/u8x8_debounce.c **** /*
  80:Core/u8g2/u8x8_debounce.c ****   State A:
  81:Core/u8g2/u8x8_debounce.c ****     u8x8->debounce_last_pin_state == current_state 
  82:Core/u8g2/u8x8_debounce.c ****       --> State A
  83:Core/u8g2/u8x8_debounce.c ****     u8x8->debounce_last_pin_state != current_state 
  84:Core/u8g2/u8x8_debounce.c ****       --> u8x8->debounce_last_pin_state = current_state 
  85:Core/u8g2/u8x8_debounce.c ****       --> State B + cnt
  86:Core/u8g2/u8x8_debounce.c **** 
  87:Core/u8g2/u8x8_debounce.c ****   State B + cnt
  88:Core/u8g2/u8x8_debounce.c ****     --> state--
  89:Core/u8g2/u8x8_debounce.c **** 
  90:Core/u8g2/u8x8_debounce.c ****   State B
  91:Core/u8g2/u8x8_debounce.c ****     u8x8->debounce_last_pin_state == current_state 
  92:Core/u8g2/u8x8_debounce.c ****       --> keypress detected
  93:Core/u8g2/u8x8_debounce.c ****       --> State C
  94:Core/u8g2/u8x8_debounce.c ****     u8x8->debounce_last_pin_state != current_state 
  95:Core/u8g2/u8x8_debounce.c ****       --> State A
  96:Core/u8g2/u8x8_debounce.c **** 
  97:Core/u8g2/u8x8_debounce.c ****   State C
  98:Core/u8g2/u8x8_debounce.c ****     u8x8->debounce_last_pin_state == current_state 
  99:Core/u8g2/u8x8_debounce.c ****       --> State C
 100:Core/u8g2/u8x8_debounce.c ****     u8x8->debounce_last_pin_state != current_state 
 101:Core/u8g2/u8x8_debounce.c ****       --> State A
 102:Core/u8g2/u8x8_debounce.c **** 
 103:Core/u8g2/u8x8_debounce.c **** */
 104:Core/u8g2/u8x8_debounce.c **** 
 105:Core/u8g2/u8x8_debounce.c **** #ifdef __unix__xxxxxx_THIS_IS_DISABLED
 106:Core/u8g2/u8x8_debounce.c **** 
 107:Core/u8g2/u8x8_debounce.c **** #include <stdio.h>
 108:Core/u8g2/u8x8_debounce.c **** #include <stdlib.h>
 109:Core/u8g2/u8x8_debounce.c **** uint8_t u8x8_GetMenuEvent(u8x8_t *u8x8)
 110:Core/u8g2/u8x8_debounce.c **** {
 111:Core/u8g2/u8x8_debounce.c ****     int c;
 112:Core/u8g2/u8x8_debounce.c ****     c = getc(stdin);
 113:Core/u8g2/u8x8_debounce.c ****     switch(c)
 114:Core/u8g2/u8x8_debounce.c ****     {
 115:Core/u8g2/u8x8_debounce.c ****         case 'n':
 116:Core/u8g2/u8x8_debounce.c ****             return  U8X8_MSG_GPIO_MENU_NEXT;
 117:Core/u8g2/u8x8_debounce.c ****         case 'p':
 118:Core/u8g2/u8x8_debounce.c ****             return  U8X8_MSG_GPIO_MENU_PREV;
 119:Core/u8g2/u8x8_debounce.c ****         case 's':
 120:Core/u8g2/u8x8_debounce.c ****             return  U8X8_MSG_GPIO_MENU_SELECT;
 121:Core/u8g2/u8x8_debounce.c ****         case 'h':
 122:Core/u8g2/u8x8_debounce.c ****             return  U8X8_MSG_GPIO_MENU_HOME;
 123:Core/u8g2/u8x8_debounce.c ****         case 'x':
 124:Core/u8g2/u8x8_debounce.c ****             exit(0);
 125:Core/u8g2/u8x8_debounce.c ****         default:
 126:Core/u8g2/u8x8_debounce.c ****             puts("press n, p, s, h or x");
 127:Core/u8g2/u8x8_debounce.c ****             break;
 128:Core/u8g2/u8x8_debounce.c ****     }
 129:Core/u8g2/u8x8_debounce.c ****     return 0;
 130:Core/u8g2/u8x8_debounce.c **** }
 131:Core/u8g2/u8x8_debounce.c **** 
ARM GAS  C:\Users\ASUS\AppData\Local\Temp\cc2hzOPU.s 			page 6


 132:Core/u8g2/u8x8_debounce.c **** 
 133:Core/u8g2/u8x8_debounce.c **** #else  /* __unix__ */
 134:Core/u8g2/u8x8_debounce.c **** 
 135:Core/u8g2/u8x8_debounce.c **** 
 136:Core/u8g2/u8x8_debounce.c **** #define U8X8_DEBOUNCE_WAIT 2
 137:Core/u8g2/u8x8_debounce.c **** /* do debounce and return a GPIO msg which indicates the event */
 138:Core/u8g2/u8x8_debounce.c **** /* returns 0, if there is no event */
 139:Core/u8g2/u8x8_debounce.c **** #if defined(__GNUC__) && !defined(__CYGWIN__)
 140:Core/u8g2/u8x8_debounce.c **** # pragma weak  u8x8_GetMenuEvent
 141:Core/u8g2/u8x8_debounce.c **** #endif
 142:Core/u8g2/u8x8_debounce.c **** uint8_t u8x8_GetMenuEvent(u8x8_t *u8x8)
 143:Core/u8g2/u8x8_debounce.c **** {
 149              		.loc 1 143 0
 150              		.cfi_startproc
 151              		@ args = 0, pretend = 0, frame = 0
 152              		@ frame_needed = 0, uses_anonymous_args = 0
 153              	.LVL19:
 154 0000 10B5     		push	{r4, lr}
 155              	.LCFI3:
 156              		.cfi_def_cfa_offset 8
 157              		.cfi_offset 4, -8
 158              		.cfi_offset 14, -4
 159 0002 0446     		mov	r4, r0
 160              	.LVL20:
 144:Core/u8g2/u8x8_debounce.c ****   uint8_t pin_state;
 145:Core/u8g2/u8x8_debounce.c ****   uint8_t result_msg = 0;	/* invalid message, no event */
 146:Core/u8g2/u8x8_debounce.c ****   
 147:Core/u8g2/u8x8_debounce.c ****   pin_state = u8x8_read_pin_state(u8x8);
 161              		.loc 1 147 0
 162 0004 FFF7FEFF 		bl	u8x8_read_pin_state
 163              	.LVL21:
 148:Core/u8g2/u8x8_debounce.c ****   
 149:Core/u8g2/u8x8_debounce.c ****   /* States A, B, C & D are encoded in the upper 4 bit*/
 150:Core/u8g2/u8x8_debounce.c ****   switch(u8x8->debounce_state)
 164              		.loc 1 150 0
 165 0008 94F82B30 		ldrb	r3, [r4, #43]	@ zero_extendqisi2
 166 000c 102B     		cmp	r3, #16
 167 000e 14D0     		beq	.L11
 168 0010 09D9     		bls	.L22
 169 0012 202B     		cmp	r3, #32
 170 0014 20D0     		beq	.L14
 171 0016 302B     		cmp	r3, #48
 172 0018 36D1     		bne	.L10
 151:Core/u8g2/u8x8_debounce.c ****   {
 152:Core/u8g2/u8x8_debounce.c ****     case 0x00:	/* State A, default state */
 153:Core/u8g2/u8x8_debounce.c ****       if ( u8x8->debounce_default_pin_state != pin_state )
 154:Core/u8g2/u8x8_debounce.c ****       {
 155:Core/u8g2/u8x8_debounce.c **** 	//u8x8->debounce_last_pin_state = pin_state;
 156:Core/u8g2/u8x8_debounce.c **** 	u8x8->debounce_state = 0x010 + U8X8_DEBOUNCE_WAIT;
 157:Core/u8g2/u8x8_debounce.c ****       }
 158:Core/u8g2/u8x8_debounce.c ****       break;
 159:Core/u8g2/u8x8_debounce.c ****     case 0x10:	/* State B */
 160:Core/u8g2/u8x8_debounce.c ****       //if ( u8x8->debounce_last_pin_state != pin_state )
 161:Core/u8g2/u8x8_debounce.c ****       if ( u8x8->debounce_default_pin_state == pin_state )
 162:Core/u8g2/u8x8_debounce.c ****       {
 163:Core/u8g2/u8x8_debounce.c **** 	u8x8->debounce_state = 0x00;	/* back to state A */
 164:Core/u8g2/u8x8_debounce.c ****       }
ARM GAS  C:\Users\ASUS\AppData\Local\Temp\cc2hzOPU.s 			page 7


 165:Core/u8g2/u8x8_debounce.c ****       else
 166:Core/u8g2/u8x8_debounce.c ****       {
 167:Core/u8g2/u8x8_debounce.c **** 	/* keypress detected */
 168:Core/u8g2/u8x8_debounce.c **** 	u8x8->debounce_last_pin_state = pin_state;
 169:Core/u8g2/u8x8_debounce.c **** 	//result_msg = U8X8_MSG_GPIO_MENU_NEXT;
 170:Core/u8g2/u8x8_debounce.c **** 	u8x8->debounce_state = 0x020 + U8X8_DEBOUNCE_WAIT;	/* got to state C */	
 171:Core/u8g2/u8x8_debounce.c ****       }
 172:Core/u8g2/u8x8_debounce.c ****       break;
 173:Core/u8g2/u8x8_debounce.c ****       
 174:Core/u8g2/u8x8_debounce.c ****     case 0x20:	/* State C */
 175:Core/u8g2/u8x8_debounce.c ****       if ( u8x8->debounce_last_pin_state != pin_state )
 176:Core/u8g2/u8x8_debounce.c ****       {
 177:Core/u8g2/u8x8_debounce.c **** 	u8x8->debounce_state = 0x00;	/* back to state A */
 178:Core/u8g2/u8x8_debounce.c ****       }
 179:Core/u8g2/u8x8_debounce.c ****       else
 180:Core/u8g2/u8x8_debounce.c ****       {
 181:Core/u8g2/u8x8_debounce.c **** 	u8x8->debounce_state = 0x030;	/* got to state D */	
 182:Core/u8g2/u8x8_debounce.c ****       }
 183:Core/u8g2/u8x8_debounce.c ****       break;
 184:Core/u8g2/u8x8_debounce.c ****       
 185:Core/u8g2/u8x8_debounce.c ****     case 0x30:	/* State D */
 186:Core/u8g2/u8x8_debounce.c ****       /* wait until key release */
 187:Core/u8g2/u8x8_debounce.c ****       if ( u8x8->debounce_default_pin_state == pin_state )
 173              		.loc 1 187 0
 174 001a 94F82930 		ldrb	r3, [r4, #41]	@ zero_extendqisi2
 175 001e 8342     		cmp	r3, r0
 176 0020 27D0     		beq	.L23
 145:Core/u8g2/u8x8_debounce.c ****   
 177              		.loc 1 145 0
 178 0022 0020     		movs	r0, #0
 179              	.LVL22:
 180 0024 34E0     		b	.L16
 181              	.LVL23:
 182              	.L22:
 150:Core/u8g2/u8x8_debounce.c ****   {
 183              		.loc 1 150 0
 184 0026 7BBB     		cbnz	r3, .L10
 153:Core/u8g2/u8x8_debounce.c ****       {
 185              		.loc 1 153 0
 186 0028 94F82930 		ldrb	r3, [r4, #41]	@ zero_extendqisi2
 187 002c 8342     		cmp	r3, r0
 188 002e 30D0     		beq	.L19
 156:Core/u8g2/u8x8_debounce.c ****       }
 189              		.loc 1 156 0
 190 0030 1223     		movs	r3, #18
 191 0032 84F82B30 		strb	r3, [r4, #43]
 145:Core/u8g2/u8x8_debounce.c ****   
 192              		.loc 1 145 0
 193 0036 0020     		movs	r0, #0
 194              	.LVL24:
 195 0038 2AE0     		b	.L16
 196              	.LVL25:
 197              	.L11:
 161:Core/u8g2/u8x8_debounce.c ****       {
 198              		.loc 1 161 0
 199 003a 94F82930 		ldrb	r3, [r4, #41]	@ zero_extendqisi2
 200 003e 8342     		cmp	r3, r0
ARM GAS  C:\Users\ASUS\AppData\Local\Temp\cc2hzOPU.s 			page 8


 201 0040 06D0     		beq	.L24
 168:Core/u8g2/u8x8_debounce.c **** 	//result_msg = U8X8_MSG_GPIO_MENU_NEXT;
 202              		.loc 1 168 0
 203 0042 84F82A00 		strb	r0, [r4, #42]
 170:Core/u8g2/u8x8_debounce.c ****       }
 204              		.loc 1 170 0
 205 0046 2223     		movs	r3, #34
 206 0048 84F82B30 		strb	r3, [r4, #43]
 145:Core/u8g2/u8x8_debounce.c ****   
 207              		.loc 1 145 0
 208 004c 0020     		movs	r0, #0
 209              	.LVL26:
 210 004e 1FE0     		b	.L16
 211              	.LVL27:
 212              	.L24:
 163:Core/u8g2/u8x8_debounce.c ****       }
 213              		.loc 1 163 0
 214 0050 0020     		movs	r0, #0
 215              	.LVL28:
 216 0052 84F82B00 		strb	r0, [r4, #43]
 217 0056 1BE0     		b	.L16
 218              	.LVL29:
 219              	.L14:
 175:Core/u8g2/u8x8_debounce.c ****       {
 220              		.loc 1 175 0
 221 0058 94F82A30 		ldrb	r3, [r4, #42]	@ zero_extendqisi2
 222 005c 8342     		cmp	r3, r0
 223 005e 03D0     		beq	.L18
 177:Core/u8g2/u8x8_debounce.c ****       }
 224              		.loc 1 177 0
 225 0060 0020     		movs	r0, #0
 226              	.LVL30:
 227 0062 84F82B00 		strb	r0, [r4, #43]
 228 0066 13E0     		b	.L16
 229              	.LVL31:
 230              	.L18:
 181:Core/u8g2/u8x8_debounce.c ****       }
 231              		.loc 1 181 0
 232 0068 3023     		movs	r3, #48
 233 006a 84F82B30 		strb	r3, [r4, #43]
 145:Core/u8g2/u8x8_debounce.c ****   
 234              		.loc 1 145 0
 235 006e 0020     		movs	r0, #0
 236              	.LVL32:
 237 0070 0EE0     		b	.L16
 238              	.LVL33:
 239              	.L23:
 188:Core/u8g2/u8x8_debounce.c ****       {
 189:Core/u8g2/u8x8_debounce.c **** 	u8x8->debounce_state = 0x00;	/* back to state A */
 240              		.loc 1 189 0
 241 0072 0022     		movs	r2, #0
 242 0074 84F82B20 		strb	r2, [r4, #43]
 190:Core/u8g2/u8x8_debounce.c **** 	result_msg = U8X8_MSG_GPIO(u8x8_find_first_diff(u8x8->debounce_default_pin_state, u8x8->debounce_l
 243              		.loc 1 190 0
 244 0078 94F82A10 		ldrb	r1, [r4, #42]	@ zero_extendqisi2
 245 007c 1846     		mov	r0, r3
 246              	.LVL34:
ARM GAS  C:\Users\ASUS\AppData\Local\Temp\cc2hzOPU.s 			page 9


 247 007e FFF7FEFF 		bl	u8x8_find_first_diff
 248              	.LVL35:
 249 0082 5030     		adds	r0, r0, #80
 250 0084 C0B2     		uxtb	r0, r0
 251              	.LVL36:
 252 0086 03E0     		b	.L16
 253              	.LVL37:
 254              	.L10:
 191:Core/u8g2/u8x8_debounce.c ****       }
 192:Core/u8g2/u8x8_debounce.c ****       else
 193:Core/u8g2/u8x8_debounce.c ****       {
 194:Core/u8g2/u8x8_debounce.c **** 	//result_msg = U8X8_MSG_GPIO_MENU_NEXT;
 195:Core/u8g2/u8x8_debounce.c **** 	// maybe implement autorepeat here 
 196:Core/u8g2/u8x8_debounce.c ****       }
 197:Core/u8g2/u8x8_debounce.c ****       break;
 198:Core/u8g2/u8x8_debounce.c ****     default:
 199:Core/u8g2/u8x8_debounce.c ****       u8x8->debounce_state--;	/* count down, until there is a valid state */
 255              		.loc 1 199 0
 256 0088 013B     		subs	r3, r3, #1
 257 008a 84F82B30 		strb	r3, [r4, #43]
 145:Core/u8g2/u8x8_debounce.c ****   
 258              		.loc 1 145 0
 259 008e 0020     		movs	r0, #0
 260              	.LVL38:
 261              	.L16:
 200:Core/u8g2/u8x8_debounce.c ****       break;
 201:Core/u8g2/u8x8_debounce.c ****   }
 202:Core/u8g2/u8x8_debounce.c ****   return result_msg;
 203:Core/u8g2/u8x8_debounce.c **** }
 262              		.loc 1 203 0
 263 0090 10BD     		pop	{r4, pc}
 264              	.LVL39:
 265              	.L19:
 145:Core/u8g2/u8x8_debounce.c ****   
 266              		.loc 1 145 0
 267 0092 0020     		movs	r0, #0
 268              	.LVL40:
 269 0094 FCE7     		b	.L16
 270              		.cfi_endproc
 271              	.LFE2:
 273              		.text
 274              	.Letext0:
 275              		.file 2 "c:\\program files (x86)\\gnu_tools_arm_embedded\\7_2017-q4-major\\arm-none-eabi\\include\
 276              		.file 3 "c:\\program files (x86)\\gnu_tools_arm_embedded\\7_2017-q4-major\\arm-none-eabi\\include\
 277              		.file 4 "Core/u8g2/../u8g2/u8x8.h"
ARM GAS  C:\Users\ASUS\AppData\Local\Temp\cc2hzOPU.s 			page 10


DEFINED SYMBOLS
                            *ABS*:00000000 u8x8_debounce.c
C:\Users\ASUS\AppData\Local\Temp\cc2hzOPU.s:16     .text.u8x8_find_first_diff:00000000 $t
C:\Users\ASUS\AppData\Local\Temp\cc2hzOPU.s:22     .text.u8x8_find_first_diff:00000000 u8x8_find_first_diff
C:\Users\ASUS\AppData\Local\Temp\cc2hzOPU.s:75     .text.u8x8_read_pin_state:00000000 $t
C:\Users\ASUS\AppData\Local\Temp\cc2hzOPU.s:81     .text.u8x8_read_pin_state:00000000 u8x8_read_pin_state
C:\Users\ASUS\AppData\Local\Temp\cc2hzOPU.s:140    .text.u8x8_GetMenuEvent:00000000 $t
C:\Users\ASUS\AppData\Local\Temp\cc2hzOPU.s:147    .text.u8x8_GetMenuEvent:00000000 u8x8_GetMenuEvent

UNDEFINED SYMBOLS
u8x8_gpio_call
