ARM GAS  C:\Users\ASUS\AppData\Local\Temp\ccrSxUsh.s 			page 1


   1              		.cpu cortex-m3
   2              		.eabi_attribute 20, 1
   3              		.eabi_attribute 21, 1
   4              		.eabi_attribute 23, 3
   5              		.eabi_attribute 24, 1
   6              		.eabi_attribute 25, 1
   7              		.eabi_attribute 26, 1
   8              		.eabi_attribute 30, 1
   9              		.eabi_attribute 34, 1
  10              		.eabi_attribute 18, 4
  11              		.file	"u8x8_gpio.c"
  12              		.text
  13              	.Ltext0:
  14              		.cfi_sections	.debug_frame
  15              		.section	.text.u8x8_gpio_call,"ax",%progbits
  16              		.align	1
  17              		.global	u8x8_gpio_call
  18              		.syntax unified
  19              		.thumb
  20              		.thumb_func
  21              		.fpu softvfp
  23              	u8x8_gpio_call:
  24              	.LFB0:
  25              		.file 1 "Core/u8g2/u8x8_gpio.c"
   1:Core/u8g2/u8x8_gpio.c **** /*
   2:Core/u8g2/u8x8_gpio.c **** 
   3:Core/u8g2/u8x8_gpio.c ****   u8x8_gpio.c
   4:Core/u8g2/u8x8_gpio.c ****   
   5:Core/u8g2/u8x8_gpio.c ****   Universal 8bit Graphics Library (https://github.com/olikraus/u8g2/)
   6:Core/u8g2/u8x8_gpio.c **** 
   7:Core/u8g2/u8x8_gpio.c ****   Copyright (c) 2016, olikraus@gmail.com
   8:Core/u8g2/u8x8_gpio.c ****   All rights reserved.
   9:Core/u8g2/u8x8_gpio.c **** 
  10:Core/u8g2/u8x8_gpio.c ****   Redistribution and use in source and binary forms, with or without modification, 
  11:Core/u8g2/u8x8_gpio.c ****   are permitted provided that the following conditions are met:
  12:Core/u8g2/u8x8_gpio.c **** 
  13:Core/u8g2/u8x8_gpio.c ****   * Redistributions of source code must retain the above copyright notice, this list 
  14:Core/u8g2/u8x8_gpio.c ****     of conditions and the following disclaimer.
  15:Core/u8g2/u8x8_gpio.c ****     
  16:Core/u8g2/u8x8_gpio.c ****   * Redistributions in binary form must reproduce the above copyright notice, this 
  17:Core/u8g2/u8x8_gpio.c ****     list of conditions and the following disclaimer in the documentation and/or other 
  18:Core/u8g2/u8x8_gpio.c ****     materials provided with the distribution.
  19:Core/u8g2/u8x8_gpio.c **** 
  20:Core/u8g2/u8x8_gpio.c ****   THIS SOFTWARE IS PROVIDED BY THE COPYRIGHT HOLDERS AND 
  21:Core/u8g2/u8x8_gpio.c ****   CONTRIBUTORS "AS IS" AND ANY EXPRESS OR IMPLIED WARRANTIES, 
  22:Core/u8g2/u8x8_gpio.c ****   INCLUDING, BUT NOT LIMITED TO, THE IMPLIED WARRANTIES OF 
  23:Core/u8g2/u8x8_gpio.c ****   MERCHANTABILITY AND FITNESS FOR A PARTICULAR PURPOSE ARE 
  24:Core/u8g2/u8x8_gpio.c ****   DISCLAIMED. IN NO EVENT SHALL THE COPYRIGHT HOLDER OR 
  25:Core/u8g2/u8x8_gpio.c ****   CONTRIBUTORS BE LIABLE FOR ANY DIRECT, INDIRECT, INCIDENTAL, 
  26:Core/u8g2/u8x8_gpio.c ****   SPECIAL, EXEMPLARY, OR CONSEQUENTIAL DAMAGES (INCLUDING, BUT 
  27:Core/u8g2/u8x8_gpio.c ****   NOT LIMITED TO, PROCUREMENT OF SUBSTITUTE GOODS OR SERVICES; 
  28:Core/u8g2/u8x8_gpio.c ****   LOSS OF USE, DATA, OR PROFITS; OR BUSINESS INTERRUPTION) HOWEVER 
  29:Core/u8g2/u8x8_gpio.c ****   CAUSED AND ON ANY THEORY OF LIABILITY, WHETHER IN CONTRACT, 
  30:Core/u8g2/u8x8_gpio.c ****   STRICT LIABILITY, OR TORT (INCLUDING NEGLIGENCE OR OTHERWISE) 
  31:Core/u8g2/u8x8_gpio.c ****   ARISING IN ANY WAY OUT OF THE USE OF THIS SOFTWARE, EVEN IF 
  32:Core/u8g2/u8x8_gpio.c ****   ADVISED OF THE POSSIBILITY OF SUCH DAMAGE.  
  33:Core/u8g2/u8x8_gpio.c **** 
ARM GAS  C:\Users\ASUS\AppData\Local\Temp\ccrSxUsh.s 			page 2


  34:Core/u8g2/u8x8_gpio.c **** */
  35:Core/u8g2/u8x8_gpio.c **** 
  36:Core/u8g2/u8x8_gpio.c **** 
  37:Core/u8g2/u8x8_gpio.c **** #include "../u8g2/u8x8.h"
  38:Core/u8g2/u8x8_gpio.c **** 
  39:Core/u8g2/u8x8_gpio.c **** 
  40:Core/u8g2/u8x8_gpio.c **** void u8x8_gpio_call(u8x8_t *u8x8, uint8_t msg, uint8_t arg)
  41:Core/u8g2/u8x8_gpio.c **** {
  26              		.loc 1 41 0
  27              		.cfi_startproc
  28              		@ args = 0, pretend = 0, frame = 0
  29              		@ frame_needed = 0, uses_anonymous_args = 0
  30              	.LVL0:
  31 0000 10B5     		push	{r4, lr}
  32              	.LCFI0:
  33              		.cfi_def_cfa_offset 8
  34              		.cfi_offset 4, -8
  35              		.cfi_offset 14, -4
  42:Core/u8g2/u8x8_gpio.c ****   u8x8->gpio_and_delay_cb(u8x8, msg, arg, NULL);
  36              		.loc 1 42 0
  37 0002 4469     		ldr	r4, [r0, #20]
  38 0004 0023     		movs	r3, #0
  39 0006 A047     		blx	r4
  40              	.LVL1:
  43:Core/u8g2/u8x8_gpio.c **** }
  41              		.loc 1 43 0
  42 0008 10BD     		pop	{r4, pc}
  43              		.cfi_endproc
  44              	.LFE0:
  46              		.text
  47              	.Letext0:
  48              		.file 2 "c:\\program files (x86)\\gnu_tools_arm_embedded\\7_2017-q4-major\\arm-none-eabi\\include\
  49              		.file 3 "c:\\program files (x86)\\gnu_tools_arm_embedded\\7_2017-q4-major\\arm-none-eabi\\include\
  50              		.file 4 "Core/u8g2/../u8g2/u8x8.h"
ARM GAS  C:\Users\ASUS\AppData\Local\Temp\ccrSxUsh.s 			page 3


DEFINED SYMBOLS
                            *ABS*:00000000 u8x8_gpio.c
C:\Users\ASUS\AppData\Local\Temp\ccrSxUsh.s:16     .text.u8x8_gpio_call:00000000 $t
C:\Users\ASUS\AppData\Local\Temp\ccrSxUsh.s:23     .text.u8x8_gpio_call:00000000 u8x8_gpio_call

NO UNDEFINED SYMBOLS
